#
# There is insufficient memory for the Java Runtime Environment to continue.
# Native memory allocation (malloc) failed to allocate 2533360 bytes for Chunk::new
# Possible reasons:
#   The system is out of physical RAM or swap space
#   The process is running with CompressedOops enabled, and the Java Heap may be blocking the growth of the native heap
# Possible solutions:
#   Reduce memory load on the system
#   Increase physical memory or swap space
#   Check if swap backing store is full
#   Decrease Java heap size (-Xmx/-Xms)
#   Decrease number of Java threads
#   Decrease Java thread stack sizes (-Xss)
#   Set larger code cache with -XX:ReservedCodeCacheSize=
#   JVM is running with Unscaled Compressed Oops mode in which the Java heap is
#     placed in the first 4GB address space. The Java Heap base address is the
#     maximum limit for the native heap growth. Please use -XX:HeapBaseMinAddress
#     to set the Java Heap base and to place the Java Heap above 4GB virtual address.
# This output file may be truncated or incomplete.
#
#  Out of Memory Error (arena.cpp:189), pid=6372, tid=28512
#
# JRE version: Java(TM) SE Runtime Environment (17.0.9+11) (build 17.0.9+11-LTS-201)
# Java VM: Java HotSpot(TM) 64-Bit Server VM (17.0.9+11-LTS-201, mixed mode, sharing, tiered, compressed oops, compressed class ptrs, g1 gc, windows-amd64)
# No core dump will be written. Minidumps are not enabled by default on client versions of Windows
#

---------------  S U M M A R Y ------------

Command Line: --add-opens=java.base/java.lang=ALL-UNNAMED --add-opens=java.base/java.lang.invoke=ALL-UNNAMED --add-opens=java.base/java.util=ALL-UNNAMED --add-opens=java.prefs/java.util.prefs=ALL-UNNAMED --add-exports=jdk.compiler/com.sun.tools.javac.api=ALL-UNNAMED --add-exports=jdk.compiler/com.sun.tools.javac.util=ALL-UNNAMED --add-opens=java.base/java.util=ALL-UNNAMED --add-opens=java.prefs/java.util.prefs=ALL-UNNAMED --add-opens=java.base/java.nio.charset=ALL-UNNAMED --add-opens=java.base/java.net=ALL-UNNAMED --add-opens=java.base/java.util.concurrent.atomic=ALL-UNNAMED --add-opens=java.xml/javax.xml.namespace=ALL-UNNAMED -Xmx2048m -Dfile.encoding=UTF-8 -Duser.country=US -Duser.language=en -Duser.variant -javaagent:C:\Users\Laptop K1\.gradle\wrapper\dists\gradle-8.13-bin\5xuhj0ry160q40clulazy9h7d\gradle-8.13\lib\agents\gradle-instrumentation-agent-8.13.jar org.gradle.launcher.daemon.bootstrap.GradleDaemon 8.13

Host: 11th Gen Intel(R) Core(TM) i7-11800H @ 2.30GHz, 16 cores, 15G,  Windows 11 , 64 bit Build 26100 (10.0.26100.6725)
Time: Thu Nov  6 13:50:43 2025 SE Asia Standard Time elapsed time: 8.730585 seconds (0d 0h 0m 8s)

---------------  T H R E A D  ---------------

Current thread (0x000001d5ccc84dc0):  JavaThread "C2 CompilerThread2" daemon [_thread_in_native, id=28512, stack(0x000000886d800000,0x000000886d900000)]


Current CompileTask:
C2:   8730 10006       4       java.beans.Introspector::addMethod (196 bytes)

Stack: [0x000000886d800000,0x000000886d900000]
Native frames: (J=compiled Java code, j=interpreted, Vv=VM code, C=native code)
V  [jvm.dll+0x678a4a]
V  [jvm.dll+0x7d9cfd]
V  [jvm.dll+0x7db60e]
V  [jvm.dll+0x7dbc73]
V  [jvm.dll+0x245e1f]
V  [jvm.dll+0xaaafb]
V  [jvm.dll+0xab09c]
V  [jvm.dll+0x36237e]
V  [jvm.dll+0x32ca01]
V  [jvm.dll+0x32be9a]
V  [jvm.dll+0x21812f]
V  [jvm.dll+0x217561]
V  [jvm.dll+0x1a3bc0]
V  [jvm.dll+0x2272de]
V  [jvm.dll+0x22548b]
V  [jvm.dll+0x78f58c]
V  [jvm.dll+0x78998a]
V  [jvm.dll+0x677875]
C  [ucrtbase.dll+0x37b0]
C  [KERNEL32.DLL+0x2e8d7]
C  [ntdll.dll+0x8c53c]


---------------  P R O C E S S  ---------------

Threads class SMR info:
_java_thread_list=0x000001d5cb4e7420, length=93, elements={
0x000001d5dfd57700, 0x000001d580ac3950, 0x000001d580a73710, 0x000001d580acf200,
0x000001d580ad1ae0, 0x000001d580ad23b0, 0x000001d580ad2c80, 0x000001d580ad3880,
0x000001d580aeaac0, 0x000001d580af33e0, 0x000001d580befce0, 0x000001d580bf5090,
0x000001d580bf5b30, 0x000001d580cda610, 0x000001d580bf65d0, 0x000001d5c8c5b850,
0x000001d5c7f6b840, 0x000001d5c65cb640, 0x000001d5c7f6d980, 0x000001d5c7f6c540,
0x000001d5c7f6d470, 0x000001d5c7f6c030, 0x000001d5c7f6ca50, 0x000001d5c7f6cf60,
0x000001d5c8fc0b90, 0x000001d5c8fc0170, 0x000001d5c8fc2f00, 0x000001d5c8fc1fd0,
0x000001d5c8fc3410, 0x000001d5c8fc1ac0, 0x000001d5c8fc3e30, 0x000001d5c8fc4340,
0x000001d5c8fc15b0, 0x000001d5c8fc5270, 0x000001d5c8fc5780, 0x000001d5c8fc61a0,
0x000001d5c8fc75e0, 0x000001d5c8fc7af0, 0x000001d5ccc4faf0, 0x000001d5ccc85310,
0x000001d5ccc84dc0, 0x000001d5ccc87840, 0x000001d5ccc4ebc0, 0x000001d5ccc4e1a0,
0x000001d5ccc50000, 0x000001d5ccc4f0d0, 0x000001d5ccc50510, 0x000001d5ccc50a20,
0x000001d5ccc4f5e0, 0x000001d5ccc50f30, 0x000001d5ccc51440, 0x000001d5ccc4dc90,
0x000001d5ccc55100, 0x000001d5ccc52370, 0x000001d5ccc51950, 0x000001d5ccc546e0,
0x000001d5ccc54bf0, 0x000001d5ccc541d0, 0x000001d5ccc52d90, 0x000001d5ccc53cc0,
0x000001d5ccc55610, 0x000001d5ccc537b0, 0x000001d5ccc51e60, 0x000001d5ccc52880,
0x000001d5ccc532a0, 0x000001d5c71b27d0, 0x000001d5c71b3700, 0x000001d5c71b3c10,
0x000001d5c71b31f0, 0x000001d5c71b4120, 0x000001d5c71b22c0, 0x000001d5c71b4630,
0x000001d5c71b18a0, 0x000001d5c71b4b40, 0x000001d5c71b5050, 0x000001d5c71b5560,
0x000001d5c71b1db0, 0x000001d5c71b8d10, 0x000001d5c71b78d0, 0x000001d5c71b7de0,
0x000001d5c71b6490, 0x000001d5c71b73c0, 0x000001d5c71b9220, 0x000001d5c71b69a0,
0x000001d5c71b82f0, 0x000001d5c71b8800, 0x000001d5c71b5a70, 0x000001d5ccc87d90,
0x000001d5c7648920, 0x000001d5c76465b0, 0x000001d5c7649340, 0x000001d5c7646fd0,
0x000001d5c7646ac0
}

Java Threads: ( => current thread )
  0x000001d5dfd57700 JavaThread "main" [_thread_blocked, id=10932, stack(0x000000886c200000,0x000000886c300000)]
  0x000001d580ac3950 JavaThread "Reference Handler" daemon [_thread_blocked, id=2324, stack(0x000000886c900000,0x000000886ca00000)]
  0x000001d580a73710 JavaThread "Finalizer" daemon [_thread_blocked, id=21092, stack(0x000000886ca00000,0x000000886cb00000)]
  0x000001d580acf200 JavaThread "Signal Dispatcher" daemon [_thread_blocked, id=6316, stack(0x000000886cb00000,0x000000886cc00000)]
  0x000001d580ad1ae0 JavaThread "Attach Listener" daemon [_thread_blocked, id=25572, stack(0x000000886cc00000,0x000000886cd00000)]
  0x000001d580ad23b0 JavaThread "Service Thread" daemon [_thread_blocked, id=25348, stack(0x000000886cd00000,0x000000886ce00000)]
  0x000001d580ad2c80 JavaThread "Monitor Deflation Thread" daemon [_thread_blocked, id=6404, stack(0x000000886ce00000,0x000000886cf00000)]
  0x000001d580ad3880 JavaThread "C2 CompilerThread0" daemon [_thread_in_native, id=18284, stack(0x000000886cf00000,0x000000886d000000)]
  0x000001d580aeaac0 JavaThread "C1 CompilerThread0" daemon [_thread_blocked, id=1420, stack(0x000000886d000000,0x000000886d100000)]
  0x000001d580af33e0 JavaThread "Sweeper thread" daemon [_thread_blocked, id=13780, stack(0x000000886d100000,0x000000886d200000)]
  0x000001d580befce0 JavaThread "Common-Cleaner" daemon [_thread_blocked, id=26904, stack(0x000000886d200000,0x000000886d300000)]
  0x000001d580bf5090 JavaThread "C1 CompilerThread1" daemon [_thread_blocked, id=11472, stack(0x000000886d300000,0x000000886d400000)]
  0x000001d580bf5b30 JavaThread "C1 CompilerThread2" daemon [_thread_blocked, id=4436, stack(0x000000886d400000,0x000000886d500000)]
  0x000001d580cda610 JavaThread "Notification Thread" daemon [_thread_blocked, id=27908, stack(0x000000886d600000,0x000000886d700000)]
  0x000001d580bf65d0 JavaThread "C1 CompilerThread3" daemon [_thread_blocked, id=4348, stack(0x000000886e100000,0x000000886e200000)]
  0x000001d5c8c5b850 JavaThread "Daemon health stats" [_thread_blocked, id=20764, stack(0x000000886da00000,0x000000886db00000)]
  0x000001d5c7f6b840 JavaThread "Incoming local TCP Connector on port 54143" [_thread_in_native, id=21888, stack(0x000000886db00000,0x000000886dc00000)]
  0x000001d5c65cb640 JavaThread "Daemon periodic checks" [_thread_blocked, id=14548, stack(0x000000886e200000,0x000000886e300000)]
  0x000001d5c7f6d980 JavaThread "Daemon" [_thread_blocked, id=27916, stack(0x000000886e300000,0x000000886e400000)]
  0x000001d5c7f6c540 JavaThread "Handler for socket connection from /127.0.0.1:54143 to /127.0.0.1:54144" [_thread_in_native, id=1948, stack(0x000000886e400000,0x000000886e500000)]
  0x000001d5c7f6d470 JavaThread "Cancel handler" [_thread_blocked, id=16972, stack(0x000000886e500000,0x000000886e600000)]
  0x000001d5c7f6c030 JavaThread "Daemon worker" [_thread_in_Java, id=5480, stack(0x000000886e600000,0x000000886e700000)]
  0x000001d5c7f6ca50 JavaThread "Asynchronous log dispatcher for DefaultDaemonConnection: socket connection from /127.0.0.1:54143 to /127.0.0.1:54144" [_thread_blocked, id=8800, stack(0x000000886e700000,0x000000886e800000)]
  0x000001d5c7f6cf60 JavaThread "Stdin handler" [_thread_blocked, id=21400, stack(0x000000886e800000,0x000000886e900000)]
  0x000001d5c8fc0b90 JavaThread "Daemon client event forwarder" [_thread_blocked, id=19740, stack(0x000000886e900000,0x000000886ea00000)]
  0x000001d5c8fc0170 JavaThread "Cache worker for journal cache (C:\Users\Laptop K1\.gradle\caches\journal-1)" [_thread_blocked, id=6164, stack(0x000000886ea00000,0x000000886eb00000)]
  0x000001d5c8fc2f00 JavaThread "File lock request listener" [_thread_in_native, id=25700, stack(0x000000886eb00000,0x000000886ec00000)]
  0x000001d5c8fc1fd0 JavaThread "Cache worker for file hash cache (C:\Users\Laptop K1\.gradle\caches\8.13\fileHashes)" [_thread_blocked, id=28308, stack(0x000000886ec00000,0x000000886ed00000)]
  0x000001d5c8fc3410 JavaThread "Cache worker for file hash cache (E:\HocTap\Ky8\PRM392\AppThiLaiXe\.gradle\8.13\fileHashes)" [_thread_blocked, id=13584, stack(0x000000886ed00000,0x000000886ee00000)]
  0x000001d5c8fc1ac0 JavaThread "Cache worker for Build Output Cleanup Cache (E:\HocTap\Ky8\PRM392\AppThiLaiXe\.gradle\buildOutputCleanup)" [_thread_blocked, id=18724, stack(0x000000886ee00000,0x000000886ef00000)]
  0x000001d5c8fc3e30 JavaThread "File watcher server" daemon [_thread_in_native, id=4100, stack(0x000000886f800000,0x000000886f900000)]
  0x000001d5c8fc4340 JavaThread "File watcher consumer" daemon [_thread_blocked, id=4812, stack(0x000000886f900000,0x000000886fa00000)]
  0x000001d5c8fc15b0 JavaThread "jar transforms" [_thread_blocked, id=11240, stack(0x000000886fc00000,0x000000886fd00000)]
  0x000001d5c8fc5270 JavaThread "Cache worker for checksums cache (E:\HocTap\Ky8\PRM392\AppThiLaiXe\.gradle\8.13\checksums)" [_thread_blocked, id=19124, stack(0x000000886fd00000,0x000000886fe00000)]
  0x000001d5c8fc5780 JavaThread "Cache worker for file content cache (C:\Users\Laptop K1\.gradle\caches\8.13\fileContent)" [_thread_blocked, id=17924, stack(0x000000886fe00000,0x000000886ff00000)]
  0x000001d5c8fc61a0 JavaThread "Cache worker for cache directory md-supplier (C:\Users\Laptop K1\.gradle\caches\8.13\md-supplier)" [_thread_blocked, id=8496, stack(0x000000886ff00000,0x0000008870000000)]
  0x000001d5c8fc75e0 JavaThread "Cache worker for cache directory md-rule (C:\Users\Laptop K1\.gradle\caches\8.13\md-rule)" [_thread_blocked, id=19076, stack(0x0000008870000000,0x0000008870100000)]
  0x000001d5c8fc7af0 JavaThread "jar transforms Thread 2" [_thread_blocked, id=25172, stack(0x0000008870100000,0x0000008870200000)]
  0x000001d5ccc4faf0 JavaThread "jar transforms Thread 3" [_thread_blocked, id=8408, stack(0x000000886fb00000,0x000000886fc00000)]
  0x000001d5ccc85310 JavaThread "C2 CompilerThread1" daemon [_thread_in_native, id=24732, stack(0x000000886d500000,0x000000886d600000)]
=>0x000001d5ccc84dc0 JavaThread "C2 CompilerThread2" daemon [_thread_in_native, id=28512, stack(0x000000886d800000,0x000000886d900000)]
  0x000001d5ccc87840 JavaThread "C2 CompilerThread3" daemon [_thread_in_native, id=26900, stack(0x000000886d900000,0x000000886da00000)]
  0x000001d5ccc4ebc0 JavaThread "Unconstrained build operations" [_thread_blocked, id=24776, stack(0x000000886fa00000,0x000000886fb00000)]
  0x000001d5ccc4e1a0 JavaThread "Unconstrained build operations Thread 2" [_thread_blocked, id=26448, stack(0x0000008870300000,0x0000008870400000)]
  0x000001d5ccc50000 JavaThread "Unconstrained build operations Thread 3" [_thread_blocked, id=20616, stack(0x0000008870400000,0x0000008870500000)]
  0x000001d5ccc4f0d0 JavaThread "Unconstrained build operations Thread 4" [_thread_blocked, id=20520, stack(0x0000008870500000,0x0000008870600000)]
  0x000001d5ccc50510 JavaThread "Unconstrained build operations Thread 5" [_thread_blocked, id=1648, stack(0x0000008870600000,0x0000008870700000)]
  0x000001d5ccc50a20 JavaThread "Unconstrained build operations Thread 6" [_thread_blocked, id=16248, stack(0x0000008870700000,0x0000008870800000)]
  0x000001d5ccc4f5e0 JavaThread "Unconstrained build operations Thread 7" [_thread_blocked, id=5288, stack(0x0000008870800000,0x0000008870900000)]
  0x000001d5ccc50f30 JavaThread "Unconstrained build operations Thread 8" [_thread_blocked, id=17340, stack(0x0000008870900000,0x0000008870a00000)]
  0x000001d5ccc51440 JavaThread "Unconstrained build operations Thread 9" [_thread_blocked, id=9516, stack(0x0000008870a00000,0x0000008870b00000)]
  0x000001d5ccc4dc90 JavaThread "Unconstrained build operations Thread 10" [_thread_blocked, id=26212, stack(0x0000008870b00000,0x0000008870c00000)]
  0x000001d5ccc55100 JavaThread "Unconstrained build operations Thread 11" [_thread_blocked, id=24000, stack(0x0000008870c00000,0x0000008870d00000)]
  0x000001d5ccc52370 JavaThread "Unconstrained build operations Thread 12" [_thread_blocked, id=14916, stack(0x0000008870d00000,0x0000008870e00000)]
  0x000001d5ccc51950 JavaThread "Unconstrained build operations Thread 13" [_thread_blocked, id=5968, stack(0x0000008870e00000,0x0000008870f00000)]
  0x000001d5ccc546e0 JavaThread "Unconstrained build operations Thread 14" [_thread_blocked, id=11400, stack(0x0000008870f00000,0x0000008871000000)]
  0x000001d5ccc54bf0 JavaThread "Unconstrained build operations Thread 15" [_thread_blocked, id=4796, stack(0x0000008871000000,0x0000008871100000)]
  0x000001d5ccc541d0 JavaThread "Unconstrained build operations Thread 16" [_thread_blocked, id=11680, stack(0x0000008871100000,0x0000008871200000)]
  0x000001d5ccc52d90 JavaThread "Unconstrained build operations Thread 17" [_thread_blocked, id=14372, stack(0x0000008871200000,0x0000008871300000)]
  0x000001d5ccc53cc0 JavaThread "Unconstrained build operations Thread 18" [_thread_blocked, id=28156, stack(0x0000008871300000,0x0000008871400000)]
  0x000001d5ccc55610 JavaThread "Unconstrained build operations Thread 19" [_thread_blocked, id=3492, stack(0x0000008871400000,0x0000008871500000)]
  0x000001d5ccc537b0 JavaThread "Unconstrained build operations Thread 20" [_thread_blocked, id=28496, stack(0x0000008871500000,0x0000008871600000)]
  0x000001d5ccc51e60 JavaThread "Unconstrained build operations Thread 21" [_thread_blocked, id=8148, stack(0x0000008871600000,0x0000008871700000)]
  0x000001d5ccc52880 JavaThread "Unconstrained build operations Thread 22" [_thread_blocked, id=8220, stack(0x0000008871700000,0x0000008871800000)]
  0x000001d5ccc532a0 JavaThread "Unconstrained build operations Thread 23" [_thread_blocked, id=27364, stack(0x0000008871800000,0x0000008871900000)]
  0x000001d5c71b27d0 JavaThread "Unconstrained build operations Thread 24" [_thread_blocked, id=6924, stack(0x0000008871900000,0x0000008871a00000)]
  0x000001d5c71b3700 JavaThread "Unconstrained build operations Thread 25" [_thread_blocked, id=10792, stack(0x0000008871a00000,0x0000008871b00000)]
  0x000001d5c71b3c10 JavaThread "Unconstrained build operations Thread 26" [_thread_blocked, id=26776, stack(0x0000008871b00000,0x0000008871c00000)]
  0x000001d5c71b31f0 JavaThread "Unconstrained build operations Thread 27" [_thread_blocked, id=17600, stack(0x0000008871c00000,0x0000008871d00000)]
  0x000001d5c71b4120 JavaThread "Unconstrained build operations Thread 28" [_thread_blocked, id=12836, stack(0x0000008871d00000,0x0000008871e00000)]
  0x000001d5c71b22c0 JavaThread "Unconstrained build operations Thread 29" [_thread_blocked, id=18400, stack(0x0000008871e00000,0x0000008871f00000)]
  0x000001d5c71b4630 JavaThread "Unconstrained build operations Thread 30" [_thread_blocked, id=1856, stack(0x0000008871f00000,0x0000008872000000)]
  0x000001d5c71b18a0 JavaThread "Unconstrained build operations Thread 31" [_thread_blocked, id=27080, stack(0x0000008872000000,0x0000008872100000)]
  0x000001d5c71b4b40 JavaThread "Unconstrained build operations Thread 32" [_thread_blocked, id=8476, stack(0x0000008872100000,0x0000008872200000)]
  0x000001d5c71b5050 JavaThread "Unconstrained build operations Thread 33" [_thread_blocked, id=1860, stack(0x0000008872200000,0x0000008872300000)]
  0x000001d5c71b5560 JavaThread "Unconstrained build operations Thread 34" [_thread_blocked, id=26016, stack(0x0000008872300000,0x0000008872400000)]
  0x000001d5c71b1db0 JavaThread "Unconstrained build operations Thread 35" [_thread_blocked, id=20748, stack(0x0000008872400000,0x0000008872500000)]
  0x000001d5c71b8d10 JavaThread "Unconstrained build operations Thread 36" [_thread_blocked, id=18316, stack(0x0000008872500000,0x0000008872600000)]
  0x000001d5c71b78d0 JavaThread "Unconstrained build operations Thread 37" [_thread_blocked, id=25912, stack(0x0000008872600000,0x0000008872700000)]
  0x000001d5c71b7de0 JavaThread "Unconstrained build operations Thread 38" [_thread_blocked, id=22372, stack(0x0000008872700000,0x0000008872800000)]
  0x000001d5c71b6490 JavaThread "Unconstrained build operations Thread 39" [_thread_blocked, id=19132, stack(0x0000008872800000,0x0000008872900000)]
  0x000001d5c71b73c0 JavaThread "Unconstrained build operations Thread 40" [_thread_blocked, id=2188, stack(0x0000008872900000,0x0000008872a00000)]
  0x000001d5c71b9220 JavaThread "Unconstrained build operations Thread 41" [_thread_blocked, id=21036, stack(0x0000008872a00000,0x0000008872b00000)]
  0x000001d5c71b69a0 JavaThread "Unconstrained build operations Thread 42" [_thread_blocked, id=27032, stack(0x0000008872b00000,0x0000008872c00000)]
  0x000001d5c71b82f0 JavaThread "Unconstrained build operations Thread 43" [_thread_blocked, id=25992, stack(0x0000008872c00000,0x0000008872d00000)]
  0x000001d5c71b8800 JavaThread "Unconstrained build operations Thread 44" [_thread_blocked, id=25544, stack(0x0000008872d00000,0x0000008872e00000)]
  0x000001d5c71b5a70 JavaThread "Unconstrained build operations Thread 45" [_thread_blocked, id=28168, stack(0x0000008872e00000,0x0000008872f00000)]
  0x000001d5ccc87d90 JavaThread "C2 CompilerThread4" daemon [_thread_in_native, id=4676, stack(0x0000008872f00000,0x0000008873000000)]
  0x000001d5c7648920 JavaThread "jar transforms Thread 4" [_thread_blocked, id=22264, stack(0x0000008873300000,0x0000008873400000)]
  0x000001d5c76465b0 JavaThread "jar transforms Thread 5" [_thread_blocked, id=12640, stack(0x0000008873400000,0x0000008873500000)]
  0x000001d5c7649340 JavaThread "Memory manager" [_thread_blocked, id=9552, stack(0x0000008873100000,0x0000008873200000)]
  0x000001d5c7646fd0 JavaThread "jar transforms Thread 6" [_thread_blocked, id=10104, stack(0x0000008873000000,0x0000008873100000)]
  0x000001d5c7646ac0 JavaThread "Problems report writer" [_thread_blocked, id=2832, stack(0x0000008873200000,0x0000008873300000)]

Other Threads:
  0x000001d580ac2010 VMThread "VM Thread" [stack: 0x000000886c800000,0x000000886c900000] [id=8168]
  0x000001d580d71740 WatcherThread [stack: 0x000000886d700000,0x000000886d800000] [id=26064]
  0x000001d5dfdb2930 GCTaskThread "GC Thread#0" [stack: 0x000000886c300000,0x000000886c400000] [id=28652]
  0x000001d580da5c90 GCTaskThread "GC Thread#1" [stack: 0x000000886dc00000,0x000000886dd00000] [id=18912]
  0x000001d580da6fd0 GCTaskThread "GC Thread#2" [stack: 0x000000886dd00000,0x000000886de00000] [id=27700]
  0x000001d580da5710 GCTaskThread "GC Thread#3" [stack: 0x000000886de00000,0x000000886df00000] [id=8872]
  0x000001d580da5450 GCTaskThread "GC Thread#4" [stack: 0x000000886df00000,0x000000886e000000] [id=6052]
  0x000001d580da64d0 GCTaskThread "GC Thread#5" [stack: 0x000000886e000000,0x000000886e100000] [id=10580]
  0x000001d5c96f95e0 GCTaskThread "GC Thread#6" [stack: 0x000000886ef00000,0x000000886f000000] [id=19444]
  0x000001d5c96fa3a0 GCTaskThread "GC Thread#7" [stack: 0x000000886f000000,0x000000886f100000] [id=18196]
  0x000001d5c96fb9a0 GCTaskThread "GC Thread#8" [stack: 0x000000886f100000,0x000000886f200000] [id=9356]
  0x000001d5c96faea0 GCTaskThread "GC Thread#9" [stack: 0x000000886f200000,0x000000886f300000] [id=24844]
  0x000001d5c96fcce0 GCTaskThread "GC Thread#10" [stack: 0x000000886f300000,0x000000886f400000] [id=11748]
  0x000001d5c96fa920 GCTaskThread "GC Thread#11" [stack: 0x000000886f400000,0x000000886f500000] [id=26848]
  0x000001d5c96fca20 GCTaskThread "GC Thread#12" [stack: 0x000000886f500000,0x000000886f600000] [id=26040]
  0x000001d5dfdc6480 ConcurrentGCThread "G1 Main Marker" [stack: 0x000000886c400000,0x000000886c500000] [id=540]
  0x000001d5dfdc7540 ConcurrentGCThread "G1 Conc#0" [stack: 0x000000886c500000,0x000000886c600000] [id=22812]
  0x000001d5c96fa0e0 ConcurrentGCThread "G1 Conc#1" [stack: 0x000000886f600000,0x000000886f700000] [id=14808]
  0x000001d5c96f9b60 ConcurrentGCThread "G1 Conc#2" [stack: 0x000000886f700000,0x000000886f800000] [id=16952]
  0x000001d5dfe1ec60 ConcurrentGCThread "G1 Refine#0" [stack: 0x000000886c600000,0x000000886c700000] [id=20128]
  0x000001d580927f20 ConcurrentGCThread "G1 Service" [stack: 0x000000886c700000,0x000000886c800000] [id=20392]

Threads with active compile tasks:
C2 CompilerThread0     8752 10060       4       org.gradle.internal.instantiation.generator.AbstractClassGenerator::inspectType (602 bytes)
C2 CompilerThread1     8752 10018       4       com.sun.beans.TypeResolver::resolve (37 bytes)
C2 CompilerThread2     8752 10006       4       java.beans.Introspector::addMethod (196 bytes)
C2 CompilerThread3     8752 9980   !   4       org.codehaus.groovy.reflection.stdclasses.CachedSAMClass::hasUsableImplementation (72 bytes)
C2 CompilerThread4     8752 10008   !   4       com.sun.beans.TypeResolver::resolve (261 bytes)

VM state: not at safepoint (normal execution)

VM Mutex/Monitor currently owned by a thread:  ([mutex/lock_event])
[0x000001d5dfd44c30] CodeCache_lock - owner thread: 0x0000000000000000

Heap address: 0x0000000080000000, size: 2048 MB, Compressed Oops mode: 32-bit

CDS archive(s) mapped at: [0x000001d581000000-0x000001d581bd0000-0x000001d581bd0000), size 12386304, SharedBaseAddress: 0x000001d581000000, ArchiveRelocationMode: 1.
Compressed class space mapped at: 0x000001d582000000-0x000001d5c2000000, reserved size: 1073741824
Narrow klass base: 0x000001d581000000, Narrow klass shift: 0, Narrow klass range: 0x100000000

GC Precious Log:
 CPUs: 16 total, 16 available
 Memory: 16167M
 Large Page Support: Disabled
 NUMA Support: Disabled
 Compressed Oops: Enabled (32-bit)
 Heap Region Size: 1M
 Heap Min Capacity: 8M
 Heap Initial Capacity: 254M
 Heap Max Capacity: 2G
 Pre-touch: Disabled
 Parallel Workers: 13
 Concurrent Workers: 3
 Concurrent Refinement Workers: 13
 Periodic GC: Disabled

Heap:
 garbage-first heap   total 221184K, used 155590K [0x0000000080000000, 0x0000000100000000)
  region size 1024K, 84 young (86016K), 2 survivors (2048K)
 Metaspace       used 71928K, committed 72576K, reserved 1114112K
  class space    used 9623K, committed 9920K, reserved 1048576K

Heap Regions: E=young(eden), S=young(survivor), O=old, HS=humongous(starts), HC=humongous(continues), CS=collection set, F=free, OA=open archive, CA=closed archive, TAMS=top-at-mark-start (previous, next)
|   0|0x0000000080000000, 0x0000000080100000, 0x0000000080100000|100%|HS|  |TAMS 0x0000000080100000, 0x0000000080000000| Complete 
|   1|0x0000000080100000, 0x0000000080200000, 0x0000000080200000|100%|HC|  |TAMS 0x0000000080200000, 0x0000000080100000| Complete 
|   2|0x0000000080200000, 0x0000000080300000, 0x0000000080300000|100%|HC|  |TAMS 0x0000000080300000, 0x0000000080200000| Complete 
|   3|0x0000000080300000, 0x0000000080400000, 0x0000000080400000|100%| O|  |TAMS 0x0000000080400000, 0x0000000080300000| Untracked 
|   4|0x0000000080400000, 0x0000000080500000, 0x0000000080500000|100%| O|  |TAMS 0x0000000080500000, 0x0000000080400000| Untracked 
|   5|0x0000000080500000, 0x0000000080600000, 0x0000000080600000|100%| O|  |TAMS 0x0000000080600000, 0x0000000080500000| Untracked 
|   6|0x0000000080600000, 0x0000000080700000, 0x0000000080700000|100%| O|  |TAMS 0x0000000080700000, 0x0000000080600000| Untracked 
|   7|0x0000000080700000, 0x0000000080800000, 0x0000000080800000|100%|HS|  |TAMS 0x0000000080800000, 0x0000000080700000| Complete 
|   8|0x0000000080800000, 0x0000000080900000, 0x0000000080900000|100%| O|  |TAMS 0x0000000080900000, 0x0000000080800000| Untracked 
|   9|0x0000000080900000, 0x0000000080a00000, 0x0000000080a00000|100%| O|  |TAMS 0x0000000080a00000, 0x0000000080900000| Untracked 
|  10|0x0000000080a00000, 0x0000000080b00000, 0x0000000080b00000|100%| O|  |TAMS 0x0000000080b00000, 0x0000000080a00000| Untracked 
|  11|0x0000000080b00000, 0x0000000080c00000, 0x0000000080c00000|100%| O|  |TAMS 0x0000000080c00000, 0x0000000080b00000| Untracked 
|  12|0x0000000080c00000, 0x0000000080cde800, 0x0000000080d00000| 86%| O|  |TAMS 0x0000000080cde800, 0x0000000080c00000| Untracked 
|  13|0x0000000080d00000, 0x0000000080e00000, 0x0000000080e00000|100%| O|  |TAMS 0x0000000080e00000, 0x0000000080d00000| Untracked 
|  14|0x0000000080e00000, 0x0000000080f00000, 0x0000000080f00000|100%| O|  |TAMS 0x0000000080f00000, 0x0000000080e00000| Untracked 
|  15|0x0000000080f00000, 0x0000000081000000, 0x0000000081000000|100%| O|  |TAMS 0x0000000081000000, 0x0000000080f00000| Untracked 
|  16|0x0000000081000000, 0x0000000081100000, 0x0000000081100000|100%| O|  |TAMS 0x0000000081100000, 0x0000000081000000| Untracked 
|  17|0x0000000081100000, 0x0000000081200000, 0x0000000081200000|100%| O|  |TAMS 0x0000000081200000, 0x0000000081100000| Untracked 
|  18|0x0000000081200000, 0x0000000081300000, 0x0000000081300000|100%| O|  |TAMS 0x0000000081300000, 0x0000000081200000| Untracked 
|  19|0x0000000081300000, 0x0000000081400000, 0x0000000081400000|100%| O|  |TAMS 0x0000000081400000, 0x0000000081300000| Untracked 
|  20|0x0000000081400000, 0x0000000081500000, 0x0000000081500000|100%| O|  |TAMS 0x0000000081500000, 0x0000000081400000| Untracked 
|  21|0x0000000081500000, 0x0000000081600000, 0x0000000081600000|100%| O|  |TAMS 0x0000000081600000, 0x0000000081500000| Untracked 
|  22|0x0000000081600000, 0x0000000081700000, 0x0000000081700000|100%| O|  |TAMS 0x0000000081700000, 0x0000000081600000| Untracked 
|  23|0x0000000081700000, 0x0000000081800000, 0x0000000081800000|100%|HS|  |TAMS 0x0000000081800000, 0x0000000081700000| Complete 
|  24|0x0000000081800000, 0x0000000081900000, 0x0000000081900000|100%| O|  |TAMS 0x0000000081900000, 0x0000000081800000| Untracked 
|  25|0x0000000081900000, 0x0000000081a00000, 0x0000000081a00000|100%| O|  |TAMS 0x0000000081a00000, 0x0000000081900000| Untracked 
|  26|0x0000000081a00000, 0x0000000081b00000, 0x0000000081b00000|100%| O|  |TAMS 0x0000000081b00000, 0x0000000081a00000| Untracked 
|  27|0x0000000081b00000, 0x0000000081c00000, 0x0000000081c00000|100%| O|  |TAMS 0x0000000081c00000, 0x0000000081b00000| Untracked 
|  28|0x0000000081c00000, 0x0000000081d00000, 0x0000000081d00000|100%| O|  |TAMS 0x0000000081d00000, 0x0000000081c00000| Untracked 
|  29|0x0000000081d00000, 0x0000000081e00000, 0x0000000081e00000|100%| O|  |TAMS 0x0000000081e00000, 0x0000000081d00000| Untracked 
|  30|0x0000000081e00000, 0x0000000081f00000, 0x0000000081f00000|100%| O|  |TAMS 0x0000000081f00000, 0x0000000081e00000| Untracked 
|  31|0x0000000081f00000, 0x0000000082000000, 0x0000000082000000|100%| O|  |TAMS 0x0000000082000000, 0x0000000081f00000| Untracked 
|  32|0x0000000082000000, 0x0000000082100000, 0x0000000082100000|100%| O|  |TAMS 0x0000000082100000, 0x0000000082000000| Untracked 
|  33|0x0000000082100000, 0x0000000082200000, 0x0000000082200000|100%| O|  |TAMS 0x0000000082200000, 0x0000000082100000| Untracked 
|  34|0x0000000082200000, 0x0000000082300000, 0x0000000082300000|100%| O|  |TAMS 0x0000000082300000, 0x0000000082200000| Untracked 
|  35|0x0000000082300000, 0x0000000082400000, 0x0000000082400000|100%| O|  |TAMS 0x0000000082400000, 0x0000000082300000| Untracked 
|  36|0x0000000082400000, 0x0000000082500000, 0x0000000082500000|100%| O|  |TAMS 0x0000000082500000, 0x0000000082400000| Untracked 
|  37|0x0000000082500000, 0x0000000082600000, 0x0000000082600000|100%| O|  |TAMS 0x0000000082600000, 0x0000000082500000| Untracked 
|  38|0x0000000082600000, 0x0000000082700000, 0x0000000082700000|100%| O|  |TAMS 0x0000000082700000, 0x0000000082600000| Untracked 
|  39|0x0000000082700000, 0x0000000082800000, 0x0000000082800000|100%| O|  |TAMS 0x0000000082800000, 0x0000000082700000| Untracked 
|  40|0x0000000082800000, 0x0000000082900000, 0x0000000082900000|100%| O|  |TAMS 0x0000000082900000, 0x0000000082800000| Untracked 
|  41|0x0000000082900000, 0x0000000082a00000, 0x0000000082a00000|100%| O|  |TAMS 0x0000000082a00000, 0x0000000082900000| Untracked 
|  42|0x0000000082a00000, 0x0000000082b00000, 0x0000000082b00000|100%| O|  |TAMS 0x0000000082b00000, 0x0000000082a00000| Untracked 
|  43|0x0000000082b00000, 0x0000000082c00000, 0x0000000082c00000|100%| O|  |TAMS 0x0000000082c00000, 0x0000000082b00000| Untracked 
|  44|0x0000000082c00000, 0x0000000082d00000, 0x0000000082d00000|100%| O|  |TAMS 0x0000000082d00000, 0x0000000082c00000| Untracked 
|  45|0x0000000082d00000, 0x0000000082e00000, 0x0000000082e00000|100%| O|  |TAMS 0x0000000082e00000, 0x0000000082d00000| Untracked 
|  46|0x0000000082e00000, 0x0000000082f00000, 0x0000000082f00000|100%| O|  |TAMS 0x0000000082f00000, 0x0000000082e00000| Untracked 
|  47|0x0000000082f00000, 0x0000000083000000, 0x0000000083000000|100%| O|  |TAMS 0x0000000083000000, 0x0000000082f00000| Untracked 
|  48|0x0000000083000000, 0x0000000083100000, 0x0000000083100000|100%| O|  |TAMS 0x0000000083000000, 0x0000000083000000| Untracked 
|  49|0x0000000083100000, 0x0000000083100000, 0x0000000083200000|  0%| F|  |TAMS 0x0000000083100000, 0x0000000083100000| Untracked 
|  50|0x0000000083200000, 0x0000000083300000, 0x0000000083300000|100%|HS|  |TAMS 0x0000000083300000, 0x0000000083200000| Complete 
|  51|0x0000000083300000, 0x0000000083400000, 0x0000000083400000|100%|HS|  |TAMS 0x0000000083400000, 0x0000000083300000| Complete 
|  52|0x0000000083400000, 0x0000000083500000, 0x0000000083500000|100%|HS|  |TAMS 0x0000000083500000, 0x0000000083400000| Complete 
|  53|0x0000000083500000, 0x0000000083600000, 0x0000000083600000|100%| O|  |TAMS 0x0000000083600000, 0x0000000083500000| Untracked 
|  54|0x0000000083600000, 0x0000000083700000, 0x0000000083700000|100%|HS|  |TAMS 0x0000000083700000, 0x0000000083600000| Complete 
|  55|0x0000000083700000, 0x0000000083800000, 0x0000000083800000|100%|HS|  |TAMS 0x0000000083800000, 0x0000000083700000| Complete 
|  56|0x0000000083800000, 0x0000000083900000, 0x0000000083900000|100%| O|  |TAMS 0x0000000083900000, 0x0000000083800000| Untracked 
|  57|0x0000000083900000, 0x0000000083a00000, 0x0000000083a00000|100%| O|  |TAMS 0x0000000083a00000, 0x0000000083900000| Untracked 
|  58|0x0000000083a00000, 0x0000000083b00000, 0x0000000083b00000|100%| O|  |TAMS 0x0000000083b00000, 0x0000000083a00000| Untracked 
|  59|0x0000000083b00000, 0x0000000083c00000, 0x0000000083c00000|100%| O|  |TAMS 0x0000000083c00000, 0x0000000083b00000| Untracked 
|  60|0x0000000083c00000, 0x0000000083d00000, 0x0000000083d00000|100%| O|  |TAMS 0x0000000083d00000, 0x0000000083c00000| Untracked 
|  61|0x0000000083d00000, 0x0000000083e00000, 0x0000000083e00000|100%| O|  |TAMS 0x0000000083e00000, 0x0000000083d00000| Untracked 
|  62|0x0000000083e00000, 0x0000000083f00000, 0x0000000083f00000|100%| O|  |TAMS 0x0000000083f00000, 0x0000000083e00000| Untracked 
|  63|0x0000000083f00000, 0x0000000084000000, 0x0000000084000000|100%| O|  |TAMS 0x0000000083f00000, 0x0000000083f00000| Untracked 
|  64|0x0000000084000000, 0x0000000084100000, 0x0000000084100000|100%| O|  |TAMS 0x0000000084000000, 0x0000000084000000| Untracked 
|  65|0x0000000084100000, 0x0000000084200000, 0x0000000084200000|100%| O|  |TAMS 0x0000000084100000, 0x0000000084100000| Untracked 
|  66|0x0000000084200000, 0x0000000084300000, 0x0000000084300000|100%| O|  |TAMS 0x0000000084300000, 0x0000000084200000| Untracked 
|  67|0x0000000084300000, 0x0000000084400000, 0x0000000084400000|100%| O|  |TAMS 0x000000008431a400, 0x0000000084300000| Untracked 
|  68|0x0000000084400000, 0x0000000084500000, 0x0000000084500000|100%|HS|  |TAMS 0x0000000084400000, 0x0000000084400000| Complete 
|  69|0x0000000084500000, 0x0000000084600000, 0x0000000084600000|100%| O|  |TAMS 0x0000000084500000, 0x0000000084500000| Untracked 
|  70|0x0000000084600000, 0x0000000084700000, 0x0000000084700000|100%| O|  |TAMS 0x0000000084600000, 0x0000000084600000| Untracked 
|  71|0x0000000084700000, 0x00000000847fec00, 0x0000000084800000| 99%| O|  |TAMS 0x0000000084700000, 0x0000000084700000| Untracked 
|  72|0x0000000084800000, 0x0000000084800000, 0x0000000084900000|  0%| F|  |TAMS 0x0000000084800000, 0x0000000084800000| Untracked 
|  73|0x0000000084900000, 0x0000000084900000, 0x0000000084a00000|  0%| F|  |TAMS 0x0000000084900000, 0x0000000084900000| Untracked 
|  74|0x0000000084a00000, 0x0000000084a00000, 0x0000000084b00000|  0%| F|  |TAMS 0x0000000084a00000, 0x0000000084a00000| Untracked 
|  75|0x0000000084b00000, 0x0000000084b00000, 0x0000000084c00000|  0%| F|  |TAMS 0x0000000084b00000, 0x0000000084b00000| Untracked 
|  76|0x0000000084c00000, 0x0000000084c00000, 0x0000000084d00000|  0%| F|  |TAMS 0x0000000084c00000, 0x0000000084c00000| Untracked 
|  77|0x0000000084d00000, 0x0000000084d00000, 0x0000000084e00000|  0%| F|  |TAMS 0x0000000084d00000, 0x0000000084d00000| Untracked 
|  78|0x0000000084e00000, 0x0000000084e00000, 0x0000000084f00000|  0%| F|  |TAMS 0x0000000084e00000, 0x0000000084e00000| Untracked 
|  79|0x0000000084f00000, 0x0000000084f00000, 0x0000000085000000|  0%| F|  |TAMS 0x0000000084f00000, 0x0000000084f00000| Untracked 
|  80|0x0000000085000000, 0x0000000085000000, 0x0000000085100000|  0%| F|  |TAMS 0x0000000085000000, 0x0000000085000000| Untracked 
|  81|0x0000000085100000, 0x0000000085100000, 0x0000000085200000|  0%| F|  |TAMS 0x0000000085100000, 0x0000000085100000| Untracked 
|  82|0x0000000085200000, 0x0000000085200000, 0x0000000085300000|  0%| F|  |TAMS 0x0000000085200000, 0x0000000085200000| Untracked 
|  83|0x0000000085300000, 0x0000000085300000, 0x0000000085400000|  0%| F|  |TAMS 0x0000000085300000, 0x0000000085300000| Untracked 
|  84|0x0000000085400000, 0x0000000085400000, 0x0000000085500000|  0%| F|  |TAMS 0x0000000085400000, 0x0000000085400000| Untracked 
|  85|0x0000000085500000, 0x0000000085500000, 0x0000000085600000|  0%| F|  |TAMS 0x0000000085500000, 0x0000000085500000| Untracked 
|  86|0x0000000085600000, 0x0000000085600000, 0x0000000085700000|  0%| F|  |TAMS 0x0000000085600000, 0x0000000085600000| Untracked 
|  87|0x0000000085700000, 0x0000000085700000, 0x0000000085800000|  0%| F|  |TAMS 0x0000000085700000, 0x0000000085700000| Untracked 
|  88|0x0000000085800000, 0x0000000085800000, 0x0000000085900000|  0%| F|  |TAMS 0x0000000085800000, 0x0000000085800000| Untracked 
|  89|0x0000000085900000, 0x0000000085900000, 0x0000000085a00000|  0%| F|  |TAMS 0x0000000085900000, 0x0000000085900000| Untracked 
|  90|0x0000000085a00000, 0x0000000085a00000, 0x0000000085b00000|  0%| F|  |TAMS 0x0000000085a00000, 0x0000000085a00000| Untracked 
|  91|0x0000000085b00000, 0x0000000085b00000, 0x0000000085c00000|  0%| F|  |TAMS 0x0000000085b00000, 0x0000000085b00000| Untracked 
|  92|0x0000000085c00000, 0x0000000085c00000, 0x0000000085d00000|  0%| F|  |TAMS 0x0000000085c00000, 0x0000000085c00000| Untracked 
|  93|0x0000000085d00000, 0x0000000085d00000, 0x0000000085e00000|  0%| F|  |TAMS 0x0000000085d00000, 0x0000000085d00000| Untracked 
|  94|0x0000000085e00000, 0x0000000085e00000, 0x0000000085f00000|  0%| F|  |TAMS 0x0000000085e00000, 0x0000000085e00000| Untracked 
|  95|0x0000000085f00000, 0x0000000085f00000, 0x0000000086000000|  0%| F|  |TAMS 0x0000000085f00000, 0x0000000085f00000| Untracked 
|  96|0x0000000086000000, 0x0000000086000000, 0x0000000086100000|  0%| F|  |TAMS 0x0000000086000000, 0x0000000086000000| Untracked 
|  97|0x0000000086100000, 0x0000000086100000, 0x0000000086200000|  0%| F|  |TAMS 0x0000000086100000, 0x0000000086100000| Untracked 
|  98|0x0000000086200000, 0x0000000086200000, 0x0000000086300000|  0%| F|  |TAMS 0x0000000086200000, 0x0000000086200000| Untracked 
|  99|0x0000000086300000, 0x0000000086300000, 0x0000000086400000|  0%| F|  |TAMS 0x0000000086300000, 0x0000000086300000| Untracked 
| 100|0x0000000086400000, 0x0000000086400000, 0x0000000086500000|  0%| F|  |TAMS 0x0000000086400000, 0x0000000086400000| Untracked 
| 101|0x0000000086500000, 0x0000000086500000, 0x0000000086600000|  0%| F|  |TAMS 0x0000000086500000, 0x0000000086500000| Untracked 
| 102|0x0000000086600000, 0x0000000086600000, 0x0000000086700000|  0%| F|  |TAMS 0x0000000086600000, 0x0000000086600000| Untracked 
| 103|0x0000000086700000, 0x0000000086700000, 0x0000000086800000|  0%| F|  |TAMS 0x0000000086700000, 0x0000000086700000| Untracked 
| 104|0x0000000086800000, 0x0000000086800000, 0x0000000086900000|  0%| F|  |TAMS 0x0000000086800000, 0x0000000086800000| Untracked 
| 105|0x0000000086900000, 0x0000000086900000, 0x0000000086a00000|  0%| F|  |TAMS 0x0000000086900000, 0x0000000086900000| Untracked 
| 106|0x0000000086a00000, 0x0000000086a00000, 0x0000000086b00000|  0%| F|  |TAMS 0x0000000086a00000, 0x0000000086a00000| Untracked 
| 107|0x0000000086b00000, 0x0000000086b00000, 0x0000000086c00000|  0%| F|  |TAMS 0x0000000086b00000, 0x0000000086b00000| Untracked 
| 108|0x0000000086c00000, 0x0000000086c00000, 0x0000000086d00000|  0%| F|  |TAMS 0x0000000086c00000, 0x0000000086c00000| Untracked 
| 109|0x0000000086d00000, 0x0000000086d00000, 0x0000000086e00000|  0%| F|  |TAMS 0x0000000086d00000, 0x0000000086d00000| Untracked 
| 110|0x0000000086e00000, 0x0000000086e00000, 0x0000000086f00000|  0%| F|  |TAMS 0x0000000086e00000, 0x0000000086e00000| Untracked 
| 111|0x0000000086f00000, 0x0000000086f00000, 0x0000000087000000|  0%| F|  |TAMS 0x0000000086f00000, 0x0000000086f00000| Untracked 
| 112|0x0000000087000000, 0x0000000087000000, 0x0000000087100000|  0%| F|  |TAMS 0x0000000087000000, 0x0000000087000000| Untracked 
| 113|0x0000000087100000, 0x0000000087100000, 0x0000000087200000|  0%| F|  |TAMS 0x0000000087100000, 0x0000000087100000| Untracked 
| 114|0x0000000087200000, 0x0000000087200000, 0x0000000087300000|  0%| F|  |TAMS 0x0000000087200000, 0x0000000087200000| Untracked 
| 115|0x0000000087300000, 0x0000000087300000, 0x0000000087400000|  0%| F|  |TAMS 0x0000000087300000, 0x0000000087300000| Untracked 
| 116|0x0000000087400000, 0x0000000087400000, 0x0000000087500000|  0%| F|  |TAMS 0x0000000087400000, 0x0000000087400000| Untracked 
| 117|0x0000000087500000, 0x0000000087500000, 0x0000000087600000|  0%| F|  |TAMS 0x0000000087500000, 0x0000000087500000| Untracked 
| 118|0x0000000087600000, 0x0000000087600000, 0x0000000087700000|  0%| F|  |TAMS 0x0000000087600000, 0x0000000087600000| Untracked 
| 119|0x0000000087700000, 0x0000000087700000, 0x0000000087800000|  0%| F|  |TAMS 0x0000000087700000, 0x0000000087700000| Untracked 
| 120|0x0000000087800000, 0x0000000087800000, 0x0000000087900000|  0%| F|  |TAMS 0x0000000087800000, 0x0000000087800000| Untracked 
| 121|0x0000000087900000, 0x0000000087900000, 0x0000000087a00000|  0%| F|  |TAMS 0x0000000087900000, 0x0000000087900000| Untracked 
| 122|0x0000000087a00000, 0x0000000087a00000, 0x0000000087b00000|  0%| F|  |TAMS 0x0000000087a00000, 0x0000000087a00000| Untracked 
| 123|0x0000000087b00000, 0x0000000087b00000, 0x0000000087c00000|  0%| F|  |TAMS 0x0000000087b00000, 0x0000000087b00000| Untracked 
| 124|0x0000000087c00000, 0x0000000087c00000, 0x0000000087d00000|  0%| F|  |TAMS 0x0000000087c00000, 0x0000000087c00000| Untracked 
| 125|0x0000000087d00000, 0x0000000087d00000, 0x0000000087e00000|  0%| F|  |TAMS 0x0000000087d00000, 0x0000000087d00000| Untracked 
| 126|0x0000000087e00000, 0x0000000087e00000, 0x0000000087f00000|  0%| F|  |TAMS 0x0000000087e00000, 0x0000000087e00000| Untracked 
| 127|0x0000000087f00000, 0x0000000087f00000, 0x0000000088000000|  0%| F|  |TAMS 0x0000000087f00000, 0x0000000087f00000| Untracked 
| 128|0x0000000088000000, 0x0000000088000000, 0x0000000088100000|  0%| F|  |TAMS 0x0000000088000000, 0x0000000088000000| Untracked 
| 129|0x0000000088100000, 0x0000000088100000, 0x0000000088200000|  0%| F|  |TAMS 0x0000000088100000, 0x0000000088100000| Untracked 
| 130|0x0000000088200000, 0x0000000088200000, 0x0000000088300000|  0%| F|  |TAMS 0x0000000088200000, 0x0000000088200000| Untracked 
| 131|0x0000000088300000, 0x0000000088300800, 0x0000000088400000|  0%| E|  |TAMS 0x0000000088300000, 0x0000000088300000| Complete 
| 132|0x0000000088400000, 0x0000000088500000, 0x0000000088500000|100%| E|CS|TAMS 0x0000000088400000, 0x0000000088400000| Complete 
| 133|0x0000000088500000, 0x0000000088600000, 0x0000000088600000|100%| E|CS|TAMS 0x0000000088500000, 0x0000000088500000| Complete 
| 134|0x0000000088600000, 0x0000000088700000, 0x0000000088700000|100%| E|CS|TAMS 0x0000000088600000, 0x0000000088600000| Complete 
| 135|0x0000000088700000, 0x0000000088800000, 0x0000000088800000|100%| E|CS|TAMS 0x0000000088700000, 0x0000000088700000| Complete 
| 136|0x0000000088800000, 0x0000000088900000, 0x0000000088900000|100%| E|CS|TAMS 0x0000000088800000, 0x0000000088800000| Complete 
| 137|0x0000000088900000, 0x0000000088a00000, 0x0000000088a00000|100%| E|CS|TAMS 0x0000000088900000, 0x0000000088900000| Complete 
| 138|0x0000000088a00000, 0x0000000088b00000, 0x0000000088b00000|100%| E|CS|TAMS 0x0000000088a00000, 0x0000000088a00000| Complete 
| 139|0x0000000088b00000, 0x0000000088c00000, 0x0000000088c00000|100%| E|CS|TAMS 0x0000000088b00000, 0x0000000088b00000| Complete 
| 140|0x0000000088c00000, 0x0000000088d00000, 0x0000000088d00000|100%| E|CS|TAMS 0x0000000088c00000, 0x0000000088c00000| Complete 
| 141|0x0000000088d00000, 0x0000000088e00000, 0x0000000088e00000|100%| E|CS|TAMS 0x0000000088d00000, 0x0000000088d00000| Complete 
| 142|0x0000000088e00000, 0x0000000088f00000, 0x0000000088f00000|100%| E|CS|TAMS 0x0000000088e00000, 0x0000000088e00000| Complete 
| 143|0x0000000088f00000, 0x0000000089000000, 0x0000000089000000|100%| E|CS|TAMS 0x0000000088f00000, 0x0000000088f00000| Complete 
| 144|0x0000000089000000, 0x0000000089100000, 0x0000000089100000|100%| E|CS|TAMS 0x0000000089000000, 0x0000000089000000| Complete 
| 145|0x0000000089100000, 0x0000000089200000, 0x0000000089200000|100%| E|CS|TAMS 0x0000000089100000, 0x0000000089100000| Complete 
| 146|0x0000000089200000, 0x0000000089300000, 0x0000000089300000|100%| E|CS|TAMS 0x0000000089200000, 0x0000000089200000| Complete 
| 147|0x0000000089300000, 0x0000000089400000, 0x0000000089400000|100%| E|CS|TAMS 0x0000000089300000, 0x0000000089300000| Complete 
| 148|0x0000000089400000, 0x0000000089500000, 0x0000000089500000|100%| E|CS|TAMS 0x0000000089400000, 0x0000000089400000| Complete 
| 149|0x0000000089500000, 0x0000000089600000, 0x0000000089600000|100%| E|CS|TAMS 0x0000000089500000, 0x0000000089500000| Complete 
| 150|0x0000000089600000, 0x0000000089700000, 0x0000000089700000|100%| E|CS|TAMS 0x0000000089600000, 0x0000000089600000| Complete 
| 151|0x0000000089700000, 0x0000000089800000, 0x0000000089800000|100%| E|CS|TAMS 0x0000000089700000, 0x0000000089700000| Complete 
| 152|0x0000000089800000, 0x0000000089900000, 0x0000000089900000|100%| E|CS|TAMS 0x0000000089800000, 0x0000000089800000| Complete 
| 153|0x0000000089900000, 0x0000000089a00000, 0x0000000089a00000|100%| E|CS|TAMS 0x0000000089900000, 0x0000000089900000| Complete 
| 154|0x0000000089a00000, 0x0000000089b00000, 0x0000000089b00000|100%| E|CS|TAMS 0x0000000089a00000, 0x0000000089a00000| Complete 
| 155|0x0000000089b00000, 0x0000000089c00000, 0x0000000089c00000|100%| E|CS|TAMS 0x0000000089b00000, 0x0000000089b00000| Complete 
| 156|0x0000000089c00000, 0x0000000089d00000, 0x0000000089d00000|100%| E|CS|TAMS 0x0000000089c00000, 0x0000000089c00000| Complete 
| 157|0x0000000089d00000, 0x0000000089e00000, 0x0000000089e00000|100%| E|CS|TAMS 0x0000000089d00000, 0x0000000089d00000| Complete 
| 158|0x0000000089e00000, 0x0000000089f00000, 0x0000000089f00000|100%| E|CS|TAMS 0x0000000089e00000, 0x0000000089e00000| Complete 
| 159|0x0000000089f00000, 0x000000008a000000, 0x000000008a000000|100%| E|CS|TAMS 0x0000000089f00000, 0x0000000089f00000| Complete 
| 160|0x000000008a000000, 0x000000008a100000, 0x000000008a100000|100%| E|CS|TAMS 0x000000008a000000, 0x000000008a000000| Complete 
| 161|0x000000008a100000, 0x000000008a200000, 0x000000008a200000|100%| E|CS|TAMS 0x000000008a100000, 0x000000008a100000| Complete 
| 162|0x000000008a200000, 0x000000008a300000, 0x000000008a300000|100%| E|CS|TAMS 0x000000008a200000, 0x000000008a200000| Complete 
| 163|0x000000008a300000, 0x000000008a400000, 0x000000008a400000|100%| E|CS|TAMS 0x000000008a300000, 0x000000008a300000| Complete 
| 164|0x000000008a400000, 0x000000008a500000, 0x000000008a500000|100%| E|CS|TAMS 0x000000008a400000, 0x000000008a400000| Complete 
| 165|0x000000008a500000, 0x000000008a600000, 0x000000008a600000|100%| E|CS|TAMS 0x000000008a500000, 0x000000008a500000| Complete 
| 166|0x000000008a600000, 0x000000008a700000, 0x000000008a700000|100%| E|CS|TAMS 0x000000008a600000, 0x000000008a600000| Complete 
| 167|0x000000008a700000, 0x000000008a800000, 0x000000008a800000|100%| E|CS|TAMS 0x000000008a700000, 0x000000008a700000| Complete 
| 168|0x000000008a800000, 0x000000008a900000, 0x000000008a900000|100%| E|CS|TAMS 0x000000008a800000, 0x000000008a800000| Complete 
| 169|0x000000008a900000, 0x000000008aa00000, 0x000000008aa00000|100%| E|CS|TAMS 0x000000008a900000, 0x000000008a900000| Complete 
| 170|0x000000008aa00000, 0x000000008ab00000, 0x000000008ab00000|100%| E|CS|TAMS 0x000000008aa00000, 0x000000008aa00000| Complete 
| 171|0x000000008ab00000, 0x000000008ac00000, 0x000000008ac00000|100%| E|CS|TAMS 0x000000008ab00000, 0x000000008ab00000| Complete 
| 172|0x000000008ac00000, 0x000000008ad00000, 0x000000008ad00000|100%| E|CS|TAMS 0x000000008ac00000, 0x000000008ac00000| Complete 
| 173|0x000000008ad00000, 0x000000008ae00000, 0x000000008ae00000|100%| E|CS|TAMS 0x000000008ad00000, 0x000000008ad00000| Complete 
| 174|0x000000008ae00000, 0x000000008af00000, 0x000000008af00000|100%| E|CS|TAMS 0x000000008ae00000, 0x000000008ae00000| Complete 
| 175|0x000000008af00000, 0x000000008b000000, 0x000000008b000000|100%| E|CS|TAMS 0x000000008af00000, 0x000000008af00000| Complete 
| 176|0x000000008b000000, 0x000000008b100000, 0x000000008b100000|100%| E|CS|TAMS 0x000000008b000000, 0x000000008b000000| Complete 
| 177|0x000000008b100000, 0x000000008b200000, 0x000000008b200000|100%| E|CS|TAMS 0x000000008b100000, 0x000000008b100000| Complete 
| 178|0x000000008b200000, 0x000000008b300000, 0x000000008b300000|100%| E|CS|TAMS 0x000000008b200000, 0x000000008b200000| Complete 
| 179|0x000000008b300000, 0x000000008b400000, 0x000000008b400000|100%| E|  |TAMS 0x000000008b300000, 0x000000008b300000| Complete 
| 180|0x000000008b400000, 0x000000008b500000, 0x000000008b500000|100%| E|CS|TAMS 0x000000008b400000, 0x000000008b400000| Complete 
| 181|0x000000008b500000, 0x000000008b600000, 0x000000008b600000|100%| E|CS|TAMS 0x000000008b500000, 0x000000008b500000| Complete 
| 182|0x000000008b600000, 0x000000008b700000, 0x000000008b700000|100%| E|CS|TAMS 0x000000008b600000, 0x000000008b600000| Complete 
| 183|0x000000008b700000, 0x000000008b800000, 0x000000008b800000|100%| E|CS|TAMS 0x000000008b700000, 0x000000008b700000| Complete 
| 184|0x000000008b800000, 0x000000008b900000, 0x000000008b900000|100%| E|CS|TAMS 0x000000008b800000, 0x000000008b800000| Complete 
| 185|0x000000008b900000, 0x000000008ba00000, 0x000000008ba00000|100%| E|CS|TAMS 0x000000008b900000, 0x000000008b900000| Complete 
| 186|0x000000008ba00000, 0x000000008bb00000, 0x000000008bb00000|100%| E|CS|TAMS 0x000000008ba00000, 0x000000008ba00000| Complete 
| 187|0x000000008bb00000, 0x000000008bc00000, 0x000000008bc00000|100%| E|CS|TAMS 0x000000008bb00000, 0x000000008bb00000| Complete 
| 188|0x000000008bc00000, 0x000000008bd00000, 0x000000008bd00000|100%| E|CS|TAMS 0x000000008bc00000, 0x000000008bc00000| Complete 
| 189|0x000000008bd00000, 0x000000008be00000, 0x000000008be00000|100%| E|CS|TAMS 0x000000008bd00000, 0x000000008bd00000| Complete 
| 190|0x000000008be00000, 0x000000008bf00000, 0x000000008bf00000|100%| E|CS|TAMS 0x000000008be00000, 0x000000008be00000| Complete 
| 191|0x000000008bf00000, 0x000000008c000000, 0x000000008c000000|100%| E|CS|TAMS 0x000000008bf00000, 0x000000008bf00000| Complete 
| 192|0x000000008c000000, 0x000000008c100000, 0x000000008c100000|100%| E|CS|TAMS 0x000000008c000000, 0x000000008c000000| Complete 
| 193|0x000000008c100000, 0x000000008c200000, 0x000000008c200000|100%| E|CS|TAMS 0x000000008c100000, 0x000000008c100000| Complete 
| 194|0x000000008c200000, 0x000000008c300000, 0x000000008c300000|100%| E|CS|TAMS 0x000000008c200000, 0x000000008c200000| Complete 
| 195|0x000000008c300000, 0x000000008c400000, 0x000000008c400000|100%| E|CS|TAMS 0x000000008c300000, 0x000000008c300000| Complete 
| 196|0x000000008c400000, 0x000000008c500000, 0x000000008c500000|100%| E|CS|TAMS 0x000000008c400000, 0x000000008c400000| Complete 
| 197|0x000000008c500000, 0x000000008c600000, 0x000000008c600000|100%| E|CS|TAMS 0x000000008c500000, 0x000000008c500000| Complete 
| 198|0x000000008c600000, 0x000000008c700000, 0x000000008c700000|100%| E|CS|TAMS 0x000000008c600000, 0x000000008c600000| Complete 
| 199|0x000000008c700000, 0x000000008c800000, 0x000000008c800000|100%| E|CS|TAMS 0x000000008c700000, 0x000000008c700000| Complete 
| 200|0x000000008c800000, 0x000000008c900000, 0x000000008c900000|100%| E|CS|TAMS 0x000000008c800000, 0x000000008c800000| Complete 
| 201|0x000000008c900000, 0x000000008ca00000, 0x000000008ca00000|100%| E|CS|TAMS 0x000000008c900000, 0x000000008c900000| Complete 
| 202|0x000000008ca00000, 0x000000008cb00000, 0x000000008cb00000|100%| E|CS|TAMS 0x000000008ca00000, 0x000000008ca00000| Complete 
| 203|0x000000008cb00000, 0x000000008cc00000, 0x000000008cc00000|100%| E|CS|TAMS 0x000000008cb00000, 0x000000008cb00000| Complete 
| 204|0x000000008cc00000, 0x000000008cd00000, 0x000000008cd00000|100%| E|CS|TAMS 0x000000008cc00000, 0x000000008cc00000| Complete 
| 205|0x000000008cd00000, 0x000000008ce00000, 0x000000008ce00000|100%| E|CS|TAMS 0x000000008cd00000, 0x000000008cd00000| Complete 
| 206|0x000000008ce00000, 0x000000008cf00000, 0x000000008cf00000|100%| E|CS|TAMS 0x000000008ce00000, 0x000000008ce00000| Complete 
| 207|0x000000008cf00000, 0x000000008d000000, 0x000000008d000000|100%| E|CS|TAMS 0x000000008cf00000, 0x000000008cf00000| Complete 
| 208|0x000000008d000000, 0x000000008d100000, 0x000000008d100000|100%| E|CS|TAMS 0x000000008d000000, 0x000000008d000000| Complete 
| 209|0x000000008d100000, 0x000000008d200000, 0x000000008d200000|100%| E|CS|TAMS 0x000000008d100000, 0x000000008d100000| Complete 
| 210|0x000000008d200000, 0x000000008d300000, 0x000000008d300000|100%| E|CS|TAMS 0x000000008d200000, 0x000000008d200000| Complete 
| 211|0x000000008d300000, 0x000000008d400000, 0x000000008d400000|100%| E|CS|TAMS 0x000000008d300000, 0x000000008d300000| Complete 
| 212|0x000000008d400000, 0x000000008d4145c0, 0x000000008d500000|  7%| S|CS|TAMS 0x000000008d400000, 0x000000008d400000| Complete 
| 213|0x000000008d500000, 0x000000008d600000, 0x000000008d600000|100%| S|CS|TAMS 0x000000008d500000, 0x000000008d500000| Complete 
| 214|0x000000008d600000, 0x000000008d700000, 0x000000008d700000|100%| E|CS|TAMS 0x000000008d600000, 0x000000008d600000| Complete 
| 253|0x000000008fd00000, 0x000000008fe00000, 0x000000008fe00000|100%| E|CS|TAMS 0x000000008fd00000, 0x000000008fd00000| Complete 

Card table byte_map: [0x000001d5f9190000,0x000001d5f9590000] _byte_map_base: 0x000001d5f8d90000

Marking Bits (Prev, Next): (CMBitMap*) 0x000001d5dfdb2e60, (CMBitMap*) 0x000001d5dfdb2ea0
 Prev Bits: [0x000001d5f9990000, 0x000001d5fb990000)
 Next Bits: [0x000001d5fb990000, 0x000001d5fd990000)

Polling page: 0x000001d5e8db0000

Metaspace:

Usage:
  Non-class:     60.86 MB used.
      Class:      9.40 MB used.
       Both:     70.27 MB used.

Virtual space:
  Non-class space:       64.00 MB reserved,      61.19 MB ( 96%) committed,  1 nodes.
      Class space:        1.00 GB reserved,       9.69 MB ( <1%) committed,  1 nodes.
             Both:        1.06 GB reserved,      70.88 MB (  7%) committed. 

Chunk freelists:
   Non-Class:  2.83 MB
       Class:  6.34 MB
        Both:  9.17 MB

MaxMetaspaceSize: unlimited
CompressedClassSpaceSize: 1.00 GB
Initial GC threshold: 21.00 MB
Current GC threshold: 97.12 MB
CDS: on
MetaspaceReclaimPolicy: balanced
 - commit_granule_bytes: 65536.
 - commit_granule_words: 8192.
 - virtual_space_node_default_size: 8388608.
 - enlarge_chunks_in_place: 1.
 - new_chunks_are_fully_committed: 0.
 - uncommit_free_chunks: 1.
 - use_allocation_guard: 0.
 - handle_deallocations: 1.


Internal statistics:

num_allocs_failed_limit: 6.
num_arena_births: 780.
num_arena_deaths: 0.
num_vsnodes_births: 2.
num_vsnodes_deaths: 0.
num_space_committed: 1134.
num_space_uncommitted: 0.
num_chunks_returned_to_freelist: 6.
num_chunks_taken_from_freelist: 3606.
num_chunk_merges: 6.
num_chunk_splits: 2370.
num_chunks_enlarged: 1601.
num_inconsistent_stats: 0.

CodeHeap 'non-profiled nmethods': size=119168Kb used=4834Kb max_used=5065Kb free=114333Kb
 bounds [0x000001d5f0970000, 0x000001d5f0e70000, 0x000001d5f7dd0000]
CodeHeap 'profiled nmethods': size=119104Kb used=16406Kb max_used=17167Kb free=102697Kb
 bounds [0x000001d5e8dd0000, 0x000001d5e9ea0000, 0x000001d5f0220000]
CodeHeap 'non-nmethods': size=7488Kb used=4100Kb max_used=4160Kb free=3387Kb
 bounds [0x000001d5f0220000, 0x000001d5f0640000, 0x000001d5f0970000]
 total_blobs=9547 nmethods=8619 adapters=836
 compilation: enabled
              stopped_count=0, restarted_count=0
 full_count=0

Compilation events (20 events):
Event: 8.640 Thread 0x000001d580bf65d0 nmethod 10050 0x000001d5e9999190 code [0x000001d5e9999380, 0x000001d5e99998b8]
Event: 8.640 Thread 0x000001d580aeaac0 nmethod 10052 0x000001d5e9998a10 code [0x000001d5e9998bc0, 0x000001d5e9998e78]
Event: 8.645 Thread 0x000001d580aeaac0 10053       3       org.gradle.plugin.use.internal.DefaultPluginId::getNamespace (29 bytes)
Event: 8.645 Thread 0x000001d580bf5090 10054       3       org.gradle.api.internal.plugins.DefaultPluginRegistry::lookup (83 bytes)
Event: 8.645 Thread 0x000001d580bf65d0 10055       3       com.google.common.cache.CacheBuilder$1::recordLoadSuccess (1 bytes)
Event: 8.645 Thread 0x000001d580bf65d0 nmethod 10055 0x000001d5e92b9990 code [0x000001d5e92b9b20, 0x000001d5e92b9c38]
Event: 8.645 Thread 0x000001d580aeaac0 nmethod 10053 0x000001d5e9dcc990 code [0x000001d5e9dccba0, 0x000001d5e9dcd0e8]
Event: 8.646 Thread 0x000001d580bf5090 nmethod 10054 0x000001d5e979d510 code [0x000001d5e979d8a0, 0x000001d5e979f408]
Event: 8.657 Thread 0x000001d580bf5090 10056       3       com.google.common.collect.Ordering::sortedCopy (18 bytes)
Event: 8.658 Thread 0x000001d580bf5090 nmethod 10056 0x000001d5e938f010 code [0x000001d5e938f2a0, 0x000001d5e9390038]
Event: 8.686 Thread 0x000001d580bf5090 10057       3       org.gradle.internal.reflect.ClassInspector::visitGraph (98 bytes)
Event: 8.687 Thread 0x000001d580bf5090 nmethod 10057 0x000001d5e8fb0710 code [0x000001d5e8fb0a40, 0x000001d5e8fb1f08]
Event: 8.691 Thread 0x000001d580aeaac0 10059       3       sun.reflect.annotation.AnnotationParser::skipMemberValue (65 bytes)
Event: 8.691 Thread 0x000001d580bf5090 10058       3       sun.reflect.annotation.AnnotationParser::skipMemberValue (11 bytes)
Event: 8.691 Thread 0x000001d580bf5090 nmethod 10058 0x000001d5e9dcc510 code [0x000001d5e9dcc6c0, 0x000001d5e9dcc8b8]
Event: 8.691 Thread 0x000001d580aeaac0 nmethod 10059 0x000001d5e91d3c90 code [0x000001d5e91d3ec0, 0x000001d5e91d45d8]
Event: 8.692 Thread 0x000001d580bf65d0 10061       3       org.gradle.internal.instantiation.generator.AbstractClassGenerator$AbstractInjectedPropertyHandler::applyTo (19 bytes)
Event: 8.692 Thread 0x000001d580bf65d0 nmethod 10061 0x000001d5e91d3610 code [0x000001d5e91d37c0, 0x000001d5e91d3a88]
Event: 8.722 Thread 0x000001d580ad3880 nmethod 10035 0x000001d5f0c11610 code [0x000001d5f0c11a00, 0x000001d5f0c15218]
Event: 8.724 Thread 0x000001d580ad3880 10060       4       org.gradle.internal.instantiation.generator.AbstractClassGenerator::inspectType (602 bytes)

GC Heap History (20 events):
Event: 6.160 GC heap before
{Heap before GC invocations=16 (full 0):
 garbage-first heap   total 86016K, used 67371K [0x0000000080000000, 0x0000000100000000)
  region size 1024K, 25 young (25600K), 4 survivors (4096K)
 Metaspace       used 54829K, committed 55360K, reserved 1114112K
  class space    used 7573K, committed 7808K, reserved 1048576K
}
Event: 6.163 GC heap after
{Heap after GC invocations=17 (full 0):
 garbage-first heap   total 86016K, used 48819K [0x0000000080000000, 0x0000000100000000)
  region size 1024K, 3 young (3072K), 3 survivors (3072K)
 Metaspace       used 54829K, committed 55360K, reserved 1114112K
  class space    used 7573K, committed 7808K, reserved 1048576K
}
Event: 6.225 GC heap before
{Heap before GC invocations=17 (full 0):
 garbage-first heap   total 86016K, used 67251K [0x0000000080000000, 0x0000000100000000)
  region size 1024K, 22 young (22528K), 3 survivors (3072K)
 Metaspace       used 55121K, committed 55680K, reserved 1114112K
  class space    used 7595K, committed 7808K, reserved 1048576K
}
Event: 6.228 GC heap after
{Heap after GC invocations=18 (full 0):
 garbage-first heap   total 103424K, used 49789K [0x0000000080000000, 0x0000000100000000)
  region size 1024K, 3 young (3072K), 3 survivors (3072K)
 Metaspace       used 55121K, committed 55680K, reserved 1114112K
  class space    used 7595K, committed 7808K, reserved 1048576K
}
Event: 6.319 GC heap before
{Heap before GC invocations=19 (full 0):
 garbage-first heap   total 103424K, used 80509K [0x0000000080000000, 0x0000000100000000)
  region size 1024K, 34 young (34816K), 3 survivors (3072K)
 Metaspace       used 55291K, committed 55744K, reserved 1114112K
  class space    used 7595K, committed 7808K, reserved 1048576K
}
Event: 6.321 GC heap after
{Heap after GC invocations=20 (full 0):
 garbage-first heap   total 103424K, used 50955K [0x0000000080000000, 0x0000000100000000)
  region size 1024K, 4 young (4096K), 4 survivors (4096K)
 Metaspace       used 55291K, committed 55744K, reserved 1114112K
  class space    used 7595K, committed 7808K, reserved 1048576K
}
Event: 6.324 GC heap before
{Heap before GC invocations=20 (full 0):
 garbage-first heap   total 103424K, used 51979K [0x0000000080000000, 0x0000000100000000)
  region size 1024K, 5 young (5120K), 4 survivors (4096K)
 Metaspace       used 55301K, committed 55808K, reserved 1114112K
  class space    used 7595K, committed 7808K, reserved 1048576K
}
Event: 6.326 GC heap after
{Heap after GC invocations=21 (full 0):
 garbage-first heap   total 103424K, used 50645K [0x0000000080000000, 0x0000000100000000)
  region size 1024K, 1 young (1024K), 1 survivors (1024K)
 Metaspace       used 55301K, committed 55808K, reserved 1114112K
  class space    used 7595K, committed 7808K, reserved 1048576K
}
Event: 6.426 GC heap before
{Heap before GC invocations=21 (full 0):
 garbage-first heap   total 103424K, used 81365K [0x0000000080000000, 0x0000000100000000)
  region size 1024K, 32 young (32768K), 1 survivors (1024K)
 Metaspace       used 55409K, committed 56000K, reserved 1114112K
  class space    used 7608K, committed 7872K, reserved 1048576K
}
Event: 6.429 GC heap after
{Heap after GC invocations=22 (full 0):
 garbage-first heap   total 103424K, used 52755K [0x0000000080000000, 0x0000000100000000)
  region size 1024K, 3 young (3072K), 3 survivors (3072K)
 Metaspace       used 55409K, committed 56000K, reserved 1114112K
  class space    used 7608K, committed 7872K, reserved 1048576K
}
Event: 6.697 GC heap before
{Heap before GC invocations=23 (full 0):
 garbage-first heap   total 103424K, used 89619K [0x0000000080000000, 0x0000000100000000)
  region size 1024K, 33 young (33792K), 3 survivors (3072K)
 Metaspace       used 56830K, committed 57408K, reserved 1114112K
  class space    used 7764K, committed 8000K, reserved 1048576K
}
Event: 6.700 GC heap after
{Heap after GC invocations=24 (full 0):
 garbage-first heap   total 103424K, used 65108K [0x0000000080000000, 0x0000000100000000)
  region size 1024K, 5 young (5120K), 5 survivors (5120K)
 Metaspace       used 56830K, committed 57408K, reserved 1114112K
  class space    used 7764K, committed 8000K, reserved 1048576K
}
Event: 6.714 GC heap before
{Heap before GC invocations=24 (full 0):
 garbage-first heap   total 103424K, used 66132K [0x0000000080000000, 0x0000000100000000)
  region size 1024K, 6 young (6144K), 5 survivors (5120K)
 Metaspace       used 56938K, committed 57472K, reserved 1114112K
  class space    used 7779K, committed 8000K, reserved 1048576K
}
Event: 6.716 GC heap after
{Heap after GC invocations=25 (full 0):
 garbage-first heap   total 103424K, used 64785K [0x0000000080000000, 0x0000000100000000)
  region size 1024K, 1 young (1024K), 1 survivors (1024K)
 Metaspace       used 56938K, committed 57472K, reserved 1114112K
  class space    used 7779K, committed 8000K, reserved 1048576K
}
Event: 6.901 GC heap before
{Heap before GC invocations=25 (full 0):
 garbage-first heap   total 103424K, used 82193K [0x0000000080000000, 0x0000000100000000)
  region size 1024K, 19 young (19456K), 1 survivors (1024K)
 Metaspace       used 58616K, committed 59264K, reserved 1114112K
  class space    used 7979K, committed 8256K, reserved 1048576K
}
Event: 6.904 GC heap after
{Heap after GC invocations=26 (full 0):
 garbage-first heap   total 221184K, used 65434K [0x0000000080000000, 0x0000000100000000)
  region size 1024K, 1 young (1024K), 1 survivors (1024K)
 Metaspace       used 58616K, committed 59264K, reserved 1114112K
  class space    used 7979K, committed 8256K, reserved 1048576K
}
Event: 8.044 GC heap before
{Heap before GC invocations=27 (full 0):
 garbage-first heap   total 221184K, used 181146K [0x0000000080000000, 0x0000000100000000)
  region size 1024K, 109 young (111616K), 1 survivors (1024K)
 Metaspace       used 67540K, committed 68224K, reserved 1114112K
  class space    used 9091K, committed 9408K, reserved 1048576K
}
Event: 8.048 GC heap after
{Heap after GC invocations=28 (full 0):
 garbage-first heap   total 221184K, used 73045K [0x0000000080000000, 0x0000000100000000)
  region size 1024K, 8 young (8192K), 8 survivors (8192K)
 Metaspace       used 67540K, committed 68224K, reserved 1114112K
  class space    used 9091K, committed 9408K, reserved 1048576K
}
Event: 8.067 GC heap before
{Heap before GC invocations=28 (full 0):
 garbage-first heap   total 221184K, used 75093K [0x0000000080000000, 0x0000000100000000)
  region size 1024K, 10 young (10240K), 8 survivors (8192K)
 Metaspace       used 67699K, committed 68352K, reserved 1114112K
  class space    used 9109K, committed 9408K, reserved 1048576K
}
Event: 8.069 GC heap after
{Heap after GC invocations=29 (full 0):
 garbage-first heap   total 221184K, used 73670K [0x0000000080000000, 0x0000000100000000)
  region size 1024K, 2 young (2048K), 2 survivors (2048K)
 Metaspace       used 67699K, committed 68352K, reserved 1114112K
  class space    used 9109K, committed 9408K, reserved 1048576K
}

Deoptimization events (20 events):
Event: 8.520 Thread 0x000001d5c7f6c030 DEOPT PACKING pc=0x000001d5f0b40954 sp=0x000000886e6f5a40
Event: 8.520 Thread 0x000001d5c7f6c030 DEOPT UNPACKING pc=0x000001d5f0275ba3 sp=0x000000886e6f59f8 mode 2
Event: 8.551 Thread 0x000001d5c7f6c030 Uncommon trap: trap_request=0xffffff45 fr.pc=0x000001d5f0b409a0 relative=0x0000000000003c40
Event: 8.551 Thread 0x000001d5c7f6c030 Uncommon trap: reason=unstable_if action=reinterpret pc=0x000001d5f0b409a0 method=org.codehaus.groovy.runtime.metaclass.MetaMethodIndex.isOverridden(Lgroovy/lang/MetaMethod;Lgroovy/lang/MetaMethod;)Z @ 52 c2
Event: 8.551 Thread 0x000001d5c7f6c030 DEOPT PACKING pc=0x000001d5f0b409a0 sp=0x000000886e6f44c0
Event: 8.551 Thread 0x000001d5c7f6c030 DEOPT UNPACKING pc=0x000001d5f0275ba3 sp=0x000000886e6f4478 mode 2
Event: 8.619 Thread 0x000001d5c7f6c030 Uncommon trap: trap_request=0xffffffde fr.pc=0x000001d5f0ad1fb0 relative=0x00000000000003f0
Event: 8.619 Thread 0x000001d5c7f6c030 Uncommon trap: reason=class_check action=maybe_recompile pc=0x000001d5f0ad1fb0 method=java.lang.StringConcatHelper.stringOf(Ljava/lang/Object;)Ljava/lang/String; @ 5 c2
Event: 8.619 Thread 0x000001d5c7f6c030 DEOPT PACKING pc=0x000001d5f0ad1fb0 sp=0x000000886e6f9300
Event: 8.619 Thread 0x000001d5c7f6c030 DEOPT UNPACKING pc=0x000001d5f0275ba3 sp=0x000000886e6f9240 mode 2
Event: 8.619 Thread 0x000001d5c7f6c030 Uncommon trap: trap_request=0xffffffde fr.pc=0x000001d5f0ad1fb0 relative=0x00000000000003f0
Event: 8.619 Thread 0x000001d5c7f6c030 Uncommon trap: reason=class_check action=maybe_recompile pc=0x000001d5f0ad1fb0 method=java.lang.StringConcatHelper.stringOf(Ljava/lang/Object;)Ljava/lang/String; @ 5 c2
Event: 8.619 Thread 0x000001d5c7f6c030 DEOPT PACKING pc=0x000001d5f0ad1fb0 sp=0x000000886e6f9300
Event: 8.619 Thread 0x000001d5c7f6c030 DEOPT UNPACKING pc=0x000001d5f0275ba3 sp=0x000000886e6f9240 mode 2
Event: 8.633 Thread 0x000001d5c7f6c030 Uncommon trap: trap_request=0xffffffde fr.pc=0x000001d5f0ad1fb0 relative=0x00000000000003f0
Event: 8.634 Thread 0x000001d5c7f6c030 Uncommon trap: reason=class_check action=maybe_recompile pc=0x000001d5f0ad1fb0 method=java.lang.StringConcatHelper.stringOf(Ljava/lang/Object;)Ljava/lang/String; @ 5 c2
Event: 8.634 Thread 0x000001d5c7f6c030 DEOPT PACKING pc=0x000001d5f0ad1fb0 sp=0x000000886e6f9300
Event: 8.634 Thread 0x000001d5c7f6c030 DEOPT UNPACKING pc=0x000001d5f0275ba3 sp=0x000000886e6f9240 mode 2
Event: 8.692 Thread 0x000001d5c7f6c030 DEOPT PACKING pc=0x000001d5e9702146 sp=0x000000886e6f8740
Event: 8.692 Thread 0x000001d5c7f6c030 DEOPT UNPACKING pc=0x000001d5f02766e3 sp=0x000000886e6f7ce0 mode 0

Classes unloaded (0 events):
No events

Classes redefined (0 events):
No events

Internal exceptions (20 events):
Event: 8.568 Thread 0x000001d5c7f6c030 Exception <a 'java/lang/ClassNotFoundException'{0x00000000894b8e90}: build_270yvbua1yj4wsurdv8tv5afn$_run_closure1Customizer> (0x00000000894b8e90) 
thrown [s\open\src\hotspot\share\classfile\systemDictionary.cpp, line 256]
Event: 8.572 Thread 0x000001d5c7f6c030 Exception <a 'java/lang/ClassNotFoundException'{0x00000000894fadc8}: org/gradle/api/JavaVersionBeanInfo> (0x00000000894fadc8) 
thrown [s\open\src\hotspot\share\classfile\systemDictionary.cpp, line 256]
Event: 8.573 Thread 0x000001d5c7f6c030 Exception <a 'java/lang/ClassNotFoundException'{0x00000000893123e8}: org/gradle/api/JavaVersionCustomizer> (0x00000000893123e8) 
thrown [s\open\src\hotspot\share\classfile\systemDictionary.cpp, line 256]
Event: 8.579 Thread 0x000001d5c7f6c030 Exception <a 'java/lang/ClassNotFoundException'{0x00000000893b55d8}: com/android/build/gradle/internal/CompileOptions$AgpDecorated_DecoratedBeanInfo> (0x00000000893b55d8) 
thrown [s\open\src\hotspot\share\classfile\systemDictionary.cpp, line 256]
Event: 8.579 Thread 0x000001d5c7f6c030 Exception <a 'java/lang/ClassNotFoundException'{0x00000000893c6900}: com/android/build/gradle/internal/CompileOptions$AgpDecoratedBeanInfo> (0x00000000893c6900) 
thrown [s\open\src\hotspot\share\classfile\systemDictionary.cpp, line 256]
Event: 8.580 Thread 0x000001d5c7f6c030 Exception <a 'java/lang/ClassNotFoundException'{0x00000000893d7980}: com/android/build/gradle/internal/CompileOptionsBeanInfo> (0x00000000893d7980) 
thrown [s\open\src\hotspot\share\classfile\systemDictionary.cpp, line 256]
Event: 8.580 Thread 0x000001d5c7f6c030 Exception <a 'java/lang/ClassNotFoundException'{0x00000000893e8a28}: com/android/build/gradle/internal/CompileOptionsCustomizer> (0x00000000893e8a28) 
thrown [s\open\src\hotspot\share\classfile\systemDictionary.cpp, line 256]
Event: 8.581 Thread 0x000001d5c7f6c030 Exception <a 'java/lang/ClassNotFoundException'{0x0000000089205d48}: com/android/build/gradle/internal/CompileOptions$AgpDecoratedCustomizer> (0x0000000089205d48) 
thrown [s\open\src\hotspot\share\classfile\systemDictionary.cpp, line 256]
Event: 8.582 Thread 0x000001d5c7f6c030 Exception <a 'java/lang/ClassNotFoundException'{0x000000008921ab08}: com/android/build/gradle/internal/CompileOptions$AgpDecorated_DecoratedCustomizer> (0x000000008921ab08) 
thrown [s\open\src\hotspot\share\classfile\systemDictionary.cpp, line 256]
Event: 8.588 Thread 0x000001d5c7f6c030 Exception <a 'java/lang/ClassNotFoundException'{0x00000000892a63c0}: org/gradle/api/internal/artifacts/dsl/dependencies/DefaultDependencyHandler_DecoratedBeanInfo> (0x00000000892a63c0) 
thrown [s\open\src\hotspot\share\classfile\systemDictionary.cpp, line 256]
Event: 8.590 Thread 0x000001d5c7f6c030 Exception <a 'java/lang/ClassNotFoundException'{0x00000000892c05e0}: org/gradle/api/internal/artifacts/dsl/dependencies/DefaultDependencyHandlerBeanInfo> (0x00000000892c05e0) 
thrown [s\open\src\hotspot\share\classfile\systemDictionary.cpp, line 256]
Event: 8.591 Thread 0x000001d5c7f6c030 Exception <a 'java/lang/ClassNotFoundException'{0x00000000892da7d0}: org/gradle/api/internal/artifacts/dsl/dependencies/DefaultDependencyHandlerCustomizer> (0x00000000892da7d0) 
thrown [s\open\src\hotspot\share\classfile\systemDictionary.cpp, line 256]
Event: 8.593 Thread 0x000001d5c7f6c030 Exception <a 'java/lang/ClassNotFoundException'{0x000000008911d5e0}: org/gradle/api/internal/artifacts/dsl/dependencies/DefaultDependencyHandler_DecoratedCustomizer> (0x000000008911d5e0) 
thrown [s\open\src\hotspot\share\classfile\systemDictionary.cpp, line 256]
Event: 8.604 Thread 0x000001d5c7f6c030 Exception <a 'java/lang/ClassNotFoundException'{0x00000000891af5a0}: org/gradle/accessors/dm/LibrariesForLibs$ExtLibraryAccessorsBeanInfo> (0x00000000891af5a0) 
thrown [s\open\src\hotspot\share\classfile\systemDictionary.cpp, line 256]
Event: 8.606 Thread 0x000001d5c7f6c030 Exception <a 'java/lang/ClassNotFoundException'{0x00000000891c9310}: org/gradle/api/internal/catalog/AbstractExternalDependencyFactory$SubDependencyFactoryBeanInfo> (0x00000000891c9310) 
thrown [s\open\src\hotspot\share\classfile\systemDictionary.cpp, line 256]
Event: 8.607 Thread 0x000001d5c7f6c030 Exception <a 'java/lang/ClassNotFoundException'{0x00000000891e3528}: org/gradle/api/internal/catalog/AbstractExternalDependencyFactory$SubDependencyFactoryCustomizer> (0x00000000891e3528) 
thrown [s\open\src\hotspot\share\classfile\systemDictionary.cpp, line 256]
Event: 8.608 Thread 0x000001d5c7f6c030 Exception <a 'java/lang/ClassNotFoundException'{0x00000000891f9f48}: org/gradle/accessors/dm/LibrariesForLibs$ExtLibraryAccessorsCustomizer> (0x00000000891f9f48) 
thrown [s\open\src\hotspot\share\classfile\systemDictionary.cpp, line 256]
Event: 8.610 Thread 0x000001d5c7f6c030 Exception <a 'java/lang/ClassNotFoundException'{0x000000008901d218}: org/gradle/accessors/dm/LibrariesForLibs$EspressoLibraryAccessorsBeanInfo> (0x000000008901d218) 
thrown [s\open\src\hotspot\share\classfile\systemDictionary.cpp, line 256]
Event: 8.612 Thread 0x000001d5c7f6c030 Exception <a 'java/lang/ClassNotFoundException'{0x0000000089031220}: org/gradle/accessors/dm/LibrariesForLibs$EspressoLibraryAccessorsCustomizer> (0x0000000089031220) 
thrown [s\open\src\hotspot\share\classfile\systemDictionary.cpp, line 256]
Event: 8.638 Thread 0x000001d5c7f6c030 Exception <a 'java/lang/NoClassDefFoundError'{0x0000000088e196b0}: org/jetbrains/kotlin/gradle/plugin/KotlinBaseApiPlugin> (0x0000000088e196b0) 
thrown [s\open\src\hotspot\share\classfile\systemDictionary.cpp, line 245]

VM Operations (20 events):
Event: 7.451 Executing VM operation: HandshakeAllThreads
Event: 7.452 Executing VM operation: HandshakeAllThreads done
Event: 7.640 Executing VM operation: HandshakeAllThreads
Event: 7.640 Executing VM operation: HandshakeAllThreads done
Event: 7.656 Executing VM operation: ICBufferFull
Event: 7.656 Executing VM operation: ICBufferFull done
Event: 7.658 Executing VM operation: HandshakeAllThreads
Event: 7.659 Executing VM operation: HandshakeAllThreads done
Event: 7.719 Executing VM operation: HandshakeAllThreads
Event: 7.720 Executing VM operation: HandshakeAllThreads done
Event: 7.794 Executing VM operation: HandshakeAllThreads
Event: 7.794 Executing VM operation: HandshakeAllThreads done
Event: 8.040 Executing VM operation: ICBufferFull
Event: 8.041 Executing VM operation: ICBufferFull done
Event: 8.043 Executing VM operation: G1CollectForAllocation
Event: 8.048 Executing VM operation: G1CollectForAllocation done
Event: 8.067 Executing VM operation: G1CollectForAllocation
Event: 8.070 Executing VM operation: G1CollectForAllocation done
Event: 8.552 Executing VM operation: ICBufferFull
Event: 8.552 Executing VM operation: ICBufferFull done

Events (20 events):
Event: 7.806 Thread 0x000001d580af33e0 flushing nmethod 0x000001d5e9decd90
Event: 7.806 Thread 0x000001d580af33e0 flushing nmethod 0x000001d5e9e05b10
Event: 7.806 Thread 0x000001d580af33e0 flushing nmethod 0x000001d5e9e07090
Event: 7.807 Thread 0x000001d580af33e0 flushing nmethod 0x000001d5e9e73c90
Event: 7.807 Thread 0x000001d580af33e0 flushing nmethod 0x000001d5e9e78790
Event: 7.807 Thread 0x000001d580af33e0 flushing nmethod 0x000001d5e9e78d10
Event: 7.807 Thread 0x000001d580af33e0 flushing nmethod 0x000001d5e9e79110
Event: 7.807 Thread 0x000001d580af33e0 flushing nmethod 0x000001d5e9e79790
Event: 7.807 Thread 0x000001d580af33e0 flushing nmethod 0x000001d5e9e7d390
Event: 7.824 Thread 0x000001d5ccc84870 Thread exited: 0x000001d5ccc84870
Event: 8.180 loading class javax/xml/stream/XMLStreamException
Event: 8.180 loading class javax/xml/stream/XMLStreamException done
Event: 8.269 Thread 0x000001d5c7646fd0 Thread added: 0x000001d5c7646fd0
Event: 8.317 loading class java/lang/StackTraceElement$HashedModules
Event: 8.317 loading class java/lang/StackTraceElement$HashedModules done
Event: 8.366 loading class java/io/CharArrayReader
Event: 8.366 loading class java/io/CharArrayReader done
Event: 8.388 Thread 0x000001d5c7646ac0 Thread added: 0x000001d5c7646ac0
Event: 8.481 loading class java/beans/IntrospectionException
Event: 8.481 loading class java/beans/IntrospectionException done


Dynamic libraries:
0x00007ff61dfa0000 - 0x00007ff61dfb0000 	C:\Program Files\Java\jdk-17\bin\java.exe
0x00007ffd28660000 - 0x00007ffd288c8000 	C:\WINDOWS\SYSTEM32\ntdll.dll
0x00007ffd28420000 - 0x00007ffd284e9000 	C:\WINDOWS\System32\KERNEL32.DLL
0x00007ffd25b50000 - 0x00007ffd25f42000 	C:\WINDOWS\System32\KERNELBASE.dll
0x00007ffd262e0000 - 0x00007ffd2642b000 	C:\WINDOWS\System32\ucrtbase.dll
0x00007ffd056f0000 - 0x00007ffd0570b000 	C:\Program Files\Java\jdk-17\bin\VCRUNTIME140.dll
0x00007ffd08270000 - 0x00007ffd08289000 	C:\Program Files\Java\jdk-17\bin\jli.dll
0x00007ffd27ca0000 - 0x00007ffd27d54000 	C:\WINDOWS\System32\ADVAPI32.dll
0x00007ffd27170000 - 0x00007ffd27219000 	C:\WINDOWS\System32\msvcrt.dll
0x00007ffd273f0000 - 0x00007ffd27496000 	C:\WINDOWS\System32\sechost.dll
0x00007ffd28280000 - 0x00007ffd28398000 	C:\WINDOWS\System32\RPCRT4.dll
0x00007ffd27220000 - 0x00007ffd273e5000 	C:\WINDOWS\System32\USER32.dll
0x00007ffd25f50000 - 0x00007ffd25f77000 	C:\WINDOWS\System32\win32u.dll
0x00007ffd0cfb0000 - 0x00007ffd0d243000 	C:\WINDOWS\WinSxS\amd64_microsoft.windows.common-controls_6595b64144ccf1df_6.0.26100.6899_none_3e0efeeae32e88c1\COMCTL32.dll
0x00007ffd270c0000 - 0x00007ffd270eb000 	C:\WINDOWS\System32\GDI32.dll
0x00007ffd26100000 - 0x00007ffd2622d000 	C:\WINDOWS\System32\gdi32full.dll
0x00007ffd26230000 - 0x00007ffd262d3000 	C:\WINDOWS\System32\msvcp_win.dll
0x00007ffd1f3c0000 - 0x00007ffd1f3cb000 	C:\WINDOWS\SYSTEM32\VERSION.dll
0x00007ffd284f0000 - 0x00007ffd2851f000 	C:\WINDOWS\System32\IMM32.DLL
0x00007ffd05980000 - 0x00007ffd0598c000 	C:\Program Files\Java\jdk-17\bin\vcruntime140_1.dll
0x00007ffc65b40000 - 0x00007ffc65bce000 	C:\Program Files\Java\jdk-17\bin\msvcp140.dll
0x00007ffbdfa40000 - 0x00007ffbe0621000 	C:\Program Files\Java\jdk-17\bin\server\jvm.dll
0x00007ffd27c90000 - 0x00007ffd27c98000 	C:\WINDOWS\System32\PSAPI.DLL
0x00007ffd1b000000 - 0x00007ffd1b035000 	C:\WINDOWS\SYSTEM32\WINMM.dll
0x00007ffd0b800000 - 0x00007ffd0b80a000 	C:\WINDOWS\SYSTEM32\WSOCK32.dll
0x00007ffd266f0000 - 0x00007ffd26764000 	C:\WINDOWS\System32\WS2_32.dll
0x00007ffd24580000 - 0x00007ffd2459b000 	C:\WINDOWS\SYSTEM32\kernel.appcore.dll
0x00007ffd058a0000 - 0x00007ffd058aa000 	C:\Program Files\Java\jdk-17\bin\jimage.dll
0x00007ffd22c00000 - 0x00007ffd22e42000 	C:\WINDOWS\SYSTEM32\DBGHELP.DLL
0x00007ffd27ed0000 - 0x00007ffd2824b000 	C:\WINDOWS\System32\combase.dll
0x00007ffd27b30000 - 0x00007ffd27c07000 	C:\WINDOWS\System32\OLEAUT32.dll
0x00007ffd07930000 - 0x00007ffd0796c000 	C:\WINDOWS\SYSTEM32\dbgcore.DLL
0x00007ffd257f0000 - 0x00007ffd25888000 	C:\WINDOWS\System32\bcryptPrimitives.dll
0x00007ffcf9390000 - 0x00007ffcf939e000 	C:\Program Files\Java\jdk-17\bin\instrument.dll
0x00007ffd03910000 - 0x00007ffd03935000 	C:\Program Files\Java\jdk-17\bin\java.dll
0x00007ffc49720000 - 0x00007ffc497f7000 	C:\Program Files\Java\jdk-17\bin\jsvml.dll
0x00007ffd26770000 - 0x00007ffd26ebd000 	C:\WINDOWS\System32\SHELL32.dll
0x00007ffd259e0000 - 0x00007ffd25b4b000 	C:\WINDOWS\System32\wintypes.dll
0x00007ffd23420000 - 0x00007ffd23c7d000 	C:\WINDOWS\SYSTEM32\windows.storage.dll
0x00007ffd27a30000 - 0x00007ffd27b22000 	C:\WINDOWS\System32\SHCORE.dll
0x00007ffd27c20000 - 0x00007ffd27c82000 	C:\WINDOWS\System32\shlwapi.dll
0x00007ffd25710000 - 0x00007ffd25739000 	C:\WINDOWS\SYSTEM32\profapi.dll
0x00007ffcfab50000 - 0x00007ffcfab68000 	C:\Program Files\Java\jdk-17\bin\zip.dll
0x00007ffd038f0000 - 0x00007ffd03909000 	C:\Program Files\Java\jdk-17\bin\net.dll
0x00007ffd1e790000 - 0x00007ffd1e8af000 	C:\WINDOWS\SYSTEM32\WINHTTP.dll
0x00007ffd24ad0000 - 0x00007ffd24b3b000 	C:\WINDOWS\system32\mswsock.dll
0x00007ffcfab70000 - 0x00007ffcfab86000 	C:\Program Files\Java\jdk-17\bin\nio.dll
0x00007ffd056e0000 - 0x00007ffd056f0000 	C:\Program Files\Java\jdk-17\bin\verify.dll
0x00007ffcf8570000 - 0x00007ffcf8597000 	C:\Users\Laptop K1\.gradle\native\1def1411415f61bf3af743bc5b6707747c0891f09f0c88961ee8f79bc544acac\windows-amd64\native-platform.dll
0x00007ffc9b860000 - 0x00007ffc9b8d8000 	C:\Users\Laptop K1\.gradle\native\0.2.7\x86_64-windows-gnu\gradle-fileevents.dll
0x00007ffd055c0000 - 0x00007ffd055ca000 	C:\Program Files\Java\jdk-17\bin\management.dll
0x00007ffcfa910000 - 0x00007ffcfa91b000 	C:\Program Files\Java\jdk-17\bin\management_ext.dll
0x00007ffd23f80000 - 0x00007ffd23fb4000 	C:\WINDOWS\SYSTEM32\IPHLPAPI.DLL
0x00007ffd264f0000 - 0x00007ffd264fa000 	C:\WINDOWS\System32\NSI.dll
0x00007ffd1eae0000 - 0x00007ffd1eafe000 	C:\WINDOWS\SYSTEM32\dhcpcsvc6.DLL
0x00007ffd1ea30000 - 0x00007ffd1ea53000 	C:\WINDOWS\SYSTEM32\dhcpcsvc.DLL
0x00007ffd24070000 - 0x00007ffd24196000 	C:\WINDOWS\SYSTEM32\DNSAPI.dll
0x00007ffd24eb0000 - 0x00007ffd24ecb000 	C:\WINDOWS\SYSTEM32\CRYPTSP.dll
0x00007ffd244e0000 - 0x00007ffd2451b000 	C:\WINDOWS\system32\rsaenh.dll
0x00007ffd24b70000 - 0x00007ffd24b9b000 	C:\WINDOWS\SYSTEM32\USERENV.dll
0x00007ffd256e0000 - 0x00007ffd25706000 	C:\WINDOWS\SYSTEM32\bcrypt.dll
0x00007ffd24d10000 - 0x00007ffd24d1c000 	C:\WINDOWS\SYSTEM32\CRYPTBASE.dll
0x00007ffcf9380000 - 0x00007ffcf938e000 	C:\Program Files\Java\jdk-17\bin\sunmscapi.dll
0x00007ffd25f80000 - 0x00007ffd260f7000 	C:\WINDOWS\System32\CRYPT32.dll
0x00007ffd25090000 - 0x00007ffd250c0000 	C:\WINDOWS\SYSTEM32\ncrypt.dll
0x00007ffd25020000 - 0x00007ffd2505f000 	C:\WINDOWS\SYSTEM32\NTASN1.dll
0x00007ffc619b0000 - 0x00007ffc619b8000 	C:\WINDOWS\system32\wshunix.dll

dbghelp: loaded successfully - version: 4.0.5 - missing functions: none
symbol engine: initialized successfully - sym options: 0x614 - pdb path: .;C:\Program Files\Java\jdk-17\bin;C:\WINDOWS\SYSTEM32;C:\WINDOWS\WinSxS\amd64_microsoft.windows.common-controls_6595b64144ccf1df_6.0.26100.6899_none_3e0efeeae32e88c1;C:\Program Files\Java\jdk-17\bin\server;C:\Users\Laptop K1\.gradle\native\1def1411415f61bf3af743bc5b6707747c0891f09f0c88961ee8f79bc544acac\windows-amd64;C:\Users\Laptop K1\.gradle\native\0.2.7\x86_64-windows-gnu

VM Arguments:
jvm_args: --add-opens=java.base/java.lang=ALL-UNNAMED --add-opens=java.base/java.lang.invoke=ALL-UNNAMED --add-opens=java.base/java.util=ALL-UNNAMED --add-opens=java.prefs/java.util.prefs=ALL-UNNAMED --add-exports=jdk.compiler/com.sun.tools.javac.api=ALL-UNNAMED --add-exports=jdk.compiler/com.sun.tools.javac.util=ALL-UNNAMED --add-opens=java.base/java.util=ALL-UNNAMED --add-opens=java.prefs/java.util.prefs=ALL-UNNAMED --add-opens=java.base/java.nio.charset=ALL-UNNAMED --add-opens=java.base/java.net=ALL-UNNAMED --add-opens=java.base/java.util.concurrent.atomic=ALL-UNNAMED --add-opens=java.xml/javax.xml.namespace=ALL-UNNAMED -Xmx2048m -Dfile.encoding=UTF-8 -Duser.country=US -Duser.language=en -Duser.variant -javaagent:C:\Users\Laptop K1\.gradle\wrapper\dists\gradle-8.13-bin\5xuhj0ry160q40clulazy9h7d\gradle-8.13\lib\agents\gradle-instrumentation-agent-8.13.jar 
java_command: org.gradle.launcher.daemon.bootstrap.GradleDaemon 8.13
java_class_path (initial): C:\Users\Laptop K1\.gradle\wrapper\dists\gradle-8.13-bin\5xuhj0ry160q40clulazy9h7d\gradle-8.13\lib\gradle-daemon-main-8.13.jar
Launcher Type: SUN_STANDARD

[Global flags]
     intx CICompilerCount                          = 12                                        {product} {ergonomic}
     uint ConcGCThreads                            = 3                                         {product} {ergonomic}
     uint G1ConcRefinementThreads                  = 13                                        {product} {ergonomic}
   size_t G1HeapRegionSize                         = 1048576                                   {product} {ergonomic}
    uintx GCDrainStackTargetSize                   = 64                                        {product} {ergonomic}
   size_t InitialHeapSize                          = 266338304                                 {product} {ergonomic}
   size_t MarkStackSize                            = 4194304                                   {product} {ergonomic}
   size_t MaxHeapSize                              = 2147483648                                {product} {command line}
   size_t MaxNewSize                               = 1287651328                                {product} {ergonomic}
   size_t MinHeapDeltaBytes                        = 1048576                                   {product} {ergonomic}
   size_t MinHeapSize                              = 8388608                                   {product} {ergonomic}
    uintx NonNMethodCodeHeapSize                   = 7602480                                {pd product} {ergonomic}
    uintx NonProfiledCodeHeapSize                  = 122027880                              {pd product} {ergonomic}
    uintx ProfiledCodeHeapSize                     = 122027880                              {pd product} {ergonomic}
    uintx ReservedCodeCacheSize                    = 251658240                              {pd product} {ergonomic}
     bool SegmentedCodeCache                       = true                                      {product} {ergonomic}
   size_t SoftMaxHeapSize                          = 2147483648                             {manageable} {ergonomic}
     bool UseCompressedClassPointers               = true                           {product lp64_product} {ergonomic}
     bool UseCompressedOops                        = true                           {product lp64_product} {ergonomic}
     bool UseG1GC                                  = true                                      {product} {ergonomic}
     bool UseLargePagesIndividualAllocation        = false                                  {pd product} {ergonomic}

Logging:
Log output configuration:
 #0: stdout all=warning uptime,level,tags
 #1: stderr all=off uptime,level,tags

Environment Variables:
CLASSPATH=E:\HocTap\Ky8\PRM392\AppThiLaiXe\\gradle\wrapper\gradle-wrapper.jar
PATH=C:\Python312\Scripts\;C:\Python312\;C:\Program Files\Common Files\Oracle\Java\javapath;C:\Program Files (x86)\Common Files\Oracle\Java\javapath;C:\WINDOWS\system32;C:\WINDOWS;C:\WINDOWS\System32\Wbem;C:\WINDOWS\System32\WindowsPowerShell\v1.0\;C:\WINDOWS\System32\OpenSSH\;C:\Program Files\Common Files\Autodesk Shared\;C:\Program Files\Microsoft SQL Server\120\Tools\Binn\;C:\Program Files (x86)\Microsoft SQL Server\160\DTS\Binn\;C:\Program Files\Azure Data Studio\bin;C:\Program Files\dotnet\;C:\Program Files (x86)\Microsoft SQL Server\160\Tools\Binn\;C:\Program Files\Microsoft SQL Server\160\Tools\Binn\;C:\Program Files\Microsoft SQL Server\Client SDK\ODBC\170\Tools\Binn\;C:\Program Files\Microsoft SQL Server\160\DTS\Binn\;C:\ProgramData\chocolatey\bin;C:\Program Files\Git\cmd;C:\Program Files (x86)\NVIDIA Corporation\PhysX\Common;C:\Program Files\NVIDIA Corporation\NVIDIA app\NvDLISR;C:\WINDOWS\system32;C:\WINDOWS;C:\WINDOWS\System32\Wbem;C:\WINDOWS\System32\WindowsPowerShell\v1.0\;C:\WINDOWS\System32\OpenSSH\;E:\Node\nvm;E:\Node\nodejs;e:\cursor\resources\app\bin;C:\Program Files\Cloudflare\Cloudflare WARP\;C:\Program Files\Docker\Docker\resources\bin;C:\Users\Laptop K1\.console-ninja\.bin;C:\Users\Laptop K1\AppData\Local\Microsoft\WindowsApps;C:\Program Files\Azure Data Studio\bin;C:\Users\Laptop K1\AppData\Local\GitHubDesktop\bin;C:\Users\Laptop K1\AppData\Roaming\npm;C:\Users\Laptop K1\AppData\Local\Microsoft\WindowsApps;E:\Node\nvm;E:\Node\nodejs;E:\cursor\resources\app\bin;C:\Users\Laptop K1\AppData\Local\Programs\Microsoft VS Code\bin
USERNAME=Laptop K1
OS=Windows_NT
PROCESSOR_IDENTIFIER=Intel64 Family 6 Model 141 Stepping 1, GenuineIntel



---------------  S Y S T E M  ---------------

OS:
 Windows 11 , 64 bit Build 26100 (10.0.26100.6725)
OS uptime: 0 days 0:51 hours
Hyper-V role detected

CPU: total 16 (initial active 16) (8 cores per cpu, 2 threads per core) family 6 model 141 stepping 1 microcode 0x50, cx8, cmov, fxsr, ht, mmx, 3dnowpref, sse, sse2, sse3, ssse3, sse4.1, sse4.2, popcnt, lzcnt, tsc, tscinvbit, avx, avx2, aes, erms, clmul, bmi1, bmi2, adx, avx512f, avx512dq, avx512cd, avx512bw, avx512vl, sha, fma, vzeroupper, avx512_vpopcntdq, avx512_vpclmulqdq, avx512_vaes, avx512_vnni, clflush, clflushopt, clwb, avx512_vbmi2, avx512_vbmi, hv

Memory: 4k page, system-wide physical 16167M (1708M free)
TotalPageFile size 20496M (AvailPageFile size 5M)
current process WorkingSet (physical memory assigned to process): 481M, peak: 484M
current process commit charge ("private bytes"): 553M, peak: 555M

vm_info: Java HotSpot(TM) 64-Bit Server VM (17.0.9+11-LTS-201) for windows-amd64 JRE (17.0.9+11-LTS-201), built on Oct 10 2023 23:16:06 by "mach5one" with MS VC++ 17.1 (VS2022)

END.
