#
# There is insufficient memory for the Java Runtime Environment to continue.
# Native memory allocation (malloc) failed to allocate 1883536 bytes for Chunk::new
# Possible reasons:
#   The system is out of physical RAM or swap space
#   The process is running with CompressedOops enabled, and the Java Heap may be blocking the growth of the native heap
# Possible solutions:
#   Reduce memory load on the system
#   Increase physical memory or swap space
#   Check if swap backing store is full
#   Decrease Java heap size (-Xmx/-Xms)
#   Decrease number of Java threads
#   Decrease Java thread stack sizes (-Xss)
#   Set larger code cache with -XX:ReservedCodeCacheSize=
#   JVM is running with Unscaled Compressed Oops mode in which the Java heap is
#     placed in the first 4GB address space. The Java Heap base address is the
#     maximum limit for the native heap growth. Please use -XX:HeapBaseMinAddress
#     to set the Java Heap base and to place the Java Heap above 4GB virtual address.
# This output file may be truncated or incomplete.
#
#  Out of Memory Error (arena.cpp:189), pid=24956, tid=22876
#
# JRE version: Java(TM) SE Runtime Environment (17.0.9+11) (build 17.0.9+11-LTS-201)
# Java VM: Java HotSpot(TM) 64-Bit Server VM (17.0.9+11-LTS-201, mixed mode, sharing, tiered, compressed oops, compressed class ptrs, g1 gc, windows-amd64)
# No core dump will be written. Minidumps are not enabled by default on client versions of Windows
#

---------------  S U M M A R Y ------------

Command Line: --add-opens=java.base/java.lang=ALL-UNNAMED --add-opens=java.base/java.lang.invoke=ALL-UNNAMED --add-opens=java.base/java.util=ALL-UNNAMED --add-opens=java.prefs/java.util.prefs=ALL-UNNAMED --add-exports=jdk.compiler/com.sun.tools.javac.api=ALL-UNNAMED --add-exports=jdk.compiler/com.sun.tools.javac.util=ALL-UNNAMED --add-opens=java.base/java.util=ALL-UNNAMED --add-opens=java.prefs/java.util.prefs=ALL-UNNAMED --add-opens=java.base/java.nio.charset=ALL-UNNAMED --add-opens=java.base/java.net=ALL-UNNAMED --add-opens=java.base/java.util.concurrent.atomic=ALL-UNNAMED --add-opens=java.xml/javax.xml.namespace=ALL-UNNAMED -Xmx2048m -Dfile.encoding=UTF-8 -Duser.country=US -Duser.language=en -Duser.variant -javaagent:C:\Users\Laptop K1\.gradle\wrapper\dists\gradle-8.13-bin\5xuhj0ry160q40clulazy9h7d\gradle-8.13\lib\agents\gradle-instrumentation-agent-8.13.jar org.gradle.launcher.daemon.bootstrap.GradleDaemon 8.13

Host: 11th Gen Intel(R) Core(TM) i7-11800H @ 2.30GHz, 16 cores, 15G,  Windows 11 , 64 bit Build 26100 (10.0.26100.6725)
Time: Thu Nov  6 13:51:27 2025 SE Asia Standard Time elapsed time: 7.654993 seconds (0d 0h 0m 7s)

---------------  T H R E A D  ---------------

Current thread (0x000001c780a88090):  JavaThread "C2 CompilerThread4" daemon [_thread_in_native, id=22876, stack(0x000000c6abe00000,0x000000c6abf00000)]


Current CompileTask:
C2:   7655 9262   !   4       java.lang.reflect.Executable::declaredAnnotations (85 bytes)

Stack: [0x000000c6abe00000,0x000000c6abf00000]
Native frames: (J=compiled Java code, j=interpreted, Vv=VM code, C=native code)
V  [jvm.dll+0x678a4a]
V  [jvm.dll+0x7d9cfd]
V  [jvm.dll+0x7db60e]
V  [jvm.dll+0x7dbc73]
V  [jvm.dll+0x245e1f]
V  [jvm.dll+0xaaafb]
V  [jvm.dll+0xab09c]
V  [jvm.dll+0x36232f]
V  [jvm.dll+0x32ca01]
V  [jvm.dll+0x32be9a]
V  [jvm.dll+0x21812f]
V  [jvm.dll+0x217561]
V  [jvm.dll+0x1a3bc0]
V  [jvm.dll+0x2272de]
V  [jvm.dll+0x22548b]
V  [jvm.dll+0x78f58c]
V  [jvm.dll+0x78998a]
V  [jvm.dll+0x677875]
C  [ucrtbase.dll+0x37b0]
C  [KERNEL32.DLL+0x2e8d7]
C  [ntdll.dll+0x8c53c]


---------------  P R O C E S S  ---------------

Threads class SMR info:
_java_thread_list=0x000001c7cd8580b0, length=93, elements={
0x000001c7e19c6dc0, 0x000001c780757440, 0x000001c780757f10, 0x000001c78076dd10,
0x000001c7807706f0, 0x000001c780770fc0, 0x000001c780771890, 0x000001c780772540,
0x000001c78077df30, 0x000001c78078b450, 0x000001c7808b3ed0, 0x000001c7808b6cc0,
0x000001c7808bf280, 0x000001c7808bfa90, 0x000001c78090f000, 0x000001c780a2e890,
0x000001c780acd0b0, 0x000001c7c8b96000, 0x000001c7c7c59370, 0x000001c7c7c2bd40,
0x000001c7c66c1540, 0x000001c7c66c1030, 0x000001c7c66c2980, 0x000001c7c66c1f60,
0x000001c7c66c2e90, 0x000001c7c66c1a50, 0x000001c7c66c33a0, 0x000001c7c66c3dc0,
0x000001c7c66c0610, 0x000001c7c66c0b20, 0x000001c7c66c38b0, 0x000001c7cb0f32b0,
0x000001c7cb0f2890, 0x000001c7cb0f1e70, 0x000001c7cb0f1960, 0x000001c7cb0f0f40,
0x000001c7cb0f0010, 0x000001c7cb0f3cd0, 0x000001c7cb0f2380, 0x000001c7cb0f2da0,
0x000001c7cb0f0520, 0x000001c7cb0f0a30, 0x000001c7cb0f6a60, 0x000001c7cb0f5110,
0x000001c7cb0f5620, 0x000001c7cb0f6f70, 0x000001c7cb0f6550, 0x000001c7cb0f5b30,
0x000001c7cb0f46f0, 0x000001c7cb0f4c00, 0x000001c7cb0f7480, 0x000001c7cb0f6040,
0x000001c7cb0f7990, 0x000001c7c8172c60, 0x000001c7c8172240, 0x000001c7c8174fd0,
0x000001c7cbab3740, 0x000001c780a88090, 0x000001c7c6a0f060, 0x000001c7cc94b300,
0x000001c7c81740a0, 0x000001c7c8173170, 0x000001c7c8173b90, 0x000001c7c81745b0,
0x000001c7c8174ac0, 0x000001c7c8171820, 0x000001c7c8173680, 0x000001c7c8172750,
0x000001c7c81754e0, 0x000001c7c8171d30, 0x000001c7c81759f0, 0x000001c7c8178c90,
0x000001c7c8176410, 0x000001c7c8175f00, 0x000001c7c8177850, 0x000001c7c8177d60,
0x000001c7c8176920, 0x000001c7c8176e30, 0x000001c7c8178270, 0x000001c7c8177340,
0x000001c7c8178780, 0x000001c7c85052c0, 0x000001c7c8504db0, 0x000001c7c8503e80,
0x000001c7c8502a40, 0x000001c7c85057d0, 0x000001c7c8502020, 0x000001c7c85048a0,
0x000001c7c8505ce0, 0x000001c7c8502530, 0x000001c7c85061f0, 0x000001c7c8502f50,
0x000001c7c8506c10
}

Java Threads: ( => current thread )
  0x000001c7e19c6dc0 JavaThread "main" [_thread_blocked, id=4572, stack(0x000000c6a6f00000,0x000000c6a7000000)]
  0x000001c780757440 JavaThread "Reference Handler" daemon [_thread_blocked, id=26788, stack(0x000000c6a7600000,0x000000c6a7700000)]
  0x000001c780757f10 JavaThread "Finalizer" daemon [_thread_blocked, id=21992, stack(0x000000c6a7700000,0x000000c6a7800000)]
  0x000001c78076dd10 JavaThread "Signal Dispatcher" daemon [_thread_blocked, id=28288, stack(0x000000c6a7800000,0x000000c6a7900000)]
  0x000001c7807706f0 JavaThread "Attach Listener" daemon [_thread_blocked, id=22676, stack(0x000000c6a7900000,0x000000c6a7a00000)]
  0x000001c780770fc0 JavaThread "Service Thread" daemon [_thread_blocked, id=25168, stack(0x000000c6a7a00000,0x000000c6a7b00000)]
  0x000001c780771890 JavaThread "Monitor Deflation Thread" daemon [_thread_blocked, id=24780, stack(0x000000c6a7b00000,0x000000c6a7c00000)]
  0x000001c780772540 JavaThread "C2 CompilerThread0" daemon [_thread_in_native, id=21856, stack(0x000000c6a7c00000,0x000000c6a7d00000)]
  0x000001c78077df30 JavaThread "C1 CompilerThread0" daemon [_thread_blocked, id=21540, stack(0x000000c6a7d00000,0x000000c6a7e00000)]
  0x000001c78078b450 JavaThread "Sweeper thread" daemon [_thread_blocked, id=17236, stack(0x000000c6a7e00000,0x000000c6a7f00000)]
  0x000001c7808b3ed0 JavaThread "Common-Cleaner" daemon [_thread_blocked, id=10596, stack(0x000000c6a7f00000,0x000000c6a8000000)]
  0x000001c7808b6cc0 JavaThread "C1 CompilerThread1" daemon [_thread_blocked, id=12352, stack(0x000000c6a8000000,0x000000c6a8100000)]
  0x000001c7808bf280 JavaThread "C1 CompilerThread2" daemon [_thread_blocked, id=6332, stack(0x000000c6a8100000,0x000000c6a8200000)]
  0x000001c7808bfa90 JavaThread "C1 CompilerThread3" daemon [_thread_blocked, id=7088, stack(0x000000c6a8200000,0x000000c6a8300000)]
  0x000001c78090f000 JavaThread "C2 CompilerThread1" daemon [_thread_blocked, id=7024, stack(0x000000c6a8300000,0x000000c6a8400000)]
  0x000001c780a2e890 JavaThread "Notification Thread" daemon [_thread_blocked, id=20604, stack(0x000000c6a8400000,0x000000c6a8500000)]
  0x000001c780acd0b0 JavaThread "C2 CompilerThread2" daemon [_thread_in_native, id=10520, stack(0x000000c6a8600000,0x000000c6a8700000)]
  0x000001c7c8b96000 JavaThread "Daemon health stats" [_thread_blocked, id=6160, stack(0x000000c6a8800000,0x000000c6a8900000)]
  0x000001c7c7c59370 JavaThread "Incoming local TCP Connector on port 54346" [_thread_in_native, id=22588, stack(0x000000c6a8e00000,0x000000c6a8f00000)]
  0x000001c7c7c2bd40 JavaThread "Daemon periodic checks" [_thread_blocked, id=1792, stack(0x000000c6a8f00000,0x000000c6a9000000)]
  0x000001c7c66c1540 JavaThread "Daemon" [_thread_blocked, id=20004, stack(0x000000c6a9000000,0x000000c6a9100000)]
  0x000001c7c66c1030 JavaThread "Handler for socket connection from /127.0.0.1:54346 to /127.0.0.1:54347" [_thread_in_native, id=23652, stack(0x000000c6a9100000,0x000000c6a9200000)]
  0x000001c7c66c2980 JavaThread "Cancel handler" [_thread_blocked, id=28424, stack(0x000000c6a9200000,0x000000c6a9300000)]
  0x000001c7c66c1f60 JavaThread "Daemon worker" [_thread_in_native, id=17060, stack(0x000000c6a9300000,0x000000c6a9400000)]
  0x000001c7c66c2e90 JavaThread "Asynchronous log dispatcher for DefaultDaemonConnection: socket connection from /127.0.0.1:54346 to /127.0.0.1:54347" [_thread_blocked, id=5776, stack(0x000000c6a9400000,0x000000c6a9500000)]
  0x000001c7c66c1a50 JavaThread "Stdin handler" [_thread_blocked, id=11244, stack(0x000000c6a9500000,0x000000c6a9600000)]
  0x000001c7c66c33a0 JavaThread "Daemon client event forwarder" [_thread_blocked, id=26264, stack(0x000000c6a9600000,0x000000c6a9700000)]
  0x000001c7c66c3dc0 JavaThread "Cache worker for journal cache (C:\Users\Laptop K1\.gradle\caches\journal-1)" [_thread_blocked, id=19996, stack(0x000000c6a9700000,0x000000c6a9800000)]
  0x000001c7c66c0610 JavaThread "File lock request listener" [_thread_in_native, id=5772, stack(0x000000c6a9800000,0x000000c6a9900000)]
  0x000001c7c66c0b20 JavaThread "Cache worker for file hash cache (C:\Users\Laptop K1\.gradle\caches\8.13\fileHashes)" [_thread_blocked, id=16916, stack(0x000000c6a9900000,0x000000c6a9a00000)]
  0x000001c7c66c38b0 JavaThread "Cache worker for file hash cache (E:\HocTap\Ky8\PRM392\AppThiLaiXe\.gradle\8.13\fileHashes)" [_thread_blocked, id=18968, stack(0x000000c6a9a00000,0x000000c6a9b00000)]
  0x000001c7cb0f32b0 JavaThread "Cache worker for Build Output Cleanup Cache (E:\HocTap\Ky8\PRM392\AppThiLaiXe\.gradle\buildOutputCleanup)" [_thread_blocked, id=25524, stack(0x000000c6a9b00000,0x000000c6a9c00000)]
  0x000001c7cb0f2890 JavaThread "File watcher server" daemon [_thread_in_native, id=26100, stack(0x000000c6aa500000,0x000000c6aa600000)]
  0x000001c7cb0f1e70 JavaThread "File watcher consumer" daemon [_thread_blocked, id=15724, stack(0x000000c6aa600000,0x000000c6aa700000)]
  0x000001c7cb0f1960 JavaThread "jar transforms" [_thread_blocked, id=15448, stack(0x000000c6aa800000,0x000000c6aa900000)]
  0x000001c7cb0f0f40 JavaThread "Cache worker for checksums cache (E:\HocTap\Ky8\PRM392\AppThiLaiXe\.gradle\8.13\checksums)" [_thread_blocked, id=10620, stack(0x000000c6aa900000,0x000000c6aaa00000)]
  0x000001c7cb0f0010 JavaThread "Cache worker for file content cache (C:\Users\Laptop K1\.gradle\caches\8.13\fileContent)" [_thread_blocked, id=12832, stack(0x000000c6aaa00000,0x000000c6aab00000)]
  0x000001c7cb0f3cd0 JavaThread "Cache worker for cache directory md-supplier (C:\Users\Laptop K1\.gradle\caches\8.13\md-supplier)" [_thread_blocked, id=12572, stack(0x000000c6aab00000,0x000000c6aac00000)]
  0x000001c7cb0f2380 JavaThread "Cache worker for cache directory md-rule (C:\Users\Laptop K1\.gradle\caches\8.13\md-rule)" [_thread_blocked, id=13064, stack(0x000000c6aac00000,0x000000c6aad00000)]
  0x000001c7cb0f2da0 JavaThread "jar transforms Thread 2" [_thread_blocked, id=25236, stack(0x000000c6aad00000,0x000000c6aae00000)]
  0x000001c7cb0f0520 JavaThread "jar transforms Thread 3" [_thread_blocked, id=14452, stack(0x000000c6aae00000,0x000000c6aaf00000)]
  0x000001c7cb0f0a30 JavaThread "Unconstrained build operations" [_thread_blocked, id=15460, stack(0x000000c6a8700000,0x000000c6a8800000)]
  0x000001c7cb0f6a60 JavaThread "Unconstrained build operations Thread 2" [_thread_blocked, id=6936, stack(0x000000c6aa700000,0x000000c6aa800000)]
  0x000001c7cb0f5110 JavaThread "Unconstrained build operations Thread 3" [_thread_blocked, id=26704, stack(0x000000c6ab000000,0x000000c6ab100000)]
  0x000001c7cb0f5620 JavaThread "Unconstrained build operations Thread 4" [_thread_blocked, id=4592, stack(0x000000c6ab100000,0x000000c6ab200000)]
  0x000001c7cb0f6f70 JavaThread "Unconstrained build operations Thread 5" [_thread_blocked, id=15396, stack(0x000000c6ab200000,0x000000c6ab300000)]
  0x000001c7cb0f6550 JavaThread "Unconstrained build operations Thread 6" [_thread_blocked, id=2416, stack(0x000000c6ab300000,0x000000c6ab400000)]
  0x000001c7cb0f5b30 JavaThread "Unconstrained build operations Thread 7" [_thread_blocked, id=4584, stack(0x000000c6ab400000,0x000000c6ab500000)]
  0x000001c7cb0f46f0 JavaThread "Unconstrained build operations Thread 8" [_thread_blocked, id=5172, stack(0x000000c6ab500000,0x000000c6ab600000)]
  0x000001c7cb0f4c00 JavaThread "Unconstrained build operations Thread 9" [_thread_blocked, id=25908, stack(0x000000c6ab600000,0x000000c6ab700000)]
  0x000001c7cb0f7480 JavaThread "Unconstrained build operations Thread 10" [_thread_blocked, id=28200, stack(0x000000c6ab700000,0x000000c6ab800000)]
  0x000001c7cb0f6040 JavaThread "Unconstrained build operations Thread 11" [_thread_blocked, id=6428, stack(0x000000c6ab800000,0x000000c6ab900000)]
  0x000001c7cb0f7990 JavaThread "Unconstrained build operations Thread 12" [_thread_blocked, id=11340, stack(0x000000c6ab900000,0x000000c6aba00000)]
  0x000001c7c8172c60 JavaThread "Unconstrained build operations Thread 13" [_thread_blocked, id=20540, stack(0x000000c6aba00000,0x000000c6abb00000)]
  0x000001c7c8172240 JavaThread "Unconstrained build operations Thread 14" [_thread_blocked, id=26308, stack(0x000000c6abb00000,0x000000c6abc00000)]
  0x000001c7c8174fd0 JavaThread "Unconstrained build operations Thread 15" [_thread_blocked, id=20272, stack(0x000000c6abc00000,0x000000c6abd00000)]
  0x000001c7cbab3740 JavaThread "C2 CompilerThread3" daemon [_thread_in_native, id=28316, stack(0x000000c6abd00000,0x000000c6abe00000)]
=>0x000001c780a88090 JavaThread "C2 CompilerThread4" daemon [_thread_in_native, id=22876, stack(0x000000c6abe00000,0x000000c6abf00000)]
  0x000001c7c6a0f060 JavaThread "C2 CompilerThread5" daemon [_thread_blocked, id=17224, stack(0x000000c6abf00000,0x000000c6ac000000)]
  0x000001c7cc94b300 JavaThread "C2 CompilerThread6" daemon [_thread_in_native, id=11972, stack(0x000000c6ac000000,0x000000c6ac100000)]
  0x000001c7c81740a0 JavaThread "Unconstrained build operations Thread 16" [_thread_blocked, id=22276, stack(0x000000c6ac200000,0x000000c6ac300000)]
  0x000001c7c8173170 JavaThread "Unconstrained build operations Thread 17" [_thread_blocked, id=15696, stack(0x000000c6ac300000,0x000000c6ac400000)]
  0x000001c7c8173b90 JavaThread "Unconstrained build operations Thread 18" [_thread_blocked, id=20096, stack(0x000000c6ac400000,0x000000c6ac500000)]
  0x000001c7c81745b0 JavaThread "Unconstrained build operations Thread 19" [_thread_blocked, id=18360, stack(0x000000c6ac500000,0x000000c6ac600000)]
  0x000001c7c8174ac0 JavaThread "Unconstrained build operations Thread 20" [_thread_blocked, id=13636, stack(0x000000c6ac600000,0x000000c6ac700000)]
  0x000001c7c8171820 JavaThread "Unconstrained build operations Thread 21" [_thread_blocked, id=21104, stack(0x000000c6ac700000,0x000000c6ac800000)]
  0x000001c7c8173680 JavaThread "Unconstrained build operations Thread 22" [_thread_blocked, id=28472, stack(0x000000c6ac800000,0x000000c6ac900000)]
  0x000001c7c8172750 JavaThread "Unconstrained build operations Thread 23" [_thread_blocked, id=28036, stack(0x000000c6ac900000,0x000000c6aca00000)]
  0x000001c7c81754e0 JavaThread "Unconstrained build operations Thread 24" [_thread_blocked, id=27276, stack(0x000000c6aca00000,0x000000c6acb00000)]
  0x000001c7c8171d30 JavaThread "Unconstrained build operations Thread 25" [_thread_blocked, id=20164, stack(0x000000c6acb00000,0x000000c6acc00000)]
  0x000001c7c81759f0 JavaThread "Unconstrained build operations Thread 26" [_thread_blocked, id=28180, stack(0x000000c6acc00000,0x000000c6acd00000)]
  0x000001c7c8178c90 JavaThread "Unconstrained build operations Thread 27" [_thread_blocked, id=23072, stack(0x000000c6acd00000,0x000000c6ace00000)]
  0x000001c7c8176410 JavaThread "Unconstrained build operations Thread 28" [_thread_blocked, id=26080, stack(0x000000c6ace00000,0x000000c6acf00000)]
  0x000001c7c8175f00 JavaThread "Unconstrained build operations Thread 29" [_thread_blocked, id=12144, stack(0x000000c6acf00000,0x000000c6ad000000)]
  0x000001c7c8177850 JavaThread "Unconstrained build operations Thread 30" [_thread_blocked, id=17836, stack(0x000000c6ad000000,0x000000c6ad100000)]
  0x000001c7c8177d60 JavaThread "Unconstrained build operations Thread 31" [_thread_blocked, id=26444, stack(0x000000c6ad100000,0x000000c6ad200000)]
  0x000001c7c8176920 JavaThread "Unconstrained build operations Thread 32" [_thread_blocked, id=24424, stack(0x000000c6ad200000,0x000000c6ad300000)]
  0x000001c7c8176e30 JavaThread "Unconstrained build operations Thread 33" [_thread_blocked, id=22936, stack(0x000000c6ad300000,0x000000c6ad400000)]
  0x000001c7c8178270 JavaThread "Unconstrained build operations Thread 34" [_thread_blocked, id=16968, stack(0x000000c6ad400000,0x000000c6ad500000)]
  0x000001c7c8177340 JavaThread "Unconstrained build operations Thread 35" [_thread_blocked, id=15432, stack(0x000000c6ad500000,0x000000c6ad600000)]
  0x000001c7c8178780 JavaThread "Unconstrained build operations Thread 36" [_thread_blocked, id=13040, stack(0x000000c6ad600000,0x000000c6ad700000)]
  0x000001c7c85052c0 JavaThread "Unconstrained build operations Thread 37" [_thread_blocked, id=8268, stack(0x000000c6ad700000,0x000000c6ad800000)]
  0x000001c7c8504db0 JavaThread "Unconstrained build operations Thread 38" [_thread_blocked, id=27732, stack(0x000000c6ad800000,0x000000c6ad900000)]
  0x000001c7c8503e80 JavaThread "Unconstrained build operations Thread 39" [_thread_blocked, id=18344, stack(0x000000c6ad900000,0x000000c6ada00000)]
  0x000001c7c8502a40 JavaThread "Unconstrained build operations Thread 40" [_thread_blocked, id=22952, stack(0x000000c6ada00000,0x000000c6adb00000)]
  0x000001c7c85057d0 JavaThread "Unconstrained build operations Thread 41" [_thread_blocked, id=25024, stack(0x000000c6adb00000,0x000000c6adc00000)]
  0x000001c7c8502020 JavaThread "Unconstrained build operations Thread 42" [_thread_blocked, id=26292, stack(0x000000c6adc00000,0x000000c6add00000)]
  0x000001c7c85048a0 JavaThread "Unconstrained build operations Thread 43" [_thread_blocked, id=23036, stack(0x000000c6add00000,0x000000c6ade00000)]
  0x000001c7c8505ce0 JavaThread "Unconstrained build operations Thread 44" [_thread_blocked, id=19284, stack(0x000000c6ade00000,0x000000c6adf00000)]
  0x000001c7c8502530 JavaThread "Unconstrained build operations Thread 45" [_thread_blocked, id=22708, stack(0x000000c6adf00000,0x000000c6ae000000)]
  0x000001c7c85061f0 JavaThread "jar transforms Thread 4" [_thread_blocked, id=6092, stack(0x000000c6ae000000,0x000000c6ae100000)]
  0x000001c7c8502f50 JavaThread "jar transforms Thread 5" [_thread_blocked, id=8584, stack(0x000000c6ae100000,0x000000c6ae200000)]
  0x000001c7c8506c10 JavaThread "Memory manager" [_thread_blocked, id=10644, stack(0x000000c6ac100000,0x000000c6ac200000)]

Other Threads:
  0x000001c78074ec70 VMThread "VM Thread" [stack: 0x000000c6a7500000,0x000000c6a7600000] [id=27716]
  0x000001c7e1a85300 WatcherThread [stack: 0x000000c6a8500000,0x000000c6a8600000] [id=14528]
  0x000001c7e1a22560 GCTaskThread "GC Thread#0" [stack: 0x000000c6a7000000,0x000000c6a7100000] [id=22808]
  0x000001c7c66a02f0 GCTaskThread "GC Thread#1" [stack: 0x000000c6a8900000,0x000000c6a8a00000] [id=21776]
  0x000001c7c669e6c0 GCTaskThread "GC Thread#2" [stack: 0x000000c6a8a00000,0x000000c6a8b00000] [id=18288]
  0x000001c7c68490b0 GCTaskThread "GC Thread#3" [stack: 0x000000c6a8b00000,0x000000c6a8c00000] [id=11892]
  0x000001c7c6849370 GCTaskThread "GC Thread#4" [stack: 0x000000c6a8c00000,0x000000c6a8d00000] [id=26352]
  0x000001c7c679c580 GCTaskThread "GC Thread#5" [stack: 0x000000c6a8d00000,0x000000c6a8e00000] [id=23380]
  0x000001c7c8d64530 GCTaskThread "GC Thread#6" [stack: 0x000000c6a9c00000,0x000000c6a9d00000] [id=20728]
  0x000001c7c8d63770 GCTaskThread "GC Thread#7" [stack: 0x000000c6a9d00000,0x000000c6a9e00000] [id=16896]
  0x000001c7c8d647f0 GCTaskThread "GC Thread#8" [stack: 0x000000c6a9e00000,0x000000c6a9f00000] [id=27316]
  0x000001c7c8d63fb0 GCTaskThread "GC Thread#9" [stack: 0x000000c6a9f00000,0x000000c6aa000000] [id=27540]
  0x000001c7c8d64ab0 GCTaskThread "GC Thread#10" [stack: 0x000000c6aa000000,0x000000c6aa100000] [id=3928]
  0x000001c7c8d64d70 GCTaskThread "GC Thread#11" [stack: 0x000000c6aa100000,0x000000c6aa200000] [id=20064]
  0x000001c7c8d634b0 GCTaskThread "GC Thread#12" [stack: 0x000000c6aa200000,0x000000c6aa300000] [id=21316]
  0x000001c7e1a350a0 ConcurrentGCThread "G1 Main Marker" [stack: 0x000000c6a7100000,0x000000c6a7200000] [id=21996]
  0x000001c7e1a359c0 ConcurrentGCThread "G1 Conc#0" [stack: 0x000000c6a7200000,0x000000c6a7300000] [id=19412]
  0x000001c7c8d64270 ConcurrentGCThread "G1 Conc#1" [stack: 0x000000c6aa300000,0x000000c6aa400000] [id=19168]
  0x000001c7c8d65030 ConcurrentGCThread "G1 Conc#2" [stack: 0x000000c6aa400000,0x000000c6aa500000] [id=8064]
  0x000001c780604eb0 ConcurrentGCThread "G1 Refine#0" [stack: 0x000000c6a7300000,0x000000c6a7400000] [id=6212]
  0x000001c7806076b0 ConcurrentGCThread "G1 Service" [stack: 0x000000c6a7400000,0x000000c6a7500000] [id=20552]

Threads with active compile tasks:
C2 CompilerThread0     7671 9291       4       sun.reflect.generics.visitor.Reifier::visitClassTypeSignature (381 bytes)
C2 CompilerThread3     7671 9264       4       java.lang.reflect.Method::getAnnotation (6 bytes)
C2 CompilerThread4     7671 9262   !   4       java.lang.reflect.Executable::declaredAnnotations (85 bytes)
C2 CompilerThread6     7671 9258   !   4       com.google.common.reflect.TypeVisitor::visit (225 bytes)

VM state: not at safepoint (normal execution)

VM Mutex/Monitor currently owned by a thread: None

Heap address: 0x0000000080000000, size: 2048 MB, Compressed Oops mode: 32-bit

CDS archive(s) mapped at: [0x000001c781000000-0x000001c781bd0000-0x000001c781bd0000), size 12386304, SharedBaseAddress: 0x000001c781000000, ArchiveRelocationMode: 1.
Compressed class space mapped at: 0x000001c782000000-0x000001c7c2000000, reserved size: 1073741824
Narrow klass base: 0x000001c781000000, Narrow klass shift: 0, Narrow klass range: 0x100000000

GC Precious Log:
 CPUs: 16 total, 16 available
 Memory: 16167M
 Large Page Support: Disabled
 NUMA Support: Disabled
 Compressed Oops: Enabled (32-bit)
 Heap Region Size: 1M
 Heap Min Capacity: 8M
 Heap Initial Capacity: 254M
 Heap Max Capacity: 2G
 Pre-touch: Disabled
 Parallel Workers: 13
 Concurrent Workers: 3
 Concurrent Refinement Workers: 13
 Periodic GC: Disabled

Heap:
 garbage-first heap   total 222208K, used 123835K [0x0000000080000000, 0x0000000100000000)
  region size 1024K, 60 young (61440K), 1 survivors (1024K)
 Metaspace       used 64810K, committed 65408K, reserved 1114112K
  class space    used 8745K, committed 9024K, reserved 1048576K

Heap Regions: E=young(eden), S=young(survivor), O=old, HS=humongous(starts), HC=humongous(continues), CS=collection set, F=free, OA=open archive, CA=closed archive, TAMS=top-at-mark-start (previous, next)
|   0|0x0000000080000000, 0x0000000080100000, 0x0000000080100000|100%|HS|  |TAMS 0x0000000080100000, 0x0000000080000000| Complete 
|   1|0x0000000080100000, 0x0000000080200000, 0x0000000080200000|100%|HC|  |TAMS 0x0000000080200000, 0x0000000080100000| Complete 
|   2|0x0000000080200000, 0x0000000080300000, 0x0000000080300000|100%|HC|  |TAMS 0x0000000080300000, 0x0000000080200000| Complete 
|   3|0x0000000080300000, 0x0000000080400000, 0x0000000080400000|100%| O|  |TAMS 0x0000000080400000, 0x0000000080300000| Untracked 
|   4|0x0000000080400000, 0x0000000080500000, 0x0000000080500000|100%| O|  |TAMS 0x0000000080500000, 0x0000000080400000| Untracked 
|   5|0x0000000080500000, 0x0000000080600000, 0x0000000080600000|100%| O|  |TAMS 0x0000000080600000, 0x0000000080500000| Untracked 
|   6|0x0000000080600000, 0x0000000080700000, 0x0000000080700000|100%|HS|  |TAMS 0x0000000080700000, 0x0000000080600000| Complete 
|   7|0x0000000080700000, 0x0000000080800000, 0x0000000080800000|100%| O|  |TAMS 0x0000000080800000, 0x0000000080700000| Untracked 
|   8|0x0000000080800000, 0x0000000080900000, 0x0000000080900000|100%| O|  |TAMS 0x0000000080900000, 0x0000000080800000| Untracked 
|   9|0x0000000080900000, 0x0000000080a00000, 0x0000000080a00000|100%| O|  |TAMS 0x0000000080a00000, 0x0000000080900000| Untracked 
|  10|0x0000000080a00000, 0x0000000080b00000, 0x0000000080b00000|100%| O|  |TAMS 0x0000000080b00000, 0x0000000080a00000| Untracked 
|  11|0x0000000080b00000, 0x0000000080c00000, 0x0000000080c00000|100%| O|  |TAMS 0x0000000080c00000, 0x0000000080b00000| Untracked 
|  12|0x0000000080c00000, 0x0000000080cce600, 0x0000000080d00000| 80%| O|  |TAMS 0x0000000080cce600, 0x0000000080c00000| Untracked 
|  13|0x0000000080d00000, 0x0000000080e00000, 0x0000000080e00000|100%| O|  |TAMS 0x0000000080e00000, 0x0000000080d00000| Untracked 
|  14|0x0000000080e00000, 0x0000000080f00000, 0x0000000080f00000|100%| O|  |TAMS 0x0000000080f00000, 0x0000000080e00000| Untracked 
|  15|0x0000000080f00000, 0x0000000081000000, 0x0000000081000000|100%| O|  |TAMS 0x0000000081000000, 0x0000000080f00000| Untracked 
|  16|0x0000000081000000, 0x0000000081100000, 0x0000000081100000|100%| O|  |TAMS 0x0000000081100000, 0x0000000081000000| Untracked 
|  17|0x0000000081100000, 0x0000000081200000, 0x0000000081200000|100%| O|  |TAMS 0x0000000081200000, 0x0000000081100000| Untracked 
|  18|0x0000000081200000, 0x0000000081300000, 0x0000000081300000|100%| O|  |TAMS 0x0000000081300000, 0x0000000081200000| Untracked 
|  19|0x0000000081300000, 0x0000000081400000, 0x0000000081400000|100%| O|  |TAMS 0x0000000081400000, 0x0000000081300000| Untracked 
|  20|0x0000000081400000, 0x0000000081500000, 0x0000000081500000|100%| O|  |TAMS 0x0000000081500000, 0x0000000081400000| Untracked 
|  21|0x0000000081500000, 0x0000000081600000, 0x0000000081600000|100%| O|  |TAMS 0x0000000081600000, 0x0000000081500000| Untracked 
|  22|0x0000000081600000, 0x0000000081700000, 0x0000000081700000|100%| O|  |TAMS 0x0000000081700000, 0x0000000081600000| Untracked 
|  23|0x0000000081700000, 0x0000000081800000, 0x0000000081800000|100%|HS|  |TAMS 0x0000000081800000, 0x0000000081700000| Complete 
|  24|0x0000000081800000, 0x0000000081900000, 0x0000000081900000|100%| O|  |TAMS 0x0000000081900000, 0x0000000081800000| Untracked 
|  25|0x0000000081900000, 0x0000000081a00000, 0x0000000081a00000|100%| O|  |TAMS 0x0000000081a00000, 0x0000000081900000| Untracked 
|  26|0x0000000081a00000, 0x0000000081b00000, 0x0000000081b00000|100%| O|  |TAMS 0x0000000081b00000, 0x0000000081a00000| Untracked 
|  27|0x0000000081b00000, 0x0000000081c00000, 0x0000000081c00000|100%| O|  |TAMS 0x0000000081c00000, 0x0000000081b00000| Untracked 
|  28|0x0000000081c00000, 0x0000000081d00000, 0x0000000081d00000|100%| O|  |TAMS 0x0000000081d00000, 0x0000000081c00000| Untracked 
|  29|0x0000000081d00000, 0x0000000081e00000, 0x0000000081e00000|100%| O|  |TAMS 0x0000000081e00000, 0x0000000081d00000| Untracked 
|  30|0x0000000081e00000, 0x0000000081f00000, 0x0000000081f00000|100%| O|  |TAMS 0x0000000081f00000, 0x0000000081e00000| Untracked 
|  31|0x0000000081f00000, 0x0000000082000000, 0x0000000082000000|100%| O|  |TAMS 0x0000000082000000, 0x0000000081f00000| Untracked 
|  32|0x0000000082000000, 0x0000000082100000, 0x0000000082100000|100%| O|  |TAMS 0x0000000082100000, 0x0000000082000000| Untracked 
|  33|0x0000000082100000, 0x0000000082200000, 0x0000000082200000|100%| O|  |TAMS 0x0000000082200000, 0x0000000082100000| Untracked 
|  34|0x0000000082200000, 0x0000000082300000, 0x0000000082300000|100%| O|  |TAMS 0x0000000082300000, 0x0000000082200000| Untracked 
|  35|0x0000000082300000, 0x0000000082400000, 0x0000000082400000|100%| O|  |TAMS 0x0000000082400000, 0x0000000082300000| Untracked 
|  36|0x0000000082400000, 0x0000000082500000, 0x0000000082500000|100%| O|  |TAMS 0x0000000082500000, 0x0000000082400000| Untracked 
|  37|0x0000000082500000, 0x0000000082600000, 0x0000000082600000|100%| O|  |TAMS 0x0000000082600000, 0x0000000082500000| Untracked 
|  38|0x0000000082600000, 0x0000000082700000, 0x0000000082700000|100%| O|  |TAMS 0x0000000082700000, 0x0000000082600000| Untracked 
|  39|0x0000000082700000, 0x0000000082800000, 0x0000000082800000|100%| O|  |TAMS 0x0000000082800000, 0x0000000082700000| Untracked 
|  40|0x0000000082800000, 0x0000000082900000, 0x0000000082900000|100%| O|  |TAMS 0x0000000082900000, 0x0000000082800000| Untracked 
|  41|0x0000000082900000, 0x0000000082a00000, 0x0000000082a00000|100%| O|  |TAMS 0x0000000082a00000, 0x0000000082900000| Untracked 
|  42|0x0000000082a00000, 0x0000000082b00000, 0x0000000082b00000|100%| O|  |TAMS 0x0000000082b00000, 0x0000000082a00000| Untracked 
|  43|0x0000000082b00000, 0x0000000082c00000, 0x0000000082c00000|100%| O|  |TAMS 0x0000000082c00000, 0x0000000082b00000| Untracked 
|  44|0x0000000082c00000, 0x0000000082d00000, 0x0000000082d00000|100%| O|  |TAMS 0x0000000082d00000, 0x0000000082c00000| Complete 
|  45|0x0000000082d00000, 0x0000000082d00000, 0x0000000082e00000|  0%| F|  |TAMS 0x0000000082d00000, 0x0000000082d00000| Untracked 
|  46|0x0000000082e00000, 0x0000000082f00000, 0x0000000082f00000|100%| O|  |TAMS 0x0000000082f00000, 0x0000000082e00000| Untracked 
|  47|0x0000000082f00000, 0x0000000083000000, 0x0000000083000000|100%|HS|  |TAMS 0x0000000083000000, 0x0000000082f00000| Complete 
|  48|0x0000000083000000, 0x0000000083100000, 0x0000000083100000|100%|HS|  |TAMS 0x0000000083100000, 0x0000000083000000| Complete 
|  49|0x0000000083100000, 0x0000000083200000, 0x0000000083200000|100%|HS|  |TAMS 0x0000000083200000, 0x0000000083100000| Complete 
|  50|0x0000000083200000, 0x0000000083300000, 0x0000000083300000|100%| O|  |TAMS 0x0000000083300000, 0x0000000083200000| Untracked 
|  51|0x0000000083300000, 0x0000000083400000, 0x0000000083400000|100%| O|  |TAMS 0x0000000083400000, 0x0000000083300000| Untracked 
|  52|0x0000000083400000, 0x0000000083500000, 0x0000000083500000|100%| O|  |TAMS 0x0000000083500000, 0x0000000083400000| Untracked 
|  53|0x0000000083500000, 0x0000000083600000, 0x0000000083600000|100%| O|  |TAMS 0x0000000083600000, 0x0000000083500000| Untracked 
|  54|0x0000000083600000, 0x0000000083700000, 0x0000000083700000|100%| O|  |TAMS 0x0000000083700000, 0x0000000083600000| Untracked 
|  55|0x0000000083700000, 0x0000000083800000, 0x0000000083800000|100%| O|  |TAMS 0x0000000083800000, 0x0000000083700000| Untracked 
|  56|0x0000000083800000, 0x0000000083900000, 0x0000000083900000|100%| O|  |TAMS 0x0000000083900000, 0x0000000083800000| Untracked 
|  57|0x0000000083900000, 0x0000000083a00000, 0x0000000083a00000|100%| O|  |TAMS 0x0000000083a00000, 0x0000000083900000| Untracked 
|  58|0x0000000083a00000, 0x0000000083b00000, 0x0000000083b00000|100%|HS|  |TAMS 0x0000000083b00000, 0x0000000083a00000| Complete 
|  59|0x0000000083b00000, 0x0000000083c00000, 0x0000000083c00000|100%|HS|  |TAMS 0x0000000083c00000, 0x0000000083b00000| Complete 
|  60|0x0000000083c00000, 0x0000000083d00000, 0x0000000083d00000|100%| O|  |TAMS 0x0000000083d00000, 0x0000000083c00000| Untracked 
|  61|0x0000000083d00000, 0x0000000083e00000, 0x0000000083e00000|100%| O|  |TAMS 0x0000000083e00000, 0x0000000083d00000| Untracked 
|  62|0x0000000083e00000, 0x0000000083f00000, 0x0000000083f00000|100%| O|  |TAMS 0x0000000083f00000, 0x0000000083e00000| Untracked 
|  63|0x0000000083f00000, 0x0000000083f47a00, 0x0000000084000000| 27%| O|  |TAMS 0x0000000083f47a00, 0x0000000083f00000| Untracked 
|  64|0x0000000084000000, 0x0000000084000000, 0x0000000084100000|  0%| F|  |TAMS 0x0000000084000000, 0x0000000084000000| Untracked 
|  65|0x0000000084100000, 0x0000000084100000, 0x0000000084200000|  0%| F|  |TAMS 0x0000000084100000, 0x0000000084100000| Untracked 
|  66|0x0000000084200000, 0x0000000084200000, 0x0000000084300000|  0%| F|  |TAMS 0x0000000084200000, 0x0000000084200000| Untracked 
|  67|0x0000000084300000, 0x0000000084300000, 0x0000000084400000|  0%| F|  |TAMS 0x0000000084300000, 0x0000000084300000| Untracked 
|  68|0x0000000084400000, 0x0000000084400000, 0x0000000084500000|  0%| F|  |TAMS 0x0000000084400000, 0x0000000084400000| Untracked 
|  69|0x0000000084500000, 0x0000000084500000, 0x0000000084600000|  0%| F|  |TAMS 0x0000000084500000, 0x0000000084500000| Untracked 
|  70|0x0000000084600000, 0x0000000084600000, 0x0000000084700000|  0%| F|  |TAMS 0x0000000084600000, 0x0000000084600000| Untracked 
|  71|0x0000000084700000, 0x0000000084700000, 0x0000000084800000|  0%| F|  |TAMS 0x0000000084700000, 0x0000000084700000| Untracked 
|  72|0x0000000084800000, 0x0000000084800000, 0x0000000084900000|  0%| F|  |TAMS 0x0000000084800000, 0x0000000084800000| Untracked 
|  73|0x0000000084900000, 0x0000000084900000, 0x0000000084a00000|  0%| F|  |TAMS 0x0000000084900000, 0x0000000084900000| Untracked 
|  74|0x0000000084a00000, 0x0000000084a00000, 0x0000000084b00000|  0%| F|  |TAMS 0x0000000084a00000, 0x0000000084a00000| Untracked 
|  75|0x0000000084b00000, 0x0000000084b00000, 0x0000000084c00000|  0%| F|  |TAMS 0x0000000084b00000, 0x0000000084b00000| Untracked 
|  76|0x0000000084c00000, 0x0000000084c00000, 0x0000000084d00000|  0%| F|  |TAMS 0x0000000084c00000, 0x0000000084c00000| Untracked 
|  77|0x0000000084d00000, 0x0000000084d00000, 0x0000000084e00000|  0%| F|  |TAMS 0x0000000084d00000, 0x0000000084d00000| Untracked 
|  78|0x0000000084e00000, 0x0000000084e00000, 0x0000000084f00000|  0%| F|  |TAMS 0x0000000084e00000, 0x0000000084e00000| Untracked 
|  79|0x0000000084f00000, 0x0000000084f00000, 0x0000000085000000|  0%| F|  |TAMS 0x0000000084f00000, 0x0000000084f00000| Untracked 
|  80|0x0000000085000000, 0x0000000085000000, 0x0000000085100000|  0%| F|  |TAMS 0x0000000085000000, 0x0000000085000000| Untracked 
|  81|0x0000000085100000, 0x0000000085100000, 0x0000000085200000|  0%| F|  |TAMS 0x0000000085100000, 0x0000000085100000| Untracked 
|  82|0x0000000085200000, 0x0000000085200000, 0x0000000085300000|  0%| F|  |TAMS 0x0000000085200000, 0x0000000085200000| Untracked 
|  83|0x0000000085300000, 0x0000000085300000, 0x0000000085400000|  0%| F|  |TAMS 0x0000000085300000, 0x0000000085300000| Untracked 
|  84|0x0000000085400000, 0x0000000085400000, 0x0000000085500000|  0%| F|  |TAMS 0x0000000085400000, 0x0000000085400000| Untracked 
|  85|0x0000000085500000, 0x0000000085500000, 0x0000000085600000|  0%| F|  |TAMS 0x0000000085500000, 0x0000000085500000| Untracked 
|  86|0x0000000085600000, 0x0000000085600000, 0x0000000085700000|  0%| F|  |TAMS 0x0000000085600000, 0x0000000085600000| Untracked 
|  87|0x0000000085700000, 0x0000000085700000, 0x0000000085800000|  0%| F|  |TAMS 0x0000000085700000, 0x0000000085700000| Untracked 
|  88|0x0000000085800000, 0x0000000085800000, 0x0000000085900000|  0%| F|  |TAMS 0x0000000085800000, 0x0000000085800000| Untracked 
|  89|0x0000000085900000, 0x0000000085900000, 0x0000000085a00000|  0%| F|  |TAMS 0x0000000085900000, 0x0000000085900000| Untracked 
|  90|0x0000000085a00000, 0x0000000085a00000, 0x0000000085b00000|  0%| F|  |TAMS 0x0000000085a00000, 0x0000000085a00000| Untracked 
|  91|0x0000000085b00000, 0x0000000085b00000, 0x0000000085c00000|  0%| F|  |TAMS 0x0000000085b00000, 0x0000000085b00000| Untracked 
|  92|0x0000000085c00000, 0x0000000085c00000, 0x0000000085d00000|  0%| F|  |TAMS 0x0000000085c00000, 0x0000000085c00000| Untracked 
|  93|0x0000000085d00000, 0x0000000085dd8ed8, 0x0000000085e00000| 84%| S|CS|TAMS 0x0000000085d00000, 0x0000000085d00000| Complete 
|  94|0x0000000085e00000, 0x0000000085e00000, 0x0000000085f00000|  0%| F|  |TAMS 0x0000000085e00000, 0x0000000085e00000| Untracked 
|  95|0x0000000085f00000, 0x0000000085f00000, 0x0000000086000000|  0%| F|  |TAMS 0x0000000085f00000, 0x0000000085f00000| Untracked 
|  96|0x0000000086000000, 0x0000000086000000, 0x0000000086100000|  0%| F|  |TAMS 0x0000000086000000, 0x0000000086000000| Untracked 
|  97|0x0000000086100000, 0x0000000086100000, 0x0000000086200000|  0%| F|  |TAMS 0x0000000086100000, 0x0000000086100000| Untracked 
|  98|0x0000000086200000, 0x0000000086200000, 0x0000000086300000|  0%| F|  |TAMS 0x0000000086200000, 0x0000000086200000| Untracked 
|  99|0x0000000086300000, 0x0000000086300000, 0x0000000086400000|  0%| F|  |TAMS 0x0000000086300000, 0x0000000086300000| Untracked 
| 100|0x0000000086400000, 0x0000000086400000, 0x0000000086500000|  0%| F|  |TAMS 0x0000000086400000, 0x0000000086400000| Untracked 
| 101|0x0000000086500000, 0x0000000086500000, 0x0000000086600000|  0%| F|  |TAMS 0x0000000086500000, 0x0000000086500000| Untracked 
| 102|0x0000000086600000, 0x0000000086600000, 0x0000000086700000|  0%| F|  |TAMS 0x0000000086600000, 0x0000000086600000| Untracked 
| 103|0x0000000086700000, 0x0000000086700000, 0x0000000086800000|  0%| F|  |TAMS 0x0000000086700000, 0x0000000086700000| Untracked 
| 104|0x0000000086800000, 0x0000000086800000, 0x0000000086900000|  0%| F|  |TAMS 0x0000000086800000, 0x0000000086800000| Untracked 
| 105|0x0000000086900000, 0x0000000086900000, 0x0000000086a00000|  0%| F|  |TAMS 0x0000000086900000, 0x0000000086900000| Untracked 
| 106|0x0000000086a00000, 0x0000000086a00000, 0x0000000086b00000|  0%| F|  |TAMS 0x0000000086a00000, 0x0000000086a00000| Untracked 
| 107|0x0000000086b00000, 0x0000000086b00000, 0x0000000086c00000|  0%| F|  |TAMS 0x0000000086b00000, 0x0000000086b00000| Untracked 
| 108|0x0000000086c00000, 0x0000000086c00000, 0x0000000086d00000|  0%| F|  |TAMS 0x0000000086c00000, 0x0000000086c00000| Untracked 
| 109|0x0000000086d00000, 0x0000000086d00000, 0x0000000086e00000|  0%| F|  |TAMS 0x0000000086d00000, 0x0000000086d00000| Untracked 
| 110|0x0000000086e00000, 0x0000000086e00000, 0x0000000086f00000|  0%| F|  |TAMS 0x0000000086e00000, 0x0000000086e00000| Untracked 
| 111|0x0000000086f00000, 0x0000000086f00000, 0x0000000087000000|  0%| F|  |TAMS 0x0000000086f00000, 0x0000000086f00000| Untracked 
| 112|0x0000000087000000, 0x0000000087000000, 0x0000000087100000|  0%| F|  |TAMS 0x0000000087000000, 0x0000000087000000| Untracked 
| 113|0x0000000087100000, 0x0000000087100000, 0x0000000087200000|  0%| F|  |TAMS 0x0000000087100000, 0x0000000087100000| Untracked 
| 114|0x0000000087200000, 0x0000000087200000, 0x0000000087300000|  0%| F|  |TAMS 0x0000000087200000, 0x0000000087200000| Untracked 
| 115|0x0000000087300000, 0x0000000087300000, 0x0000000087400000|  0%| F|  |TAMS 0x0000000087300000, 0x0000000087300000| Untracked 
| 116|0x0000000087400000, 0x0000000087400000, 0x0000000087500000|  0%| F|  |TAMS 0x0000000087400000, 0x0000000087400000| Untracked 
| 117|0x0000000087500000, 0x0000000087500000, 0x0000000087600000|  0%| F|  |TAMS 0x0000000087500000, 0x0000000087500000| Untracked 
| 118|0x0000000087600000, 0x0000000087600000, 0x0000000087700000|  0%| F|  |TAMS 0x0000000087600000, 0x0000000087600000| Untracked 
| 119|0x0000000087700000, 0x0000000087700000, 0x0000000087800000|  0%| F|  |TAMS 0x0000000087700000, 0x0000000087700000| Untracked 
| 120|0x0000000087800000, 0x0000000087800000, 0x0000000087900000|  0%| F|  |TAMS 0x0000000087800000, 0x0000000087800000| Untracked 
| 121|0x0000000087900000, 0x0000000087900000, 0x0000000087a00000|  0%| F|  |TAMS 0x0000000087900000, 0x0000000087900000| Untracked 
| 122|0x0000000087a00000, 0x0000000087a00000, 0x0000000087b00000|  0%| F|  |TAMS 0x0000000087a00000, 0x0000000087a00000| Untracked 
| 123|0x0000000087b00000, 0x0000000087b00000, 0x0000000087c00000|  0%| F|  |TAMS 0x0000000087b00000, 0x0000000087b00000| Untracked 
| 124|0x0000000087c00000, 0x0000000087c00000, 0x0000000087d00000|  0%| F|  |TAMS 0x0000000087c00000, 0x0000000087c00000| Untracked 
| 125|0x0000000087d00000, 0x0000000087d00000, 0x0000000087e00000|  0%| F|  |TAMS 0x0000000087d00000, 0x0000000087d00000| Untracked 
| 126|0x0000000087e00000, 0x0000000087e00000, 0x0000000087f00000|  0%| F|  |TAMS 0x0000000087e00000, 0x0000000087e00000| Untracked 
| 127|0x0000000087f00000, 0x0000000087f00000, 0x0000000088000000|  0%| F|  |TAMS 0x0000000087f00000, 0x0000000087f00000| Untracked 
| 128|0x0000000088000000, 0x0000000088000000, 0x0000000088100000|  0%| F|  |TAMS 0x0000000088000000, 0x0000000088000000| Untracked 
| 129|0x0000000088100000, 0x0000000088100000, 0x0000000088200000|  0%| F|  |TAMS 0x0000000088100000, 0x0000000088100000| Untracked 
| 130|0x0000000088200000, 0x0000000088200000, 0x0000000088300000|  0%| F|  |TAMS 0x0000000088200000, 0x0000000088200000| Untracked 
| 131|0x0000000088300000, 0x0000000088300000, 0x0000000088400000|  0%| F|  |TAMS 0x0000000088300000, 0x0000000088300000| Untracked 
| 132|0x0000000088400000, 0x0000000088400000, 0x0000000088500000|  0%| F|  |TAMS 0x0000000088400000, 0x0000000088400000| Untracked 
| 133|0x0000000088500000, 0x0000000088500000, 0x0000000088600000|  0%| F|  |TAMS 0x0000000088500000, 0x0000000088500000| Untracked 
| 134|0x0000000088600000, 0x0000000088600000, 0x0000000088700000|  0%| F|  |TAMS 0x0000000088600000, 0x0000000088600000| Untracked 
| 135|0x0000000088700000, 0x0000000088700000, 0x0000000088800000|  0%| F|  |TAMS 0x0000000088700000, 0x0000000088700000| Untracked 
| 136|0x0000000088800000, 0x0000000088800000, 0x0000000088900000|  0%| F|  |TAMS 0x0000000088800000, 0x0000000088800000| Untracked 
| 137|0x0000000088900000, 0x0000000088900000, 0x0000000088a00000|  0%| F|  |TAMS 0x0000000088900000, 0x0000000088900000| Untracked 
| 138|0x0000000088a00000, 0x0000000088a00000, 0x0000000088b00000|  0%| F|  |TAMS 0x0000000088a00000, 0x0000000088a00000| Untracked 
| 139|0x0000000088b00000, 0x0000000088b00000, 0x0000000088c00000|  0%| F|  |TAMS 0x0000000088b00000, 0x0000000088b00000| Untracked 
| 140|0x0000000088c00000, 0x0000000088c00000, 0x0000000088d00000|  0%| F|  |TAMS 0x0000000088c00000, 0x0000000088c00000| Untracked 
| 141|0x0000000088d00000, 0x0000000088d00000, 0x0000000088e00000|  0%| F|  |TAMS 0x0000000088d00000, 0x0000000088d00000| Untracked 
| 142|0x0000000088e00000, 0x0000000088e00000, 0x0000000088f00000|  0%| F|  |TAMS 0x0000000088e00000, 0x0000000088e00000| Untracked 
| 143|0x0000000088f00000, 0x0000000088f00000, 0x0000000089000000|  0%| F|  |TAMS 0x0000000088f00000, 0x0000000088f00000| Untracked 
| 144|0x0000000089000000, 0x0000000089000000, 0x0000000089100000|  0%| F|  |TAMS 0x0000000089000000, 0x0000000089000000| Untracked 
| 145|0x0000000089100000, 0x0000000089100000, 0x0000000089200000|  0%| F|  |TAMS 0x0000000089100000, 0x0000000089100000| Untracked 
| 146|0x0000000089200000, 0x0000000089200000, 0x0000000089300000|  0%| F|  |TAMS 0x0000000089200000, 0x0000000089200000| Untracked 
| 147|0x0000000089300000, 0x0000000089300000, 0x0000000089400000|  0%| F|  |TAMS 0x0000000089300000, 0x0000000089300000| Untracked 
| 148|0x0000000089400000, 0x0000000089400000, 0x0000000089500000|  0%| F|  |TAMS 0x0000000089400000, 0x0000000089400000| Untracked 
| 149|0x0000000089500000, 0x0000000089500000, 0x0000000089600000|  0%| F|  |TAMS 0x0000000089500000, 0x0000000089500000| Untracked 
| 150|0x0000000089600000, 0x0000000089600000, 0x0000000089700000|  0%| F|  |TAMS 0x0000000089600000, 0x0000000089600000| Untracked 
| 151|0x0000000089700000, 0x0000000089700000, 0x0000000089800000|  0%| F|  |TAMS 0x0000000089700000, 0x0000000089700000| Untracked 
| 152|0x0000000089800000, 0x0000000089800000, 0x0000000089900000|  0%| F|  |TAMS 0x0000000089800000, 0x0000000089800000| Untracked 
| 153|0x0000000089900000, 0x0000000089900000, 0x0000000089a00000|  0%| F|  |TAMS 0x0000000089900000, 0x0000000089900000| Untracked 
| 154|0x0000000089a00000, 0x0000000089a00000, 0x0000000089b00000|  0%| F|  |TAMS 0x0000000089a00000, 0x0000000089a00000| Untracked 
| 155|0x0000000089b00000, 0x0000000089b00000, 0x0000000089c00000|  0%| F|  |TAMS 0x0000000089b00000, 0x0000000089b00000| Untracked 
| 156|0x0000000089c00000, 0x0000000089c00000, 0x0000000089d00000|  0%| F|  |TAMS 0x0000000089c00000, 0x0000000089c00000| Untracked 
| 157|0x0000000089d00000, 0x0000000089e00000, 0x0000000089e00000|100%| E|  |TAMS 0x0000000089d00000, 0x0000000089d00000| Complete 
| 158|0x0000000089e00000, 0x0000000089f00000, 0x0000000089f00000|100%| E|CS|TAMS 0x0000000089e00000, 0x0000000089e00000| Complete 
| 159|0x0000000089f00000, 0x000000008a000000, 0x000000008a000000|100%| E|CS|TAMS 0x0000000089f00000, 0x0000000089f00000| Complete 
| 160|0x000000008a000000, 0x000000008a100000, 0x000000008a100000|100%| E|CS|TAMS 0x000000008a000000, 0x000000008a000000| Complete 
| 161|0x000000008a100000, 0x000000008a200000, 0x000000008a200000|100%| E|CS|TAMS 0x000000008a100000, 0x000000008a100000| Complete 
| 162|0x000000008a200000, 0x000000008a300000, 0x000000008a300000|100%| E|CS|TAMS 0x000000008a200000, 0x000000008a200000| Complete 
| 163|0x000000008a300000, 0x000000008a400000, 0x000000008a400000|100%| E|CS|TAMS 0x000000008a300000, 0x000000008a300000| Complete 
| 164|0x000000008a400000, 0x000000008a500000, 0x000000008a500000|100%| E|CS|TAMS 0x000000008a400000, 0x000000008a400000| Complete 
| 165|0x000000008a500000, 0x000000008a600000, 0x000000008a600000|100%| E|CS|TAMS 0x000000008a500000, 0x000000008a500000| Complete 
| 166|0x000000008a600000, 0x000000008a700000, 0x000000008a700000|100%| E|CS|TAMS 0x000000008a600000, 0x000000008a600000| Complete 
| 167|0x000000008a700000, 0x000000008a800000, 0x000000008a800000|100%| E|CS|TAMS 0x000000008a700000, 0x000000008a700000| Complete 
| 168|0x000000008a800000, 0x000000008a900000, 0x000000008a900000|100%| E|CS|TAMS 0x000000008a800000, 0x000000008a800000| Complete 
| 169|0x000000008a900000, 0x000000008aa00000, 0x000000008aa00000|100%| E|CS|TAMS 0x000000008a900000, 0x000000008a900000| Complete 
| 170|0x000000008aa00000, 0x000000008ab00000, 0x000000008ab00000|100%| E|CS|TAMS 0x000000008aa00000, 0x000000008aa00000| Complete 
| 171|0x000000008ab00000, 0x000000008ac00000, 0x000000008ac00000|100%| E|CS|TAMS 0x000000008ab00000, 0x000000008ab00000| Complete 
| 172|0x000000008ac00000, 0x000000008ad00000, 0x000000008ad00000|100%| E|CS|TAMS 0x000000008ac00000, 0x000000008ac00000| Complete 
| 173|0x000000008ad00000, 0x000000008ae00000, 0x000000008ae00000|100%| E|CS|TAMS 0x000000008ad00000, 0x000000008ad00000| Complete 
| 174|0x000000008ae00000, 0x000000008af00000, 0x000000008af00000|100%| E|CS|TAMS 0x000000008ae00000, 0x000000008ae00000| Complete 
| 175|0x000000008af00000, 0x000000008b000000, 0x000000008b000000|100%| E|CS|TAMS 0x000000008af00000, 0x000000008af00000| Complete 
| 176|0x000000008b000000, 0x000000008b100000, 0x000000008b100000|100%| E|CS|TAMS 0x000000008b000000, 0x000000008b000000| Complete 
| 177|0x000000008b100000, 0x000000008b200000, 0x000000008b200000|100%| E|CS|TAMS 0x000000008b100000, 0x000000008b100000| Complete 
| 178|0x000000008b200000, 0x000000008b300000, 0x000000008b300000|100%| E|CS|TAMS 0x000000008b200000, 0x000000008b200000| Complete 
| 179|0x000000008b300000, 0x000000008b400000, 0x000000008b400000|100%| E|CS|TAMS 0x000000008b300000, 0x000000008b300000| Complete 
| 180|0x000000008b400000, 0x000000008b500000, 0x000000008b500000|100%| E|CS|TAMS 0x000000008b400000, 0x000000008b400000| Complete 
| 181|0x000000008b500000, 0x000000008b600000, 0x000000008b600000|100%| E|CS|TAMS 0x000000008b500000, 0x000000008b500000| Complete 
| 182|0x000000008b600000, 0x000000008b700000, 0x000000008b700000|100%| E|CS|TAMS 0x000000008b600000, 0x000000008b600000| Complete 
| 183|0x000000008b700000, 0x000000008b800000, 0x000000008b800000|100%| E|CS|TAMS 0x000000008b700000, 0x000000008b700000| Complete 
| 184|0x000000008b800000, 0x000000008b900000, 0x000000008b900000|100%| E|CS|TAMS 0x000000008b800000, 0x000000008b800000| Complete 
| 185|0x000000008b900000, 0x000000008ba00000, 0x000000008ba00000|100%| E|CS|TAMS 0x000000008b900000, 0x000000008b900000| Complete 
| 186|0x000000008ba00000, 0x000000008bb00000, 0x000000008bb00000|100%| E|CS|TAMS 0x000000008ba00000, 0x000000008ba00000| Complete 
| 187|0x000000008bb00000, 0x000000008bc00000, 0x000000008bc00000|100%| E|CS|TAMS 0x000000008bb00000, 0x000000008bb00000| Complete 
| 188|0x000000008bc00000, 0x000000008bd00000, 0x000000008bd00000|100%| E|CS|TAMS 0x000000008bc00000, 0x000000008bc00000| Complete 
| 189|0x000000008bd00000, 0x000000008be00000, 0x000000008be00000|100%| E|CS|TAMS 0x000000008bd00000, 0x000000008bd00000| Complete 
| 190|0x000000008be00000, 0x000000008bf00000, 0x000000008bf00000|100%| E|CS|TAMS 0x000000008be00000, 0x000000008be00000| Complete 
| 191|0x000000008bf00000, 0x000000008c000000, 0x000000008c000000|100%| E|CS|TAMS 0x000000008bf00000, 0x000000008bf00000| Complete 
| 192|0x000000008c000000, 0x000000008c100000, 0x000000008c100000|100%| E|CS|TAMS 0x000000008c000000, 0x000000008c000000| Complete 
| 193|0x000000008c100000, 0x000000008c200000, 0x000000008c200000|100%| E|CS|TAMS 0x000000008c100000, 0x000000008c100000| Complete 
| 194|0x000000008c200000, 0x000000008c300000, 0x000000008c300000|100%| E|CS|TAMS 0x000000008c200000, 0x000000008c200000| Complete 
| 195|0x000000008c300000, 0x000000008c400000, 0x000000008c400000|100%| E|CS|TAMS 0x000000008c300000, 0x000000008c300000| Complete 
| 196|0x000000008c400000, 0x000000008c500000, 0x000000008c500000|100%| E|CS|TAMS 0x000000008c400000, 0x000000008c400000| Complete 
| 197|0x000000008c500000, 0x000000008c600000, 0x000000008c600000|100%| E|CS|TAMS 0x000000008c500000, 0x000000008c500000| Complete 
| 198|0x000000008c600000, 0x000000008c700000, 0x000000008c700000|100%| E|CS|TAMS 0x000000008c600000, 0x000000008c600000| Complete 
| 199|0x000000008c700000, 0x000000008c800000, 0x000000008c800000|100%| E|CS|TAMS 0x000000008c700000, 0x000000008c700000| Complete 
| 200|0x000000008c800000, 0x000000008c900000, 0x000000008c900000|100%| E|CS|TAMS 0x000000008c800000, 0x000000008c800000| Complete 
| 201|0x000000008c900000, 0x000000008ca00000, 0x000000008ca00000|100%| E|CS|TAMS 0x000000008c900000, 0x000000008c900000| Complete 
| 202|0x000000008ca00000, 0x000000008cb00000, 0x000000008cb00000|100%| E|CS|TAMS 0x000000008ca00000, 0x000000008ca00000| Complete 
| 203|0x000000008cb00000, 0x000000008cc00000, 0x000000008cc00000|100%| E|CS|TAMS 0x000000008cb00000, 0x000000008cb00000| Complete 
| 204|0x000000008cc00000, 0x000000008cd00000, 0x000000008cd00000|100%| E|CS|TAMS 0x000000008cc00000, 0x000000008cc00000| Complete 
| 205|0x000000008cd00000, 0x000000008ce00000, 0x000000008ce00000|100%| E|CS|TAMS 0x000000008cd00000, 0x000000008cd00000| Complete 
| 206|0x000000008ce00000, 0x000000008cf00000, 0x000000008cf00000|100%| E|CS|TAMS 0x000000008ce00000, 0x000000008ce00000| Complete 
| 207|0x000000008cf00000, 0x000000008d000000, 0x000000008d000000|100%| E|CS|TAMS 0x000000008cf00000, 0x000000008cf00000| Complete 
| 208|0x000000008d000000, 0x000000008d100000, 0x000000008d100000|100%| E|CS|TAMS 0x000000008d000000, 0x000000008d000000| Complete 
| 209|0x000000008d100000, 0x000000008d200000, 0x000000008d200000|100%| E|CS|TAMS 0x000000008d100000, 0x000000008d100000| Complete 
| 210|0x000000008d200000, 0x000000008d300000, 0x000000008d300000|100%| E|CS|TAMS 0x000000008d200000, 0x000000008d200000| Complete 
| 211|0x000000008d300000, 0x000000008d400000, 0x000000008d400000|100%| E|CS|TAMS 0x000000008d300000, 0x000000008d300000| Complete 
| 212|0x000000008d400000, 0x000000008d500000, 0x000000008d500000|100%| E|CS|TAMS 0x000000008d400000, 0x000000008d400000| Complete 
| 213|0x000000008d500000, 0x000000008d600000, 0x000000008d600000|100%| E|CS|TAMS 0x000000008d500000, 0x000000008d500000| Complete 
| 214|0x000000008d600000, 0x000000008d700000, 0x000000008d700000|100%| E|CS|TAMS 0x000000008d600000, 0x000000008d600000| Complete 
| 215|0x000000008d700000, 0x000000008d800000, 0x000000008d800000|100%| E|CS|TAMS 0x000000008d700000, 0x000000008d700000| Complete 
| 253|0x000000008fd00000, 0x000000008fe00000, 0x000000008fe00000|100%| E|CS|TAMS 0x000000008fd00000, 0x000000008fd00000| Complete 

Card table byte_map: [0x000001c7f8ee0000,0x000001c7f92e0000] _byte_map_base: 0x000001c7f8ae0000

Marking Bits (Prev, Next): (CMBitMap*) 0x000001c7e1a22a90, (CMBitMap*) 0x000001c7e1a22ad0
 Prev Bits: [0x000001c7f96e0000, 0x000001c7fb6e0000)
 Next Bits: [0x000001c7fb6e0000, 0x000001c7fd6e0000)

Polling page: 0x000001c7df8d0000

Metaspace:

Usage:
  Non-class:     54.76 MB used.
      Class:      8.54 MB used.
       Both:     63.30 MB used.

Virtual space:
  Non-class space:       64.00 MB reserved,      55.06 MB ( 86%) committed,  1 nodes.
      Class space:        1.00 GB reserved,       8.81 MB ( <1%) committed,  1 nodes.
             Both:        1.06 GB reserved,      63.88 MB (  6%) committed. 

Chunk freelists:
   Non-Class:  8.62 MB
       Class:  7.08 MB
        Both:  15.70 MB

MaxMetaspaceSize: unlimited
CompressedClassSpaceSize: 1.00 GB
Initial GC threshold: 21.00 MB
Current GC threshold: 97.00 MB
CDS: on
MetaspaceReclaimPolicy: balanced
 - commit_granule_bytes: 65536.
 - commit_granule_words: 8192.
 - virtual_space_node_default_size: 8388608.
 - enlarge_chunks_in_place: 1.
 - new_chunks_are_fully_committed: 0.
 - uncommit_free_chunks: 1.
 - use_allocation_guard: 0.
 - handle_deallocations: 1.


Internal statistics:

num_allocs_failed_limit: 6.
num_arena_births: 738.
num_arena_deaths: 0.
num_vsnodes_births: 2.
num_vsnodes_deaths: 0.
num_space_committed: 1022.
num_space_uncommitted: 0.
num_chunks_returned_to_freelist: 6.
num_chunks_taken_from_freelist: 3261.
num_chunk_merges: 6.
num_chunk_splits: 2130.
num_chunks_enlarged: 1421.
num_inconsistent_stats: 0.

CodeHeap 'non-profiled nmethods': size=119168Kb used=5077Kb max_used=5077Kb free=114090Kb
 bounds [0x000001c7f0e00000, 0x000001c7f1300000, 0x000001c7f8260000]
CodeHeap 'profiled nmethods': size=119104Kb used=16742Kb max_used=16742Kb free=102361Kb
 bounds [0x000001c7e9260000, 0x000001c7ea2c0000, 0x000001c7f06b0000]
CodeHeap 'non-nmethods': size=7488Kb used=4082Kb max_used=4141Kb free=3405Kb
 bounds [0x000001c7f06b0000, 0x000001c7f0ac0000, 0x000001c7f0e00000]
 total_blobs=9507 nmethods=8604 adapters=812
 compilation: enabled
              stopped_count=0, restarted_count=0
 full_count=0

Compilation events (20 events):
Event: 7.632 Thread 0x000001c7808bf280 nmethod 9318 0x000001c7ea2b0c10 code [0x000001c7ea2b0de0, 0x000001c7ea2b1248]
Event: 7.632 Thread 0x000001c7808bfa90 9324       3       org.gradle.internal.instantiation.generator.AsmBackedClassGenerator$ClassBuilderImpl$40::<init> (238 bytes)
Event: 7.632 Thread 0x000001c78077df30 nmethod 9319 0x000001c7ea2b1410 code [0x000001c7ea2b15c0, 0x000001c7ea2b1a38]
Event: 7.632 Thread 0x000001c7808bf280 9320       3       java.lang.invoke.LambdaForm$DMH/0x000001c7821d0000::newInvokeSpecial (36 bytes)
Event: 7.632 Thread 0x000001c78077df30 9321       3       org.gradle.internal.instantiation.generator.AsmBackedClassGenerator$ClassBuilderImpl$$Lambda$162/0x000001c7821cd470::<init> (44 bytes)
Event: 7.633 Thread 0x000001c78077df30 nmethod 9321 0x000001c7ea2b1b10 code [0x000001c7ea2b1cc0, 0x000001c7ea2b2078]
Event: 7.633 Thread 0x000001c78077df30 9322       3       org.gradle.internal.instantiation.generator.AsmBackedClassGenerator$ClassBuilderImpl$$Lambda$162/0x000001c7821cd470::emit (33 bytes)
Event: 7.633 Thread 0x000001c7808bf280 nmethod 9320 0x000001c7ea2b2190 code [0x000001c7ea2b2380, 0x000001c7ea2b2b88]
Event: 7.633 Thread 0x000001c7808bf280 9323       3       org.gradle.internal.instantiation.generator.AsmBackedClassGenerator$ClassBuilderImpl::lambda$addActionMethod$39 (21 bytes)
Event: 7.633 Thread 0x000001c78077df30 nmethod 9322 0x000001c7ea2b4b90 code [0x000001c7ea2b4d40, 0x000001c7ea2b4ea8]
Event: 7.633 Thread 0x000001c7808b6cc0 nmethod 9316 0x000001c7ea2b2d90 code [0x000001c7ea2b3080, 0x000001c7ea2b4598]
Event: 7.633 Thread 0x000001c78077df30 9325       3       org.gradle.internal.instantiation.generator.AsmBackedClassGenerator$ClassBuilderImpl::access$3100 (4 bytes)
Event: 7.633 Thread 0x000001c7808bf280 nmethod 9323 0x000001c7ea2b4f90 code [0x000001c7ea2b5140, 0x000001c7ea2b5348]
Event: 7.634 Thread 0x000001c78077df30 nmethod 9325 0x000001c7ea2b5490 code [0x000001c7ea2b5620, 0x000001c7ea2b5718]
Event: 7.635 Thread 0x000001c7808bfa90 nmethod 9324 0x000001c7ea2b5790 code [0x000001c7ea2b5b00, 0x000001c7ea2b7478]
Event: 7.635 Thread 0x000001c78090f000 nmethod 9313 0x000001c7f12e8190 code [0x000001c7f12e8320, 0x000001c7f12e88f8]
Event: 7.635 Thread 0x000001c78090f000 9315 %     4       org.gradle.internal.instantiation.generator.AbstractClassGenerator::inspectType @ 559 (602 bytes)
Event: 7.638 Thread 0x000001c7c6a0f060 nmethod 9305 0x000001c7f12e8a90 code [0x000001c7f12e8d80, 0x000001c7f12eac68]
Event: 7.642 Thread 0x000001c7c6a0f060 9326       4       com.google.common.collect.Iterators$ArrayItr::get (7 bytes)
Event: 7.644 Thread 0x000001c7c6a0f060 nmethod 9326 0x000001c7f12ebd10 code [0x000001c7f12ebe80, 0x000001c7f12ebf38]

GC Heap History (20 events):
Event: 6.057 GC heap before
{Heap before GC invocations=14 (full 0):
 garbage-first heap   total 86016K, used 68176K [0x0000000080000000, 0x0000000100000000)
  region size 1024K, 31 young (31744K), 5 survivors (5120K)
 Metaspace       used 54645K, committed 55168K, reserved 1114112K
  class space    used 7582K, committed 7808K, reserved 1048576K
}
Event: 6.063 GC heap after
{Heap after GC invocations=15 (full 0):
 garbage-first heap   total 86016K, used 46905K [0x0000000080000000, 0x0000000100000000)
  region size 1024K, 4 young (4096K), 4 survivors (4096K)
 Metaspace       used 54645K, committed 55168K, reserved 1114112K
  class space    used 7582K, committed 7808K, reserved 1048576K
}
Event: 6.176 GC heap before
{Heap before GC invocations=15 (full 0):
 garbage-first heap   total 86016K, used 68409K [0x0000000080000000, 0x0000000100000000)
  region size 1024K, 26 young (26624K), 4 survivors (4096K)
 Metaspace       used 55011K, committed 55552K, reserved 1114112K
  class space    used 7608K, committed 7808K, reserved 1048576K
}
Event: 6.179 GC heap after
{Heap after GC invocations=16 (full 0):
 garbage-first heap   total 86016K, used 48931K [0x0000000080000000, 0x0000000100000000)
  region size 1024K, 3 young (3072K), 3 survivors (3072K)
 Metaspace       used 55011K, committed 55552K, reserved 1114112K
  class space    used 7608K, committed 7808K, reserved 1048576K
}
Event: 6.238 GC heap before
{Heap before GC invocations=17 (full 0):
 garbage-first heap   total 97280K, used 67363K [0x0000000080000000, 0x0000000100000000)
  region size 1024K, 22 young (22528K), 3 survivors (3072K)
 Metaspace       used 55093K, committed 55552K, reserved 1114112K
  class space    used 7608K, committed 7808K, reserved 1048576K
}
Event: 6.241 GC heap after
{Heap after GC invocations=18 (full 0):
 garbage-first heap   total 97280K, used 49903K [0x0000000080000000, 0x0000000100000000)
  region size 1024K, 3 young (3072K), 3 survivors (3072K)
 Metaspace       used 55093K, committed 55552K, reserved 1114112K
  class space    used 7608K, committed 7808K, reserved 1048576K
}
Event: 6.294 GC heap before
{Heap before GC invocations=18 (full 0):
 garbage-first heap   total 97280K, used 75503K [0x0000000080000000, 0x0000000100000000)
  region size 1024K, 29 young (29696K), 3 survivors (3072K)
 Metaspace       used 55244K, committed 55744K, reserved 1114112K
  class space    used 7608K, committed 7808K, reserved 1048576K
}
Event: 6.296 GC heap after
{Heap after GC invocations=19 (full 0):
 garbage-first heap   total 116736K, used 50934K [0x0000000080000000, 0x0000000100000000)
  region size 1024K, 4 young (4096K), 4 survivors (4096K)
 Metaspace       used 55244K, committed 55744K, reserved 1114112K
  class space    used 7608K, committed 7808K, reserved 1048576K
}
Event: 6.596 GC heap before
{Heap before GC invocations=20 (full 0):
 garbage-first heap   total 116736K, used 92918K [0x0000000080000000, 0x0000000100000000)
  region size 1024K, 43 young (44032K), 4 survivors (4096K)
 Metaspace       used 55574K, committed 56128K, reserved 1114112K
  class space    used 7639K, committed 7872K, reserved 1048576K
}
Event: 6.599 GC heap after
{Heap after GC invocations=21 (full 0):
 garbage-first heap   total 116736K, used 57416K [0x0000000080000000, 0x0000000100000000)
  region size 1024K, 6 young (6144K), 6 survivors (6144K)
 Metaspace       used 55574K, committed 56128K, reserved 1114112K
  class space    used 7639K, committed 7872K, reserved 1048576K
}
Event: 6.612 GC heap before
{Heap before GC invocations=21 (full 0):
 garbage-first heap   total 116736K, used 57416K [0x0000000080000000, 0x0000000100000000)
  region size 1024K, 7 young (7168K), 6 survivors (6144K)
 Metaspace       used 55574K, committed 56128K, reserved 1114112K
  class space    used 7639K, committed 7872K, reserved 1048576K
}
Event: 6.616 GC heap after
{Heap after GC invocations=22 (full 0):
 garbage-first heap   total 116736K, used 57432K [0x0000000080000000, 0x0000000100000000)
  region size 1024K, 1 young (1024K), 1 survivors (1024K)
 Metaspace       used 55574K, committed 56128K, reserved 1114112K
  class space    used 7639K, committed 7872K, reserved 1048576K
}
Event: 6.627 GC heap before
{Heap before GC invocations=22 (full 0):
 garbage-first heap   total 116736K, used 58456K [0x0000000080000000, 0x0000000100000000)
  region size 1024K, 3 young (3072K), 1 survivors (1024K)
 Metaspace       used 55574K, committed 56128K, reserved 1114112K
  class space    used 7639K, committed 7872K, reserved 1048576K
}
Event: 6.629 GC heap after
{Heap after GC invocations=23 (full 0):
 garbage-first heap   total 116736K, used 58501K [0x0000000080000000, 0x0000000100000000)
  region size 1024K, 2 young (2048K), 2 survivors (2048K)
 Metaspace       used 55574K, committed 56128K, reserved 1114112K
  class space    used 7639K, committed 7872K, reserved 1048576K
}
Event: 6.803 GC heap before
{Heap before GC invocations=24 (full 0):
 garbage-first heap   total 116736K, used 82053K [0x0000000080000000, 0x0000000100000000)
  region size 1024K, 22 young (22528K), 2 survivors (2048K)
 Metaspace       used 56721K, committed 57280K, reserved 1114112K
  class space    used 7768K, committed 8000K, reserved 1048576K
}
Event: 6.805 GC heap after
{Heap after GC invocations=25 (full 0):
 garbage-first heap   total 116736K, used 64385K [0x0000000080000000, 0x0000000100000000)
  region size 1024K, 3 young (3072K), 3 survivors (3072K)
 Metaspace       used 56721K, committed 57280K, reserved 1114112K
  class space    used 7768K, committed 8000K, reserved 1048576K
}
Event: 6.830 GC heap before
{Heap before GC invocations=25 (full 0):
 garbage-first heap   total 116736K, used 66433K [0x0000000080000000, 0x0000000100000000)
  region size 1024K, 5 young (5120K), 3 survivors (3072K)
 Metaspace       used 56853K, committed 57344K, reserved 1114112K
  class space    used 7784K, committed 8000K, reserved 1048576K
}
Event: 6.832 GC heap after
{Heap after GC invocations=26 (full 0):
 garbage-first heap   total 116736K, used 63630K [0x0000000080000000, 0x0000000100000000)
  region size 1024K, 1 young (1024K), 1 survivors (1024K)
 Metaspace       used 56853K, committed 57344K, reserved 1114112K
  class space    used 7784K, committed 8000K, reserved 1048576K
}
Event: 7.006 GC heap before
{Heap before GC invocations=26 (full 0):
 garbage-first heap   total 116736K, used 82062K [0x0000000080000000, 0x0000000100000000)
  region size 1024K, 20 young (20480K), 1 survivors (1024K)
 Metaspace       used 58718K, committed 59328K, reserved 1114112K
  class space    used 7999K, committed 8256K, reserved 1048576K
}
Event: 7.008 GC heap after
{Heap after GC invocations=27 (full 0):
 garbage-first heap   total 222208K, used 64443K [0x0000000080000000, 0x0000000100000000)
  region size 1024K, 1 young (1024K), 1 survivors (1024K)
 Metaspace       used 58718K, committed 59328K, reserved 1114112K
  class space    used 7999K, committed 8256K, reserved 1048576K
}

Deoptimization events (20 events):
Event: 7.443 Thread 0x000001c7c66c1f60 Uncommon trap: trap_request=0xffffffde fr.pc=0x000001c7f11e6f7c relative=0x000000000000005c
Event: 7.443 Thread 0x000001c7c66c1f60 Uncommon trap: reason=class_check action=maybe_recompile pc=0x000001c7f11e6f7c method=java.lang.invoke.Invokers$Holder.linkToTargetMethod(Ljava/lang/Object;Ljava/lang/Object;Ljava/lang/Object;Ljava/lang/Object;)Ljava/lang/Object; @ 1 c2
Event: 7.443 Thread 0x000001c7c66c1f60 DEOPT PACKING pc=0x000001c7f11e6f7c sp=0x000000c6a93f4d10
Event: 7.443 Thread 0x000001c7c66c1f60 DEOPT UNPACKING pc=0x000001c7f0705ba3 sp=0x000000c6a93f4ca0 mode 2
Event: 7.446 Thread 0x000001c7c66c1f60 Uncommon trap: trap_request=0xffffffde fr.pc=0x000001c7f11e6f7c relative=0x000000000000005c
Event: 7.446 Thread 0x000001c7c66c1f60 Uncommon trap: reason=class_check action=maybe_recompile pc=0x000001c7f11e6f7c method=java.lang.invoke.Invokers$Holder.linkToTargetMethod(Ljava/lang/Object;Ljava/lang/Object;Ljava/lang/Object;Ljava/lang/Object;)Ljava/lang/Object; @ 1 c2
Event: 7.446 Thread 0x000001c7c66c1f60 DEOPT PACKING pc=0x000001c7f11e6f7c sp=0x000000c6a93f4a50
Event: 7.446 Thread 0x000001c7c66c1f60 DEOPT UNPACKING pc=0x000001c7f0705ba3 sp=0x000000c6a93f49e0 mode 2
Event: 7.450 Thread 0x000001c7c66c1f60 Uncommon trap: trap_request=0xffffffde fr.pc=0x000001c7f11e6f7c relative=0x000000000000005c
Event: 7.450 Thread 0x000001c7c66c1f60 Uncommon trap: reason=class_check action=maybe_recompile pc=0x000001c7f11e6f7c method=java.lang.invoke.Invokers$Holder.linkToTargetMethod(Ljava/lang/Object;Ljava/lang/Object;Ljava/lang/Object;Ljava/lang/Object;)Ljava/lang/Object; @ 1 c2
Event: 7.450 Thread 0x000001c7c66c1f60 DEOPT PACKING pc=0x000001c7f11e6f7c sp=0x000000c6a93f4e00
Event: 7.450 Thread 0x000001c7c66c1f60 DEOPT UNPACKING pc=0x000001c7f0705ba3 sp=0x000000c6a93f4d90 mode 2
Event: 7.453 Thread 0x000001c7c66c1f60 Uncommon trap: trap_request=0xffffff45 fr.pc=0x000001c7f1229f78 relative=0x0000000000000498
Event: 7.453 Thread 0x000001c7c66c1f60 Uncommon trap: reason=unstable_if action=reinterpret pc=0x000001c7f1229f78 method=java.io.WinNTFileSystem.prefixLength(Ljava/lang/String;)I @ 42 c2
Event: 7.453 Thread 0x000001c7c66c1f60 DEOPT PACKING pc=0x000001c7f1229f78 sp=0x000000c6a93f4f30
Event: 7.453 Thread 0x000001c7c66c1f60 DEOPT UNPACKING pc=0x000001c7f0705ba3 sp=0x000000c6a93f4e68 mode 2
Event: 7.453 Thread 0x000001c7c66c1f60 Uncommon trap: trap_request=0xffffff45 fr.pc=0x000001c7f1085098 relative=0x00000000000002d8
Event: 7.453 Thread 0x000001c7c66c1f60 Uncommon trap: reason=unstable_if action=reinterpret pc=0x000001c7f1085098 method=java.io.WinNTFileSystem.prefixLength(Ljava/lang/String;)I @ 42 c2
Event: 7.453 Thread 0x000001c7c66c1f60 DEOPT PACKING pc=0x000001c7f1085098 sp=0x000000c6a93f4ee0
Event: 7.453 Thread 0x000001c7c66c1f60 DEOPT UNPACKING pc=0x000001c7f0705ba3 sp=0x000000c6a93f4e68 mode 2

Classes unloaded (0 events):
No events

Classes redefined (0 events):
No events

Internal exceptions (20 events):
Event: 5.563 Thread 0x000001c7c66c1f60 Exception <a 'java/lang/ClassNotFoundException'{0x0000000084363e80}: sun/misc/SharedSecrets> (0x0000000084363e80) 
thrown [s\open\src\hotspot\share\classfile\systemDictionary.cpp, line 256]
Event: 5.613 Thread 0x000001c7c66c1f60 Exception <a 'java/lang/NoSuchMethodError'{0x0000000083fce930}: 'int java.lang.invoke.DirectMethodHandle$Holder.invokeInterface(java.lang.Object, java.lang.Object, java.lang.Object, java.lang.Object)'> (0x0000000083fce930) 
thrown [s\open\src\hotspot\share\interpreter\linkResolver.cpp, line 759]
Event: 5.633 Thread 0x000001c7c66c1f60 Exception <a 'java/lang/NoSuchMethodError'{0x0000000083dae7f8}: 'java.lang.Object java.lang.invoke.DirectMethodHandle$Holder.invokeStatic(java.lang.Object, long, java.lang.Object)'> (0x0000000083dae7f8) 
thrown [s\open\src\hotspot\share\interpreter\linkResolver.cpp, line 759]
Event: 5.633 Thread 0x000001c7c66c1f60 Exception <a 'java/lang/NoSuchMethodError'{0x0000000083db6530}: 'java.lang.Object java.lang.invoke.DirectMethodHandle$Holder.newInvokeSpecial(java.lang.Object, long)'> (0x0000000083db6530) 
thrown [s\open\src\hotspot\share\interpreter\linkResolver.cpp, line 759]
Event: 5.638 Thread 0x000001c7c66c1f60 Exception <a 'java/lang/NoSuchMethodError'{0x0000000083c27ac8}: 'java.lang.Object java.lang.invoke.Invokers$Holder.linkToTargetMethod(java.lang.Object, java.lang.Object, java.lang.Object, java.lang.Object, long, java.lang.Object, java.lang.Object)'> (0x0000000083c27ac8) 
thrown [s\open\src\hotspot\share\interpreter\linkResolver.cpp, line 759]
Event: 5.640 Thread 0x000001c7c66c1f60 Exception <a 'java/lang/NoSuchMethodError'{0x0000000083c6dfb8}: 'java.lang.Object java.lang.invoke.DirectMethodHandle$Holder.newInvokeSpecial(java.lang.Object, java.lang.Object, java.lang.Object, long, java.lang.Object)'> (0x0000000083c6dfb8) 
thrown [s\open\src\hotspot\share\interpreter\linkResolver.cpp, line 759]
Event: 5.640 Thread 0x000001c7c66c1f60 Exception <a 'java/lang/NoSuchMethodError'{0x0000000083c730e8}: 'java.lang.Object java.lang.invoke.DirectMethodHandle$Holder.invokeSpecial(java.lang.Object, java.lang.Object, java.lang.Object, java.lang.Object, long, java.lang.Object)'> (0x0000000083c730e8) 
thrown [s\open\src\hotspot\share\interpreter\linkResolver.cpp, line 759]
Event: 5.640 Thread 0x000001c7c66c1f60 Exception <a 'java/lang/NoSuchMethodError'{0x0000000083c778d0}: 'java.lang.Object java.lang.invoke.Invokers$Holder.linkToTargetMethod(java.lang.Object, java.lang.Object, long, java.lang.Object, java.lang.Object)'> (0x0000000083c778d0) 
thrown [s\open\src\hotspot\share\interpreter\linkResolver.cpp, line 759]
Event: 5.670 Thread 0x000001c7c66c1f60 Exception <a 'java/lang/NoSuchMethodError'{0x0000000083ac96e8}: 'java.lang.Object java.lang.invoke.DirectMethodHandle$Holder.invokeSpecial(java.lang.Object, java.lang.Object, long, java.lang.Object, java.lang.Object)'> (0x0000000083ac96e8) 
thrown [s\open\src\hotspot\share\interpreter\linkResolver.cpp, line 759]
Event: 5.977 Thread 0x000001c7c66c1f60 Exception <a 'java/lang/NoSuchMethodError'{0x0000000084418e48}: 'java.lang.Object java.lang.invoke.DirectMethodHandle$Holder.newInvokeSpecial(java.lang.Object, java.lang.Object, java.lang.Object, java.lang.Object, int, java.lang.Object)'> (0x0000000084418e48) 
thrown [s\open\src\hotspot\share\interpreter\linkResolver.cpp, line 759]
Event: 5.978 Thread 0x000001c7c66c1f60 Exception <a 'java/lang/NoSuchMethodError'{0x00000000844219a0}: 'java.lang.Object java.lang.invoke.Invokers$Holder.linkToTargetMethod(java.lang.Object, java.lang.Object, java.lang.Object, int, java.lang.Object, java.lang.Object)'> (0x00000000844219a0) 
thrown [s\open\src\hotspot\share\interpreter\linkResolver.cpp, line 759]
Event: 6.161 Thread 0x000001c7c66c1f60 Exception <a 'java/lang/NoSuchMethodError'{0x0000000084017fd8}: 'java.lang.Object java.lang.invoke.DirectMethodHandle$Holder.invokeSpecialIFC(java.lang.Object, java.lang.Object, java.lang.Object)'> (0x0000000084017fd8) 
thrown [s\open\src\hotspot\share\interpreter\linkResolver.cpp, line 759]
Event: 6.506 Thread 0x000001c7c66c1f60 Exception <a 'java/lang/ClassNotFoundException'{0x0000000084e54418}: build_270yvbua1yj4wsurdv8tv5afnBeanInfo> (0x0000000084e54418) 
thrown [s\open\src\hotspot\share\classfile\systemDictionary.cpp, line 256]
Event: 6.506 Thread 0x000001c7c66c1f60 Exception <a 'java/lang/ClassNotFoundException'{0x0000000084e5b8d8}: build_270yvbua1yj4wsurdv8tv5afnCustomizer> (0x0000000084e5b8d8) 
thrown [s\open\src\hotspot\share\classfile\systemDictionary.cpp, line 256]
Event: 6.658 Thread 0x000001c7c66c1f60 Exception <a 'java/lang/ClassNotFoundException'{0x0000000088fa3d50}: org/gradle/api/internal/plugins/DefaultObjectConfigurationActionBeanInfo> (0x0000000088fa3d50) 
thrown [s\open\src\hotspot\share\classfile\systemDictionary.cpp, line 256]
Event: 6.665 Thread 0x000001c7c66c1f60 Exception <a 'java/lang/ClassNotFoundException'{0x0000000088fb9128}: org/gradle/api/internal/plugins/DefaultObjectConfigurationActionCustomizer> (0x0000000088fb9128) 
thrown [s\open\src\hotspot\share\classfile\systemDictionary.cpp, line 256]
Event: 6.894 Thread 0x000001c7c66c1f60 Exception <a 'java/lang/NoSuchMethodError'{0x0000000088925518}: 'java.lang.Object java.lang.invoke.DirectMethodHandle$Holder.invokeSpecial(java.lang.Object, java.lang.Object, long, java.lang.Object, java.lang.Object, java.lang.Object, java.lang.Object, java.lang.Object, java.lang.Object, java.lang.Object, java.lang.Object, java.lang.Object)'> (0x0000000088925518) 
thrown [s\open\src\hotspot\share\interpreter\linkResolver.cpp, line 759]
Event: 6.894 Thread 0x000001c7c66c1f60 Exception <a 'java/lang/NoSuchMethodError'{0x000000008892acb0}: 'java.lang.Object java.lang.invoke.DelegatingMethodHandle$Holder.reinvoke_L(java.lang.Object, long, java.lang.Object, java.lang.Object, java.lang.Object, java.lang.Object, java.lang.Object, java.lang.Object, java.lang.Object, java.lang.Object, java.lang.Object)'> (0x000000008892acb0) 
thrown [s\open\src\hotspot\share\interpreter\linkResolver.cpp, line 759]
Event: 6.962 Thread 0x000001c7c66c1f60 Exception <a 'java/lang/NoSuchMethodError'{0x00000000863b49a0}: 'int java.lang.invoke.DirectMethodHandle$Holder.invokeSpecialIFC(java.lang.Object, java.lang.Object, java.lang.Object, java.lang.Object, java.lang.Object)'> (0x00000000863b49a0) 
thrown [s\open\src\hotspot\share\interpreter\linkResolver.cpp, line 759]
Event: 7.539 Thread 0x000001c7c66c1f60 Exception <a 'java/lang/NoSuchMethodError'{0x000000008a411f20}: 'void java.lang.invoke.DirectMethodHandle$Holder.invokeVirtual(java.lang.Object, java.lang.Object)'> (0x000000008a411f20) 
thrown [s\open\src\hotspot\share\interpreter\linkResolver.cpp, line 759]

VM Operations (20 events):
Event: 6.677 Executing VM operation: G1Concurrent
Event: 6.677 Executing VM operation: G1Concurrent done
Event: 6.803 Executing VM operation: G1CollectForAllocation
Event: 6.805 Executing VM operation: G1CollectForAllocation done
Event: 6.830 Executing VM operation: G1CollectForAllocation
Event: 6.832 Executing VM operation: G1CollectForAllocation done
Event: 7.006 Executing VM operation: G1CollectForAllocation
Event: 7.008 Executing VM operation: G1CollectForAllocation done
Event: 7.031 Executing VM operation: G1Concurrent
Event: 7.034 Executing VM operation: G1Concurrent done
Event: 7.045 Executing VM operation: G1Concurrent
Event: 7.045 Executing VM operation: G1Concurrent done
Event: 7.256 Executing VM operation: HandshakeAllThreads
Event: 7.256 Executing VM operation: HandshakeAllThreads done
Event: 7.326 Executing VM operation: HandshakeAllThreads
Event: 7.326 Executing VM operation: HandshakeAllThreads done
Event: 7.430 Executing VM operation: ICBufferFull
Event: 7.430 Executing VM operation: ICBufferFull done
Event: 7.472 Executing VM operation: HandshakeAllThreads
Event: 7.472 Executing VM operation: HandshakeAllThreads done

Events (20 events):
Event: 7.449 loading class javax/xml/parsers/DocumentBuilderFactory done
Event: 7.449 loading class javax/xml/parsers/FactoryFinder
Event: 7.449 loading class javax/xml/parsers/FactoryFinder done
Event: 7.450 loading class javax/xml/parsers/FactoryFinder$1
Event: 7.450 loading class javax/xml/parsers/FactoryFinder$1 done
Event: 7.451 loading class com/sun/org/apache/xerces/internal/jaxp/DocumentBuilderFactoryImpl
Event: 7.451 loading class com/sun/org/apache/xerces/internal/jaxp/DocumentBuilderFactoryImpl done
Event: 7.451 loading class com/sun/org/apache/xerces/internal/utils/XMLSecurityManager
Event: 7.451 loading class com/sun/org/apache/xerces/internal/utils/XMLSecurityManager done
Event: 7.451 loading class com/sun/org/apache/xerces/internal/utils/XMLSecurityManager$Limit
Event: 7.452 loading class com/sun/org/apache/xerces/internal/utils/XMLSecurityManager$Limit done
Event: 7.452 loading class com/sun/org/apache/xerces/internal/utils/XMLSecurityManager$NameMap
Event: 7.452 loading class com/sun/org/apache/xerces/internal/utils/XMLSecurityManager$NameMap done
Event: 7.452 loading class com/sun/org/apache/xerces/internal/utils/XMLSecurityPropertyManager
Event: 7.452 loading class com/sun/org/apache/xerces/internal/utils/XMLSecurityPropertyManager done
Event: 7.452 loading class com/sun/org/apache/xerces/internal/utils/XMLSecurityPropertyManager$State
Event: 7.452 loading class com/sun/org/apache/xerces/internal/utils/XMLSecurityPropertyManager$State done
Event: 7.452 loading class com/sun/org/apache/xerces/internal/utils/XMLSecurityPropertyManager$Property
Event: 7.452 loading class com/sun/org/apache/xerces/internal/utils/XMLSecurityPropertyManager$Property done
Event: 7.506 Thread 0x000001c7c8506c10 Thread added: 0x000001c7c8506c10


Dynamic libraries:
0x00007ff61dfa0000 - 0x00007ff61dfb0000 	C:\Program Files\Java\jdk-17\bin\java.exe
0x00007ffd28660000 - 0x00007ffd288c8000 	C:\WINDOWS\SYSTEM32\ntdll.dll
0x00007ffd28420000 - 0x00007ffd284e9000 	C:\WINDOWS\System32\KERNEL32.DLL
0x00007ffd25b50000 - 0x00007ffd25f42000 	C:\WINDOWS\System32\KERNELBASE.dll
0x00007ffd262e0000 - 0x00007ffd2642b000 	C:\WINDOWS\System32\ucrtbase.dll
0x00007ffd056f0000 - 0x00007ffd05709000 	C:\Program Files\Java\jdk-17\bin\jli.dll
0x00007ffd08270000 - 0x00007ffd0828b000 	C:\Program Files\Java\jdk-17\bin\VCRUNTIME140.dll
0x00007ffd27ca0000 - 0x00007ffd27d54000 	C:\WINDOWS\System32\ADVAPI32.dll
0x00007ffd27170000 - 0x00007ffd27219000 	C:\WINDOWS\System32\msvcrt.dll
0x00007ffd273f0000 - 0x00007ffd27496000 	C:\WINDOWS\System32\sechost.dll
0x00007ffd28280000 - 0x00007ffd28398000 	C:\WINDOWS\System32\RPCRT4.dll
0x00007ffd27220000 - 0x00007ffd273e5000 	C:\WINDOWS\System32\USER32.dll
0x00007ffd0cfb0000 - 0x00007ffd0d243000 	C:\WINDOWS\WinSxS\amd64_microsoft.windows.common-controls_6595b64144ccf1df_6.0.26100.6899_none_3e0efeeae32e88c1\COMCTL32.dll
0x00007ffd25f50000 - 0x00007ffd25f77000 	C:\WINDOWS\System32\win32u.dll
0x00007ffd270c0000 - 0x00007ffd270eb000 	C:\WINDOWS\System32\GDI32.dll
0x00007ffd26100000 - 0x00007ffd2622d000 	C:\WINDOWS\System32\gdi32full.dll
0x00007ffd26230000 - 0x00007ffd262d3000 	C:\WINDOWS\System32\msvcp_win.dll
0x00007ffd1f3c0000 - 0x00007ffd1f3cb000 	C:\WINDOWS\SYSTEM32\VERSION.dll
0x00007ffd284f0000 - 0x00007ffd2851f000 	C:\WINDOWS\System32\IMM32.DLL
0x00007ffd05980000 - 0x00007ffd0598c000 	C:\Program Files\Java\jdk-17\bin\vcruntime140_1.dll
0x00007ffca7740000 - 0x00007ffca77ce000 	C:\Program Files\Java\jdk-17\bin\msvcp140.dll
0x00007ffbdfa40000 - 0x00007ffbe0621000 	C:\Program Files\Java\jdk-17\bin\server\jvm.dll
0x00007ffd27c90000 - 0x00007ffd27c98000 	C:\WINDOWS\System32\PSAPI.DLL
0x00007ffd0b800000 - 0x00007ffd0b80a000 	C:\WINDOWS\SYSTEM32\WSOCK32.dll
0x00007ffd1b000000 - 0x00007ffd1b035000 	C:\WINDOWS\SYSTEM32\WINMM.dll
0x00007ffd266f0000 - 0x00007ffd26764000 	C:\WINDOWS\System32\WS2_32.dll
0x00007ffd24580000 - 0x00007ffd2459b000 	C:\WINDOWS\SYSTEM32\kernel.appcore.dll
0x00007ffd058a0000 - 0x00007ffd058aa000 	C:\Program Files\Java\jdk-17\bin\jimage.dll
0x00007ffd22c00000 - 0x00007ffd22e42000 	C:\WINDOWS\SYSTEM32\DBGHELP.DLL
0x00007ffd27ed0000 - 0x00007ffd2824b000 	C:\WINDOWS\System32\combase.dll
0x00007ffd27b30000 - 0x00007ffd27c07000 	C:\WINDOWS\System32\OLEAUT32.dll
0x00007ffd07930000 - 0x00007ffd0796c000 	C:\WINDOWS\SYSTEM32\dbgcore.DLL
0x00007ffd257f0000 - 0x00007ffd25888000 	C:\WINDOWS\System32\bcryptPrimitives.dll
0x00007ffcf9390000 - 0x00007ffcf939e000 	C:\Program Files\Java\jdk-17\bin\instrument.dll
0x00007ffd03910000 - 0x00007ffd03935000 	C:\Program Files\Java\jdk-17\bin\java.dll
0x00007ffc49720000 - 0x00007ffc497f7000 	C:\Program Files\Java\jdk-17\bin\jsvml.dll
0x00007ffd26770000 - 0x00007ffd26ebd000 	C:\WINDOWS\System32\SHELL32.dll
0x00007ffd259e0000 - 0x00007ffd25b4b000 	C:\WINDOWS\System32\wintypes.dll
0x00007ffd23420000 - 0x00007ffd23c7d000 	C:\WINDOWS\SYSTEM32\windows.storage.dll
0x00007ffd27a30000 - 0x00007ffd27b22000 	C:\WINDOWS\System32\SHCORE.dll
0x00007ffd27c20000 - 0x00007ffd27c82000 	C:\WINDOWS\System32\shlwapi.dll
0x00007ffd25710000 - 0x00007ffd25739000 	C:\WINDOWS\SYSTEM32\profapi.dll
0x00007ffcfab50000 - 0x00007ffcfab68000 	C:\Program Files\Java\jdk-17\bin\zip.dll
0x00007ffd038f0000 - 0x00007ffd03909000 	C:\Program Files\Java\jdk-17\bin\net.dll
0x00007ffd1e790000 - 0x00007ffd1e8af000 	C:\WINDOWS\SYSTEM32\WINHTTP.dll
0x00007ffd24ad0000 - 0x00007ffd24b3b000 	C:\WINDOWS\system32\mswsock.dll
0x00007ffcfab70000 - 0x00007ffcfab86000 	C:\Program Files\Java\jdk-17\bin\nio.dll
0x00007ffd056e0000 - 0x00007ffd056f0000 	C:\Program Files\Java\jdk-17\bin\verify.dll
0x00007ffcf8570000 - 0x00007ffcf8597000 	C:\Users\Laptop K1\.gradle\native\1def1411415f61bf3af743bc5b6707747c0891f09f0c88961ee8f79bc544acac\windows-amd64\native-platform.dll
0x00007ffc9b860000 - 0x00007ffc9b8d8000 	C:\Users\Laptop K1\.gradle\native\0.2.7\x86_64-windows-gnu\gradle-fileevents.dll
0x00007ffd055c0000 - 0x00007ffd055ca000 	C:\Program Files\Java\jdk-17\bin\management.dll
0x00007ffcfa910000 - 0x00007ffcfa91b000 	C:\Program Files\Java\jdk-17\bin\management_ext.dll
0x00007ffd23f80000 - 0x00007ffd23fb4000 	C:\WINDOWS\SYSTEM32\IPHLPAPI.DLL
0x00007ffd264f0000 - 0x00007ffd264fa000 	C:\WINDOWS\System32\NSI.dll
0x00007ffd1eae0000 - 0x00007ffd1eafe000 	C:\WINDOWS\SYSTEM32\dhcpcsvc6.DLL
0x00007ffd1ea30000 - 0x00007ffd1ea53000 	C:\WINDOWS\SYSTEM32\dhcpcsvc.DLL
0x00007ffd24070000 - 0x00007ffd24196000 	C:\WINDOWS\SYSTEM32\DNSAPI.dll
0x00007ffd24eb0000 - 0x00007ffd24ecb000 	C:\WINDOWS\SYSTEM32\CRYPTSP.dll
0x00007ffd244e0000 - 0x00007ffd2451b000 	C:\WINDOWS\system32\rsaenh.dll
0x00007ffd24b70000 - 0x00007ffd24b9b000 	C:\WINDOWS\SYSTEM32\USERENV.dll
0x00007ffd256e0000 - 0x00007ffd25706000 	C:\WINDOWS\SYSTEM32\bcrypt.dll
0x00007ffd24d10000 - 0x00007ffd24d1c000 	C:\WINDOWS\SYSTEM32\CRYPTBASE.dll
0x00007ffcf9380000 - 0x00007ffcf938e000 	C:\Program Files\Java\jdk-17\bin\sunmscapi.dll
0x00007ffd25f80000 - 0x00007ffd260f7000 	C:\WINDOWS\System32\CRYPT32.dll
0x00007ffd25090000 - 0x00007ffd250c0000 	C:\WINDOWS\SYSTEM32\ncrypt.dll
0x00007ffd25020000 - 0x00007ffd2505f000 	C:\WINDOWS\SYSTEM32\NTASN1.dll
0x00007ffc619b0000 - 0x00007ffc619b8000 	C:\WINDOWS\system32\wshunix.dll

dbghelp: loaded successfully - version: 4.0.5 - missing functions: none
symbol engine: initialized successfully - sym options: 0x614 - pdb path: .;C:\Program Files\Java\jdk-17\bin;C:\WINDOWS\SYSTEM32;C:\WINDOWS\WinSxS\amd64_microsoft.windows.common-controls_6595b64144ccf1df_6.0.26100.6899_none_3e0efeeae32e88c1;C:\Program Files\Java\jdk-17\bin\server;C:\Users\Laptop K1\.gradle\native\1def1411415f61bf3af743bc5b6707747c0891f09f0c88961ee8f79bc544acac\windows-amd64;C:\Users\Laptop K1\.gradle\native\0.2.7\x86_64-windows-gnu

VM Arguments:
jvm_args: --add-opens=java.base/java.lang=ALL-UNNAMED --add-opens=java.base/java.lang.invoke=ALL-UNNAMED --add-opens=java.base/java.util=ALL-UNNAMED --add-opens=java.prefs/java.util.prefs=ALL-UNNAMED --add-exports=jdk.compiler/com.sun.tools.javac.api=ALL-UNNAMED --add-exports=jdk.compiler/com.sun.tools.javac.util=ALL-UNNAMED --add-opens=java.base/java.util=ALL-UNNAMED --add-opens=java.prefs/java.util.prefs=ALL-UNNAMED --add-opens=java.base/java.nio.charset=ALL-UNNAMED --add-opens=java.base/java.net=ALL-UNNAMED --add-opens=java.base/java.util.concurrent.atomic=ALL-UNNAMED --add-opens=java.xml/javax.xml.namespace=ALL-UNNAMED -Xmx2048m -Dfile.encoding=UTF-8 -Duser.country=US -Duser.language=en -Duser.variant -javaagent:C:\Users\Laptop K1\.gradle\wrapper\dists\gradle-8.13-bin\5xuhj0ry160q40clulazy9h7d\gradle-8.13\lib\agents\gradle-instrumentation-agent-8.13.jar 
java_command: org.gradle.launcher.daemon.bootstrap.GradleDaemon 8.13
java_class_path (initial): C:\Users\Laptop K1\.gradle\wrapper\dists\gradle-8.13-bin\5xuhj0ry160q40clulazy9h7d\gradle-8.13\lib\gradle-daemon-main-8.13.jar
Launcher Type: SUN_STANDARD

[Global flags]
     intx CICompilerCount                          = 12                                        {product} {ergonomic}
     uint ConcGCThreads                            = 3                                         {product} {ergonomic}
     uint G1ConcRefinementThreads                  = 13                                        {product} {ergonomic}
   size_t G1HeapRegionSize                         = 1048576                                   {product} {ergonomic}
    uintx GCDrainStackTargetSize                   = 64                                        {product} {ergonomic}
   size_t InitialHeapSize                          = 266338304                                 {product} {ergonomic}
   size_t MarkStackSize                            = 4194304                                   {product} {ergonomic}
   size_t MaxHeapSize                              = 2147483648                                {product} {command line}
   size_t MaxNewSize                               = 1287651328                                {product} {ergonomic}
   size_t MinHeapDeltaBytes                        = 1048576                                   {product} {ergonomic}
   size_t MinHeapSize                              = 8388608                                   {product} {ergonomic}
    uintx NonNMethodCodeHeapSize                   = 7602480                                {pd product} {ergonomic}
    uintx NonProfiledCodeHeapSize                  = 122027880                              {pd product} {ergonomic}
    uintx ProfiledCodeHeapSize                     = 122027880                              {pd product} {ergonomic}
    uintx ReservedCodeCacheSize                    = 251658240                              {pd product} {ergonomic}
     bool SegmentedCodeCache                       = true                                      {product} {ergonomic}
   size_t SoftMaxHeapSize                          = 2147483648                             {manageable} {ergonomic}
     bool UseCompressedClassPointers               = true                           {product lp64_product} {ergonomic}
     bool UseCompressedOops                        = true                           {product lp64_product} {ergonomic}
     bool UseG1GC                                  = true                                      {product} {ergonomic}
     bool UseLargePagesIndividualAllocation        = false                                  {pd product} {ergonomic}

Logging:
Log output configuration:
 #0: stdout all=warning uptime,level,tags
 #1: stderr all=off uptime,level,tags

Environment Variables:
CLASSPATH=E:\HocTap\Ky8\PRM392\AppThiLaiXe\\gradle\wrapper\gradle-wrapper.jar
PATH=C:\Python312\Scripts\;C:\Python312\;C:\Program Files\Common Files\Oracle\Java\javapath;C:\Program Files (x86)\Common Files\Oracle\Java\javapath;C:\WINDOWS\system32;C:\WINDOWS;C:\WINDOWS\System32\Wbem;C:\WINDOWS\System32\WindowsPowerShell\v1.0\;C:\WINDOWS\System32\OpenSSH\;C:\Program Files\Common Files\Autodesk Shared\;C:\Program Files\Microsoft SQL Server\120\Tools\Binn\;C:\Program Files (x86)\Microsoft SQL Server\160\DTS\Binn\;C:\Program Files\Azure Data Studio\bin;C:\Program Files\dotnet\;C:\Program Files (x86)\Microsoft SQL Server\160\Tools\Binn\;C:\Program Files\Microsoft SQL Server\160\Tools\Binn\;C:\Program Files\Microsoft SQL Server\Client SDK\ODBC\170\Tools\Binn\;C:\Program Files\Microsoft SQL Server\160\DTS\Binn\;C:\ProgramData\chocolatey\bin;C:\Program Files\Git\cmd;C:\Program Files (x86)\NVIDIA Corporation\PhysX\Common;C:\Program Files\NVIDIA Corporation\NVIDIA app\NvDLISR;C:\WINDOWS\system32;C:\WINDOWS;C:\WINDOWS\System32\Wbem;C:\WINDOWS\System32\WindowsPowerShell\v1.0\;C:\WINDOWS\System32\OpenSSH\;E:\Node\nvm;E:\Node\nodejs;e:\cursor\resources\app\bin;C:\Program Files\Cloudflare\Cloudflare WARP\;C:\Program Files\Docker\Docker\resources\bin;C:\Users\Laptop K1\.console-ninja\.bin;C:\Users\Laptop K1\AppData\Local\Microsoft\WindowsApps;C:\Program Files\Azure Data Studio\bin;C:\Users\Laptop K1\AppData\Local\GitHubDesktop\bin;C:\Users\Laptop K1\AppData\Roaming\npm;C:\Users\Laptop K1\AppData\Local\Microsoft\WindowsApps;E:\Node\nvm;E:\Node\nodejs;E:\cursor\resources\app\bin;C:\Users\Laptop K1\AppData\Local\Programs\Microsoft VS Code\bin
USERNAME=Laptop K1
OS=Windows_NT
PROCESSOR_IDENTIFIER=Intel64 Family 6 Model 141 Stepping 1, GenuineIntel



---------------  S Y S T E M  ---------------

OS:
 Windows 11 , 64 bit Build 26100 (10.0.26100.6725)
OS uptime: 0 days 0:52 hours
Hyper-V role detected

CPU: total 16 (initial active 16) (8 cores per cpu, 2 threads per core) family 6 model 141 stepping 1 microcode 0x50, cx8, cmov, fxsr, ht, mmx, 3dnowpref, sse, sse2, sse3, ssse3, sse4.1, sse4.2, popcnt, lzcnt, tsc, tscinvbit, avx, avx2, aes, erms, clmul, bmi1, bmi2, adx, avx512f, avx512dq, avx512cd, avx512bw, avx512vl, sha, fma, vzeroupper, avx512_vpopcntdq, avx512_vpclmulqdq, avx512_vaes, avx512_vnni, clflush, clflushopt, clwb, avx512_vbmi2, avx512_vbmi, hv

Memory: 4k page, system-wide physical 16167M (2138M free)
TotalPageFile size 20496M (AvailPageFile size 5M)
current process WorkingSet (physical memory assigned to process): 432M, peak: 432M
current process commit charge ("private bytes"): 527M, peak: 527M

vm_info: Java HotSpot(TM) 64-Bit Server VM (17.0.9+11-LTS-201) for windows-amd64 JRE (17.0.9+11-LTS-201), built on Oct 10 2023 23:16:06 by "mach5one" with MS VC++ 17.1 (VS2022)

END.
