#
# There is insufficient memory for the Java Runtime Environment to continue.
# Native memory allocation (malloc) failed to allocate 2299456 bytes for Chunk::new
# Possible reasons:
#   The system is out of physical RAM or swap space
#   The process is running with CompressedOops enabled, and the Java Heap may be blocking the growth of the native heap
# Possible solutions:
#   Reduce memory load on the system
#   Increase physical memory or swap space
#   Check if swap backing store is full
#   Decrease Java heap size (-Xmx/-Xms)
#   Decrease number of Java threads
#   Decrease Java thread stack sizes (-Xss)
#   Set larger code cache with -XX:ReservedCodeCacheSize=
#   JVM is running with Unscaled Compressed Oops mode in which the Java heap is
#     placed in the first 4GB address space. The Java Heap base address is the
#     maximum limit for the native heap growth. Please use -XX:HeapBaseMinAddress
#     to set the Java Heap base and to place the Java Heap above 4GB virtual address.
# This output file may be truncated or incomplete.
#
#  Out of Memory Error (arena.cpp:189), pid=15144, tid=6168
#
# JRE version: Java(TM) SE Runtime Environment (17.0.9+11) (build 17.0.9+11-LTS-201)
# Java VM: Java HotSpot(TM) 64-Bit Server VM (17.0.9+11-LTS-201, mixed mode, sharing, tiered, compressed oops, compressed class ptrs, g1 gc, windows-amd64)
# No core dump will be written. Minidumps are not enabled by default on client versions of Windows
#

---------------  S U M M A R Y ------------

Command Line: --add-opens=java.base/java.lang=ALL-UNNAMED --add-opens=java.base/java.lang.invoke=ALL-UNNAMED --add-opens=java.base/java.util=ALL-UNNAMED --add-opens=java.prefs/java.util.prefs=ALL-UNNAMED --add-exports=jdk.compiler/com.sun.tools.javac.api=ALL-UNNAMED --add-exports=jdk.compiler/com.sun.tools.javac.util=ALL-UNNAMED --add-opens=java.base/java.util=ALL-UNNAMED --add-opens=java.prefs/java.util.prefs=ALL-UNNAMED --add-opens=java.base/java.nio.charset=ALL-UNNAMED --add-opens=java.base/java.net=ALL-UNNAMED --add-opens=java.base/java.util.concurrent.atomic=ALL-UNNAMED --add-opens=java.xml/javax.xml.namespace=ALL-UNNAMED -Xmx2048m -Dfile.encoding=UTF-8 -Duser.country=US -Duser.language=en -Duser.variant -javaagent:C:\Users\Laptop K1\.gradle\wrapper\dists\gradle-8.13-bin\5xuhj0ry160q40clulazy9h7d\gradle-8.13\lib\agents\gradle-instrumentation-agent-8.13.jar org.gradle.launcher.daemon.bootstrap.GradleDaemon 8.13

Host: 11th Gen Intel(R) Core(TM) i7-11800H @ 2.30GHz, 16 cores, 15G,  Windows 11 , 64 bit Build 26100 (10.0.26100.6725)
Time: Thu Nov  6 13:51:00 2025 SE Asia Standard Time elapsed time: 9.344390 seconds (0d 0h 0m 9s)

---------------  T H R E A D  ---------------

Current thread (0x00000249ef07aa80):  JavaThread "C2 CompilerThread3" daemon [_thread_in_native, id=6168, stack(0x0000008d28d00000,0x0000008d28e00000)]


Current CompileTask:
C2:   9344 10115       4       org.gradle.internal.instantiation.generator.AbstractClassGenerator::inspectType (602 bytes)

Stack: [0x0000008d28d00000,0x0000008d28e00000]
Native frames: (J=compiled Java code, j=interpreted, Vv=VM code, C=native code)
V  [jvm.dll+0x678a4a]
V  [jvm.dll+0x7d9cfd]
V  [jvm.dll+0x7db60e]
V  [jvm.dll+0x7dbc73]
V  [jvm.dll+0x245e1f]
V  [jvm.dll+0xaaafb]
V  [jvm.dll+0xab09c]
V  [jvm.dll+0x36237e]
V  [jvm.dll+0x1bbb3a]
V  [jvm.dll+0x218287]
V  [jvm.dll+0x217561]
V  [jvm.dll+0x1a3bc0]
V  [jvm.dll+0x2272de]
V  [jvm.dll+0x22548b]
V  [jvm.dll+0x78f58c]
V  [jvm.dll+0x78998a]
V  [jvm.dll+0x677875]
C  [ucrtbase.dll+0x37b0]
C  [KERNEL32.DLL+0x2e8d7]
C  [ntdll.dll+0x8c53c]


---------------  P R O C E S S  ---------------

Threads class SMR info:
_java_thread_list=0x00000249ec271900, length=93, elements={
0x0000024983e06760, 0x00000249a2b53650, 0x00000249a2affc30, 0x00000249a2b5b000,
0x00000249a2b5d4f0, 0x00000249a2b5ddc0, 0x00000249a2b5e690, 0x00000249a2b5f340,
0x00000249a2b7e240, 0x00000249a2b7eb50, 0x00000249a2aed4c0, 0x00000249a2c7c6c0,
0x00000249a2c7cbe0, 0x00000249a2d85a70, 0x00000249e9176250, 0x00000249e90cbd50,
0x00000249a2f0b990, 0x00000249e822de20, 0x00000249e9239220, 0x00000249e9235f80,
0x00000249e9239730, 0x00000249e9236eb0, 0x00000249e9236490, 0x00000249e92369a0,
0x00000249e92373c0, 0x00000249e9238d10, 0x00000249e92382f0, 0x00000249e9238800,
0x00000249eb7026b0, 0x00000249eb702bc0, 0x00000249eb704000, 0x00000249eb705950,
0x00000249eb704f30, 0x00000249eb7021a0, 0x00000249eb705e60, 0x00000249eb706d90,
0x00000249eb7072a0, 0x00000249eb703af0, 0x00000249eb7077b0, 0x00000249ef079fe0,
0x00000249ef07a530, 0x00000249eb707cc0, 0x00000249eb7081d0, 0x00000249eb7086e0,
0x00000249eb708bf0, 0x00000249eb709610, 0x00000249e86c7060, 0x00000249e86c8ec0,
0x00000249e86c93d0, 0x00000249e86c7570, 0x00000249e86c7f90, 0x00000249e86c7a80,
0x00000249e86c84a0, 0x00000249e86c89b0, 0x00000249e86c9df0, 0x00000249e86c98e0,
0x00000249e86ca300, 0x00000249e86ca810, 0x00000249ee2b8f50, 0x00000249ee2b9970,
0x00000249ee2ba8a0, 0x00000249ee2badb0, 0x00000249ee2bb2c0, 0x00000249ee2b9460,
0x00000249ee2ba390, 0x00000249ee2bb7d0, 0x00000249ee2b8020, 0x00000249ee2bbce0,
0x00000249ee2b8530, 0x00000249ee2bc1f0, 0x00000249ee2b8a40, 0x00000249ee2bcc10,
0x00000249ee2bd120, 0x00000249ee2bd630, 0x00000249ee2b9e80, 0x00000249ee2bdb40,
0x00000249ee2be560, 0x00000249ee2bef80, 0x00000249ee2be050, 0x00000249ee2bea70,
0x00000249ee2bf9a0, 0x00000249ee2bf490, 0x00000249e84f1080, 0x00000249e84ef220,
0x00000249e84f1590, 0x00000249e84f1aa0, 0x00000249ef07aa80, 0x00000249ef079a90,
0x00000249e84f1fb0, 0x00000249e84f0b70, 0x00000249e84ef730, 0x00000249e84f2ee0,
0x00000249e84f33f0
}

Java Threads: ( => current thread )
  0x0000024983e06760 JavaThread "main" [_thread_blocked, id=17548, stack(0x0000008d22100000,0x0000008d22200000)]
  0x00000249a2b53650 JavaThread "Reference Handler" daemon [_thread_blocked, id=28608, stack(0x0000008d22800000,0x0000008d22900000)]
  0x00000249a2affc30 JavaThread "Finalizer" daemon [_thread_blocked, id=13292, stack(0x0000008d22900000,0x0000008d22a00000)]
  0x00000249a2b5b000 JavaThread "Signal Dispatcher" daemon [_thread_blocked, id=25612, stack(0x0000008d22a00000,0x0000008d22b00000)]
  0x00000249a2b5d4f0 JavaThread "Attach Listener" daemon [_thread_blocked, id=7064, stack(0x0000008d22b00000,0x0000008d22c00000)]
  0x00000249a2b5ddc0 JavaThread "Service Thread" daemon [_thread_blocked, id=19264, stack(0x0000008d22c00000,0x0000008d22d00000)]
  0x00000249a2b5e690 JavaThread "Monitor Deflation Thread" daemon [_thread_blocked, id=14228, stack(0x0000008d22d00000,0x0000008d22e00000)]
  0x00000249a2b5f340 JavaThread "C2 CompilerThread0" daemon [_thread_in_native, id=28668, stack(0x0000008d22e00000,0x0000008d22f00000)]
  0x00000249a2b7e240 JavaThread "C1 CompilerThread0" daemon [_thread_blocked, id=27444, stack(0x0000008d22f00000,0x0000008d23000000)]
  0x00000249a2b7eb50 JavaThread "Sweeper thread" daemon [_thread_blocked, id=26984, stack(0x0000008d23000000,0x0000008d23100000)]
  0x00000249a2aed4c0 JavaThread "Common-Cleaner" daemon [_thread_blocked, id=22356, stack(0x0000008d23100000,0x0000008d23200000)]
  0x00000249a2c7c6c0 JavaThread "C1 CompilerThread1" daemon [_thread_blocked, id=25832, stack(0x0000008d23200000,0x0000008d23300000)]
  0x00000249a2c7cbe0 JavaThread "C1 CompilerThread2" daemon [_thread_blocked, id=27792, stack(0x0000008d23300000,0x0000008d23400000)]
  0x00000249a2d85a70 JavaThread "Notification Thread" daemon [_thread_blocked, id=18396, stack(0x0000008d23500000,0x0000008d23600000)]
  0x00000249e9176250 JavaThread "C1 CompilerThread3" daemon [_thread_blocked, id=28224, stack(0x0000008d23f00000,0x0000008d24000000)]
  0x00000249e90cbd50 JavaThread "Daemon health stats" [_thread_blocked, id=21544, stack(0x0000008d24000000,0x0000008d24100000)]
  0x00000249a2f0b990 JavaThread "Incoming local TCP Connector on port 54216" [_thread_in_native, id=21096, stack(0x0000008d23900000,0x0000008d23a00000)]
  0x00000249e822de20 JavaThread "Daemon periodic checks" [_thread_blocked, id=27652, stack(0x0000008d24100000,0x0000008d24200000)]
  0x00000249e9239220 JavaThread "Daemon" [_thread_blocked, id=17432, stack(0x0000008d24200000,0x0000008d24300000)]
  0x00000249e9235f80 JavaThread "Handler for socket connection from /127.0.0.1:54216 to /127.0.0.1:54217" [_thread_in_native, id=26076, stack(0x0000008d24300000,0x0000008d24400000)]
  0x00000249e9239730 JavaThread "Cancel handler" [_thread_blocked, id=18248, stack(0x0000008d24400000,0x0000008d24500000)]
  0x00000249e9236eb0 JavaThread "Daemon worker" [_thread_in_native, id=14512, stack(0x0000008d24500000,0x0000008d24600000)]
  0x00000249e9236490 JavaThread "Asynchronous log dispatcher for DefaultDaemonConnection: socket connection from /127.0.0.1:54216 to /127.0.0.1:54217" [_thread_blocked, id=25232, stack(0x0000008d24600000,0x0000008d24700000)]
  0x00000249e92369a0 JavaThread "Stdin handler" [_thread_blocked, id=11028, stack(0x0000008d24700000,0x0000008d24800000)]
  0x00000249e92373c0 JavaThread "Daemon client event forwarder" [_thread_blocked, id=13544, stack(0x0000008d24800000,0x0000008d24900000)]
  0x00000249e9238d10 JavaThread "Cache worker for journal cache (C:\Users\Laptop K1\.gradle\caches\journal-1)" [_thread_blocked, id=28456, stack(0x0000008d23700000,0x0000008d23800000)]
  0x00000249e92382f0 JavaThread "File lock request listener" [_thread_in_native, id=9396, stack(0x0000008d23800000,0x0000008d23900000)]
  0x00000249e9238800 JavaThread "Cache worker for file hash cache (C:\Users\Laptop K1\.gradle\caches\8.13\fileHashes)" [_thread_blocked, id=22148, stack(0x0000008d24900000,0x0000008d24a00000)]
  0x00000249eb7026b0 JavaThread "Cache worker for file hash cache (E:\HocTap\Ky8\PRM392\AppThiLaiXe\.gradle\8.13\fileHashes)" [_thread_blocked, id=12764, stack(0x0000008d24b00000,0x0000008d24c00000)]
  0x00000249eb702bc0 JavaThread "Cache worker for Build Output Cleanup Cache (E:\HocTap\Ky8\PRM392\AppThiLaiXe\.gradle\buildOutputCleanup)" [_thread_blocked, id=17940, stack(0x0000008d24c00000,0x0000008d24d00000)]
  0x00000249eb704000 JavaThread "File watcher server" daemon [_thread_in_native, id=2020, stack(0x0000008d25600000,0x0000008d25700000)]
  0x00000249eb705950 JavaThread "File watcher consumer" daemon [_thread_blocked, id=14220, stack(0x0000008d25700000,0x0000008d25800000)]
  0x00000249eb704f30 JavaThread "jar transforms" [_thread_blocked, id=25028, stack(0x0000008d25c00000,0x0000008d25d00000)]
  0x00000249eb7021a0 JavaThread "Cache worker for checksums cache (E:\HocTap\Ky8\PRM392\AppThiLaiXe\.gradle\8.13\checksums)" [_thread_blocked, id=13852, stack(0x0000008d25d00000,0x0000008d25e00000)]
  0x00000249eb705e60 JavaThread "Cache worker for file content cache (C:\Users\Laptop K1\.gradle\caches\8.13\fileContent)" [_thread_blocked, id=2528, stack(0x0000008d25e00000,0x0000008d25f00000)]
  0x00000249eb706d90 JavaThread "Cache worker for cache directory md-supplier (C:\Users\Laptop K1\.gradle\caches\8.13\md-supplier)" [_thread_blocked, id=24760, stack(0x0000008d25b00000,0x0000008d25c00000)]
  0x00000249eb7072a0 JavaThread "Cache worker for cache directory md-rule (C:\Users\Laptop K1\.gradle\caches\8.13\md-rule)" [_thread_blocked, id=1136, stack(0x0000008d25f00000,0x0000008d26000000)]
  0x00000249eb703af0 JavaThread "jar transforms Thread 2" [_thread_blocked, id=6800, stack(0x0000008d25a00000,0x0000008d25b00000)]
  0x00000249eb7077b0 JavaThread "jar transforms Thread 3" [_thread_blocked, id=13260, stack(0x0000008d25900000,0x0000008d25a00000)]
  0x00000249ef079fe0 JavaThread "C2 CompilerThread1" daemon [_thread_in_native, id=25920, stack(0x0000008d23400000,0x0000008d23500000)]
  0x00000249ef07a530 JavaThread "C2 CompilerThread2" daemon [_thread_in_native, id=15640, stack(0x0000008d24a00000,0x0000008d24b00000)]
  0x00000249eb707cc0 JavaThread "Unconstrained build operations" [_thread_blocked, id=25568, stack(0x0000008d25800000,0x0000008d25900000)]
  0x00000249eb7081d0 JavaThread "Unconstrained build operations Thread 2" [_thread_blocked, id=11776, stack(0x0000008d26000000,0x0000008d26100000)]
  0x00000249eb7086e0 JavaThread "Unconstrained build operations Thread 3" [_thread_blocked, id=24992, stack(0x0000008d26200000,0x0000008d26300000)]
  0x00000249eb708bf0 JavaThread "Unconstrained build operations Thread 4" [_thread_blocked, id=26104, stack(0x0000008d26300000,0x0000008d26400000)]
  0x00000249eb709610 JavaThread "Unconstrained build operations Thread 5" [_thread_blocked, id=12248, stack(0x0000008d26400000,0x0000008d26500000)]
  0x00000249e86c7060 JavaThread "Unconstrained build operations Thread 6" [_thread_blocked, id=1996, stack(0x0000008d26500000,0x0000008d26600000)]
  0x00000249e86c8ec0 JavaThread "Unconstrained build operations Thread 7" [_thread_blocked, id=26392, stack(0x0000008d26600000,0x0000008d26700000)]
  0x00000249e86c93d0 JavaThread "Unconstrained build operations Thread 8" [_thread_blocked, id=3032, stack(0x0000008d26700000,0x0000008d26800000)]
  0x00000249e86c7570 JavaThread "Unconstrained build operations Thread 9" [_thread_blocked, id=25228, stack(0x0000008d26800000,0x0000008d26900000)]
  0x00000249e86c7f90 JavaThread "Unconstrained build operations Thread 10" [_thread_blocked, id=28244, stack(0x0000008d26900000,0x0000008d26a00000)]
  0x00000249e86c7a80 JavaThread "Unconstrained build operations Thread 11" [_thread_blocked, id=23852, stack(0x0000008d26a00000,0x0000008d26b00000)]
  0x00000249e86c84a0 JavaThread "Unconstrained build operations Thread 12" [_thread_blocked, id=28212, stack(0x0000008d26b00000,0x0000008d26c00000)]
  0x00000249e86c89b0 JavaThread "Unconstrained build operations Thread 13" [_thread_blocked, id=28120, stack(0x0000008d26c00000,0x0000008d26d00000)]
  0x00000249e86c9df0 JavaThread "Unconstrained build operations Thread 14" [_thread_blocked, id=26288, stack(0x0000008d26d00000,0x0000008d26e00000)]
  0x00000249e86c98e0 JavaThread "Unconstrained build operations Thread 15" [_thread_blocked, id=10696, stack(0x0000008d26e00000,0x0000008d26f00000)]
  0x00000249e86ca300 JavaThread "Unconstrained build operations Thread 16" [_thread_blocked, id=15040, stack(0x0000008d26f00000,0x0000008d27000000)]
  0x00000249e86ca810 JavaThread "Unconstrained build operations Thread 17" [_thread_blocked, id=20152, stack(0x0000008d27000000,0x0000008d27100000)]
  0x00000249ee2b8f50 JavaThread "Unconstrained build operations Thread 18" [_thread_blocked, id=13900, stack(0x0000008d27100000,0x0000008d27200000)]
  0x00000249ee2b9970 JavaThread "Unconstrained build operations Thread 19" [_thread_blocked, id=20296, stack(0x0000008d27200000,0x0000008d27300000)]
  0x00000249ee2ba8a0 JavaThread "Unconstrained build operations Thread 20" [_thread_blocked, id=18844, stack(0x0000008d27300000,0x0000008d27400000)]
  0x00000249ee2badb0 JavaThread "Unconstrained build operations Thread 21" [_thread_blocked, id=6180, stack(0x0000008d27400000,0x0000008d27500000)]
  0x00000249ee2bb2c0 JavaThread "Unconstrained build operations Thread 22" [_thread_blocked, id=19072, stack(0x0000008d27500000,0x0000008d27600000)]
  0x00000249ee2b9460 JavaThread "Unconstrained build operations Thread 23" [_thread_blocked, id=10984, stack(0x0000008d27600000,0x0000008d27700000)]
  0x00000249ee2ba390 JavaThread "Unconstrained build operations Thread 24" [_thread_blocked, id=15792, stack(0x0000008d27700000,0x0000008d27800000)]
  0x00000249ee2bb7d0 JavaThread "Unconstrained build operations Thread 25" [_thread_blocked, id=5468, stack(0x0000008d27800000,0x0000008d27900000)]
  0x00000249ee2b8020 JavaThread "Unconstrained build operations Thread 26" [_thread_blocked, id=20052, stack(0x0000008d27900000,0x0000008d27a00000)]
  0x00000249ee2bbce0 JavaThread "Unconstrained build operations Thread 27" [_thread_blocked, id=11072, stack(0x0000008d27a00000,0x0000008d27b00000)]
  0x00000249ee2b8530 JavaThread "Unconstrained build operations Thread 28" [_thread_blocked, id=20252, stack(0x0000008d27b00000,0x0000008d27c00000)]
  0x00000249ee2bc1f0 JavaThread "Unconstrained build operations Thread 29" [_thread_blocked, id=19432, stack(0x0000008d27c00000,0x0000008d27d00000)]
  0x00000249ee2b8a40 JavaThread "Unconstrained build operations Thread 30" [_thread_blocked, id=9580, stack(0x0000008d27d00000,0x0000008d27e00000)]
  0x00000249ee2bcc10 JavaThread "Unconstrained build operations Thread 31" [_thread_blocked, id=3648, stack(0x0000008d27e00000,0x0000008d27f00000)]
  0x00000249ee2bd120 JavaThread "Unconstrained build operations Thread 32" [_thread_blocked, id=27744, stack(0x0000008d27f00000,0x0000008d28000000)]
  0x00000249ee2bd630 JavaThread "Unconstrained build operations Thread 33" [_thread_blocked, id=22792, stack(0x0000008d28000000,0x0000008d28100000)]
  0x00000249ee2b9e80 JavaThread "Unconstrained build operations Thread 34" [_thread_blocked, id=10496, stack(0x0000008d28100000,0x0000008d28200000)]
  0x00000249ee2bdb40 JavaThread "Unconstrained build operations Thread 35" [_thread_blocked, id=19324, stack(0x0000008d28200000,0x0000008d28300000)]
  0x00000249ee2be560 JavaThread "Unconstrained build operations Thread 36" [_thread_blocked, id=23080, stack(0x0000008d28300000,0x0000008d28400000)]
  0x00000249ee2bef80 JavaThread "Unconstrained build operations Thread 37" [_thread_blocked, id=25900, stack(0x0000008d28400000,0x0000008d28500000)]
  0x00000249ee2be050 JavaThread "Unconstrained build operations Thread 38" [_thread_blocked, id=23744, stack(0x0000008d28500000,0x0000008d28600000)]
  0x00000249ee2bea70 JavaThread "Unconstrained build operations Thread 39" [_thread_blocked, id=13600, stack(0x0000008d28600000,0x0000008d28700000)]
  0x00000249ee2bf9a0 JavaThread "Unconstrained build operations Thread 40" [_thread_blocked, id=2580, stack(0x0000008d28700000,0x0000008d28800000)]
  0x00000249ee2bf490 JavaThread "Unconstrained build operations Thread 41" [_thread_blocked, id=6284, stack(0x0000008d28800000,0x0000008d28900000)]
  0x00000249e84f1080 JavaThread "Unconstrained build operations Thread 42" [_thread_blocked, id=2028, stack(0x0000008d28900000,0x0000008d28a00000)]
  0x00000249e84ef220 JavaThread "Unconstrained build operations Thread 43" [_thread_blocked, id=24416, stack(0x0000008d28a00000,0x0000008d28b00000)]
  0x00000249e84f1590 JavaThread "Unconstrained build operations Thread 44" [_thread_blocked, id=25472, stack(0x0000008d28b00000,0x0000008d28c00000)]
  0x00000249e84f1aa0 JavaThread "Unconstrained build operations Thread 45" [_thread_blocked, id=25188, stack(0x0000008d28c00000,0x0000008d28d00000)]
=>0x00000249ef07aa80 JavaThread "C2 CompilerThread3" daemon [_thread_in_native, id=6168, stack(0x0000008d28d00000,0x0000008d28e00000)]
  0x00000249ef079a90 JavaThread "C2 CompilerThread4" daemon [_thread_in_native, id=27472, stack(0x0000008d28e00000,0x0000008d28f00000)]
  0x00000249e84f1fb0 JavaThread "jar transforms Thread 4" [_thread_blocked, id=22840, stack(0x0000008d29200000,0x0000008d29300000)]
  0x00000249e84f0b70 JavaThread "jar transforms Thread 5" [_thread_blocked, id=25752, stack(0x0000008d29300000,0x0000008d29400000)]
  0x00000249e84ef730 JavaThread "Memory manager" [_thread_blocked, id=12864, stack(0x0000008d28f00000,0x0000008d29000000)]
  0x00000249e84f2ee0 JavaThread "jar transforms Thread 6" [_thread_blocked, id=9428, stack(0x0000008d29000000,0x0000008d29100000)]
  0x00000249e84f33f0 JavaThread "Problems report writer" [_thread_blocked, id=4384, stack(0x0000008d29100000,0x0000008d29200000)]

Other Threads:
  0x00000249a2b52010 VMThread "VM Thread" [stack: 0x0000008d22700000,0x0000008d22800000] [id=5808]
  0x0000024983e88720 WatcherThread [stack: 0x0000008d23600000,0x0000008d23700000] [id=25260]
  0x0000024983e62ee0 GCTaskThread "GC Thread#0" [stack: 0x0000008d22200000,0x0000008d22300000] [id=2644]
  0x00000249a2e5e610 GCTaskThread "GC Thread#1" [stack: 0x0000008d23a00000,0x0000008d23b00000] [id=26528]
  0x00000249e837f5f0 GCTaskThread "GC Thread#2" [stack: 0x0000008d23b00000,0x0000008d23c00000] [id=1884]
  0x00000249e837f8b0 GCTaskThread "GC Thread#3" [stack: 0x0000008d23c00000,0x0000008d23d00000] [id=27976]
  0x00000249e837fb70 GCTaskThread "GC Thread#4" [stack: 0x0000008d23d00000,0x0000008d23e00000] [id=24904]
  0x00000249e8886f20 GCTaskThread "GC Thread#5" [stack: 0x0000008d23e00000,0x0000008d23f00000] [id=18312]
  0x00000249ebd0e0f0 GCTaskThread "GC Thread#6" [stack: 0x0000008d24d00000,0x0000008d24e00000] [id=14408]
  0x00000249ebd0d070 GCTaskThread "GC Thread#7" [stack: 0x0000008d24e00000,0x0000008d24f00000] [id=3528]
  0x00000249ebd0e670 GCTaskThread "GC Thread#8" [stack: 0x0000008d24f00000,0x0000008d25000000] [id=27836]
  0x00000249ebd0d8b0 GCTaskThread "GC Thread#9" [stack: 0x0000008d25000000,0x0000008d25100000] [id=1472]
  0x00000249ebd0d330 GCTaskThread "GC Thread#10" [stack: 0x0000008d25100000,0x0000008d25200000] [id=25736]
  0x00000249ebd0cdb0 GCTaskThread "GC Thread#11" [stack: 0x0000008d25200000,0x0000008d25300000] [id=14084]
  0x00000249ebd0de30 GCTaskThread "GC Thread#12" [stack: 0x0000008d25300000,0x0000008d25400000] [id=20356]
  0x0000024983e74a10 ConcurrentGCThread "G1 Main Marker" [stack: 0x0000008d22300000,0x0000008d22400000] [id=23088]
  0x0000024983e75330 ConcurrentGCThread "G1 Conc#0" [stack: 0x0000008d22400000,0x0000008d22500000] [id=15232]
  0x00000249ebd0d5f0 ConcurrentGCThread "G1 Conc#1" [stack: 0x0000008d25400000,0x0000008d25500000] [id=19328]
  0x00000249ebd0db70 ConcurrentGCThread "G1 Conc#2" [stack: 0x0000008d25500000,0x0000008d25600000] [id=13428]
  0x0000024983ece4a0 ConcurrentGCThread "G1 Refine#0" [stack: 0x0000008d22500000,0x0000008d22600000] [id=21436]
  0x0000024983ecec80 ConcurrentGCThread "G1 Service" [stack: 0x0000008d22600000,0x0000008d22700000] [id=15532]

Threads with active compile tasks:
C2 CompilerThread0     9362 10344       4       org.gradle.api.internal.provider.ValueSupplier$Missing::pushWhenMissing (48 bytes)
C2 CompilerThread1     9362 10345       4       org.gradle.internal.evaluation.EvaluationContext$PerThreadContext::close (37 bytes)
C2 CompilerThread2     9362 10327       4       java.util.regex.Pattern::compile (500 bytes)
C2 CompilerThread3     9362 10115       4       org.gradle.internal.instantiation.generator.AbstractClassGenerator::inspectType (602 bytes)
C2 CompilerThread4     9362 10343       4       org.gradle.api.internal.provider.DefaultValueSourceProviderFactory$ValueSourceProvider::calculateOwnValue (11 bytes)

VM state: not at safepoint (normal execution)

VM Mutex/Monitor currently owned by a thread: None

Heap address: 0x0000000080000000, size: 2048 MB, Compressed Oops mode: 32-bit

CDS archive(s) mapped at: [0x00000249a3000000-0x00000249a3bd0000-0x00000249a3bd0000), size 12386304, SharedBaseAddress: 0x00000249a3000000, ArchiveRelocationMode: 1.
Compressed class space mapped at: 0x00000249a4000000-0x00000249e4000000, reserved size: 1073741824
Narrow klass base: 0x00000249a3000000, Narrow klass shift: 0, Narrow klass range: 0x100000000

GC Precious Log:
 CPUs: 16 total, 16 available
 Memory: 16167M
 Large Page Support: Disabled
 NUMA Support: Disabled
 Compressed Oops: Enabled (32-bit)
 Heap Region Size: 1M
 Heap Min Capacity: 8M
 Heap Initial Capacity: 254M
 Heap Max Capacity: 2G
 Pre-touch: Disabled
 Parallel Workers: 13
 Concurrent Workers: 3
 Concurrent Refinement Workers: 13
 Periodic GC: Disabled

Heap:
 garbage-first heap   total 153600K, used 100103K [0x0000000080000000, 0x0000000100000000)
  region size 1024K, 28 young (28672K), 6 survivors (6144K)
 Metaspace       used 75080K, committed 75648K, reserved 1179648K
  class space    used 10060K, committed 10304K, reserved 1048576K

Heap Regions: E=young(eden), S=young(survivor), O=old, HS=humongous(starts), HC=humongous(continues), CS=collection set, F=free, OA=open archive, CA=closed archive, TAMS=top-at-mark-start (previous, next)
|   0|0x0000000080000000, 0x0000000080100000, 0x0000000080100000|100%|HS|  |TAMS 0x0000000080100000, 0x0000000080000000| Complete 
|   1|0x0000000080100000, 0x0000000080200000, 0x0000000080200000|100%|HC|  |TAMS 0x0000000080200000, 0x0000000080100000| Complete 
|   2|0x0000000080200000, 0x0000000080300000, 0x0000000080300000|100%|HC|  |TAMS 0x0000000080300000, 0x0000000080200000| Complete 
|   3|0x0000000080300000, 0x0000000080400000, 0x0000000080400000|100%| O|  |TAMS 0x0000000080400000, 0x0000000080300000| Untracked 
|   4|0x0000000080400000, 0x0000000080500000, 0x0000000080500000|100%| O|  |TAMS 0x0000000080500000, 0x0000000080400000| Untracked 
|   5|0x0000000080500000, 0x0000000080600000, 0x0000000080600000|100%| O|  |TAMS 0x0000000080600000, 0x0000000080500000| Untracked 
|   6|0x0000000080600000, 0x0000000080700000, 0x0000000080700000|100%|HS|  |TAMS 0x0000000080700000, 0x0000000080600000| Complete 
|   7|0x0000000080700000, 0x0000000080800000, 0x0000000080800000|100%| O|  |TAMS 0x0000000080800000, 0x0000000080700000| Untracked 
|   8|0x0000000080800000, 0x0000000080900000, 0x0000000080900000|100%| O|  |TAMS 0x0000000080900000, 0x0000000080800000| Untracked 
|   9|0x0000000080900000, 0x0000000080a00000, 0x0000000080a00000|100%| O|  |TAMS 0x0000000080a00000, 0x0000000080900000| Untracked 
|  10|0x0000000080a00000, 0x0000000080b00000, 0x0000000080b00000|100%| O|  |TAMS 0x0000000080b00000, 0x0000000080a00000| Untracked 
|  11|0x0000000080b00000, 0x0000000080c00000, 0x0000000080c00000|100%| O|  |TAMS 0x0000000080c00000, 0x0000000080b00000| Untracked 
|  12|0x0000000080c00000, 0x0000000080d00000, 0x0000000080d00000|100%| O|  |TAMS 0x0000000080d00000, 0x0000000080c00000| Untracked 
|  13|0x0000000080d00000, 0x0000000080e00000, 0x0000000080e00000|100%| O|  |TAMS 0x0000000080e00000, 0x0000000080d00000| Untracked 
|  14|0x0000000080e00000, 0x0000000080f00000, 0x0000000080f00000|100%| O|  |TAMS 0x0000000080f00000, 0x0000000080e00000| Untracked 
|  15|0x0000000080f00000, 0x0000000081000000, 0x0000000081000000|100%| O|  |TAMS 0x0000000081000000, 0x0000000080f00000| Untracked 
|  16|0x0000000081000000, 0x0000000081100000, 0x0000000081100000|100%| O|  |TAMS 0x0000000081100000, 0x0000000081000000| Untracked 
|  17|0x0000000081100000, 0x0000000081200000, 0x0000000081200000|100%| O|  |TAMS 0x0000000081200000, 0x0000000081100000| Untracked 
|  18|0x0000000081200000, 0x0000000081300000, 0x0000000081300000|100%| O|  |TAMS 0x0000000081300000, 0x0000000081200000| Untracked 
|  19|0x0000000081300000, 0x0000000081400000, 0x0000000081400000|100%| O|  |TAMS 0x0000000081400000, 0x0000000081300000| Untracked 
|  20|0x0000000081400000, 0x0000000081500000, 0x0000000081500000|100%| O|  |TAMS 0x0000000081500000, 0x0000000081400000| Untracked 
|  21|0x0000000081500000, 0x0000000081600000, 0x0000000081600000|100%| O|  |TAMS 0x0000000081600000, 0x0000000081500000| Untracked 
|  22|0x0000000081600000, 0x0000000081700000, 0x0000000081700000|100%| O|  |TAMS 0x0000000081700000, 0x0000000081600000| Untracked 
|  23|0x0000000081700000, 0x0000000081800000, 0x0000000081800000|100%| O|  |TAMS 0x0000000081800000, 0x0000000081700000| Untracked 
|  24|0x0000000081800000, 0x0000000081900000, 0x0000000081900000|100%| O|  |TAMS 0x0000000081900000, 0x0000000081800000| Untracked 
|  25|0x0000000081900000, 0x0000000081a00000, 0x0000000081a00000|100%| O|  |TAMS 0x0000000081a00000, 0x0000000081900000| Untracked 
|  26|0x0000000081a00000, 0x0000000081b00000, 0x0000000081b00000|100%| O|  |TAMS 0x0000000081b00000, 0x0000000081a00000| Untracked 
|  27|0x0000000081b00000, 0x0000000081c00000, 0x0000000081c00000|100%| O|  |TAMS 0x0000000081c00000, 0x0000000081b00000| Untracked 
|  28|0x0000000081c00000, 0x0000000081d00000, 0x0000000081d00000|100%| O|  |TAMS 0x0000000081d00000, 0x0000000081c00000| Untracked 
|  29|0x0000000081d00000, 0x0000000081e00000, 0x0000000081e00000|100%| O|  |TAMS 0x0000000081e00000, 0x0000000081d00000| Untracked 
|  30|0x0000000081e00000, 0x0000000081f00000, 0x0000000081f00000|100%| O|  |TAMS 0x0000000081f00000, 0x0000000081e00000| Untracked 
|  31|0x0000000081f00000, 0x0000000082000000, 0x0000000082000000|100%| O|  |TAMS 0x0000000082000000, 0x0000000081f00000| Untracked 
|  32|0x0000000082000000, 0x0000000082100000, 0x0000000082100000|100%| O|  |TAMS 0x0000000082100000, 0x0000000082000000| Untracked 
|  33|0x0000000082100000, 0x0000000082200000, 0x0000000082200000|100%| O|  |TAMS 0x0000000082200000, 0x0000000082100000| Untracked 
|  34|0x0000000082200000, 0x0000000082300000, 0x0000000082300000|100%| O|  |TAMS 0x0000000082300000, 0x0000000082200000| Untracked 
|  35|0x0000000082300000, 0x0000000082400000, 0x0000000082400000|100%| O|  |TAMS 0x0000000082400000, 0x0000000082300000| Untracked 
|  36|0x0000000082400000, 0x0000000082500000, 0x0000000082500000|100%| O|  |TAMS 0x0000000082500000, 0x0000000082400000| Untracked 
|  37|0x0000000082500000, 0x0000000082600000, 0x0000000082600000|100%| O|  |TAMS 0x0000000082600000, 0x0000000082500000| Untracked 
|  38|0x0000000082600000, 0x0000000082700000, 0x0000000082700000|100%| O|  |TAMS 0x0000000082700000, 0x0000000082600000| Untracked 
|  39|0x0000000082700000, 0x0000000082800000, 0x0000000082800000|100%| O|  |TAMS 0x0000000082700000, 0x0000000082700000| Untracked 
|  40|0x0000000082800000, 0x0000000082900000, 0x0000000082900000|100%| O|  |TAMS 0x0000000082900000, 0x0000000082800000| Untracked 
|  41|0x0000000082900000, 0x0000000082a00000, 0x0000000082a00000|100%| O|  |TAMS 0x0000000082a00000, 0x0000000082900000| Untracked 
|  42|0x0000000082a00000, 0x0000000082b00000, 0x0000000082b00000|100%| O|  |TAMS 0x0000000082b00000, 0x0000000082a00000| Untracked 
|  43|0x0000000082b00000, 0x0000000082c00000, 0x0000000082c00000|100%| O|  |TAMS 0x0000000082c00000, 0x0000000082b00000| Untracked 
|  44|0x0000000082c00000, 0x0000000082d00000, 0x0000000082d00000|100%|HS|  |TAMS 0x0000000082d00000, 0x0000000082c00000| Complete 
|  45|0x0000000082d00000, 0x0000000082e00000, 0x0000000082e00000|100%| O|  |TAMS 0x0000000082e00000, 0x0000000082d00000| Untracked 
|  46|0x0000000082e00000, 0x0000000082f00000, 0x0000000082f00000|100%| O|  |TAMS 0x0000000082e00000, 0x0000000082e00000| Untracked 
|  47|0x0000000082f00000, 0x0000000083000000, 0x0000000083000000|100%|HS|  |TAMS 0x0000000083000000, 0x0000000082f00000| Complete 
|  48|0x0000000083000000, 0x0000000083100000, 0x0000000083100000|100%|HS|  |TAMS 0x0000000083100000, 0x0000000083000000| Complete 
|  49|0x0000000083100000, 0x0000000083200000, 0x0000000083200000|100%| O|  |TAMS 0x0000000083200000, 0x0000000083100000| Untracked 
|  50|0x0000000083200000, 0x0000000083300000, 0x0000000083300000|100%| O|  |TAMS 0x0000000083300000, 0x0000000083200000| Untracked 
|  51|0x0000000083300000, 0x0000000083400000, 0x0000000083400000|100%| O|  |TAMS 0x0000000083400000, 0x0000000083300000| Untracked 
|  52|0x0000000083400000, 0x0000000083500000, 0x0000000083500000|100%| O|  |TAMS 0x0000000083500000, 0x0000000083400000| Untracked 
|  53|0x0000000083500000, 0x0000000083600000, 0x0000000083600000|100%| O|  |TAMS 0x0000000083600000, 0x0000000083500000| Untracked 
|  54|0x0000000083600000, 0x0000000083700000, 0x0000000083700000|100%|HS|  |TAMS 0x0000000083700000, 0x0000000083600000| Complete 
|  55|0x0000000083700000, 0x0000000083800000, 0x0000000083800000|100%| O|  |TAMS 0x0000000083800000, 0x0000000083700000| Untracked 
|  56|0x0000000083800000, 0x0000000083900000, 0x0000000083900000|100%|HS|  |TAMS 0x0000000083900000, 0x0000000083800000| Complete 
|  57|0x0000000083900000, 0x0000000083a00000, 0x0000000083a00000|100%|HS|  |TAMS 0x0000000083a00000, 0x0000000083900000| Complete 
|  58|0x0000000083a00000, 0x0000000083b00000, 0x0000000083b00000|100%| O|  |TAMS 0x0000000083b00000, 0x0000000083a00000| Untracked 
|  59|0x0000000083b00000, 0x0000000083c00000, 0x0000000083c00000|100%| O|  |TAMS 0x0000000083c00000, 0x0000000083b00000| Untracked 
|  60|0x0000000083c00000, 0x0000000083d00000, 0x0000000083d00000|100%| O|  |TAMS 0x0000000083d00000, 0x0000000083c00000| Untracked 
|  61|0x0000000083d00000, 0x0000000083e00000, 0x0000000083e00000|100%| O|  |TAMS 0x0000000083e00000, 0x0000000083d00000| Untracked 
|  62|0x0000000083e00000, 0x0000000083f00000, 0x0000000083f00000|100%| O|  |TAMS 0x0000000083f00000, 0x0000000083e00000| Untracked 
|  63|0x0000000083f00000, 0x0000000084000000, 0x0000000084000000|100%| O|  |TAMS 0x0000000083f59600, 0x0000000083f00000| Untracked 
|  64|0x0000000084000000, 0x0000000084100000, 0x0000000084100000|100%| O|  |TAMS 0x0000000084000000, 0x0000000084000000| Untracked 
|  65|0x0000000084100000, 0x0000000084200000, 0x0000000084200000|100%| O|  |TAMS 0x0000000084100000, 0x0000000084100000| Untracked 
|  66|0x0000000084200000, 0x0000000084300000, 0x0000000084300000|100%| O|  |TAMS 0x0000000084200000, 0x0000000084200000| Untracked 
|  67|0x0000000084300000, 0x0000000084400000, 0x0000000084400000|100%| O|  |TAMS 0x0000000084300000, 0x0000000084300000| Untracked 
|  68|0x0000000084400000, 0x0000000084500000, 0x0000000084500000|100%| O|  |TAMS 0x0000000084400000, 0x0000000084400000| Untracked 
|  69|0x0000000084500000, 0x00000000845c4000, 0x0000000084600000| 76%| O|  |TAMS 0x0000000084500000, 0x0000000084500000| Untracked 
|  70|0x0000000084600000, 0x0000000084700000, 0x0000000084700000|100%|HS|  |TAMS 0x0000000084600000, 0x0000000084600000| Complete 
|  71|0x0000000084700000, 0x0000000084800000, 0x0000000084800000|100%|HS|  |TAMS 0x0000000084700000, 0x0000000084700000| Complete 
|  72|0x0000000084800000, 0x0000000084800000, 0x0000000084900000|  0%| F|  |TAMS 0x0000000084800000, 0x0000000084800000| Untracked 
|  73|0x0000000084900000, 0x0000000084900000, 0x0000000084a00000|  0%| F|  |TAMS 0x0000000084900000, 0x0000000084900000| Untracked 
|  74|0x0000000084a00000, 0x0000000084a00000, 0x0000000084b00000|  0%| F|  |TAMS 0x0000000084a00000, 0x0000000084a00000| Untracked 
|  75|0x0000000084b00000, 0x0000000084b00000, 0x0000000084c00000|  0%| F|  |TAMS 0x0000000084b00000, 0x0000000084b00000| Untracked 
|  76|0x0000000084c00000, 0x0000000084c00000, 0x0000000084d00000|  0%| F|  |TAMS 0x0000000084c00000, 0x0000000084c00000| Untracked 
|  77|0x0000000084d00000, 0x0000000084d00000, 0x0000000084e00000|  0%| F|  |TAMS 0x0000000084d00000, 0x0000000084d00000| Untracked 
|  78|0x0000000084e00000, 0x0000000084e00000, 0x0000000084f00000|  0%| F|  |TAMS 0x0000000084e00000, 0x0000000084e00000| Untracked 
|  79|0x0000000084f00000, 0x0000000084f00000, 0x0000000085000000|  0%| F|  |TAMS 0x0000000084f00000, 0x0000000084f00000| Untracked 
|  80|0x0000000085000000, 0x0000000085000000, 0x0000000085100000|  0%| F|  |TAMS 0x0000000085000000, 0x0000000085000000| Untracked 
|  81|0x0000000085100000, 0x0000000085100000, 0x0000000085200000|  0%| F|  |TAMS 0x0000000085100000, 0x0000000085100000| Untracked 
|  82|0x0000000085200000, 0x0000000085200000, 0x0000000085300000|  0%| F|  |TAMS 0x0000000085200000, 0x0000000085200000| Untracked 
|  83|0x0000000085300000, 0x0000000085300000, 0x0000000085400000|  0%| F|  |TAMS 0x0000000085300000, 0x0000000085300000| Untracked 
|  84|0x0000000085400000, 0x0000000085400000, 0x0000000085500000|  0%| F|  |TAMS 0x0000000085400000, 0x0000000085400000| Untracked 
|  85|0x0000000085500000, 0x0000000085500000, 0x0000000085600000|  0%| F|  |TAMS 0x0000000085500000, 0x0000000085500000| Untracked 
|  86|0x0000000085600000, 0x0000000085600000, 0x0000000085700000|  0%| F|  |TAMS 0x0000000085600000, 0x0000000085600000| Untracked 
|  87|0x0000000085700000, 0x0000000085700000, 0x0000000085800000|  0%| F|  |TAMS 0x0000000085700000, 0x0000000085700000| Untracked 
|  88|0x0000000085800000, 0x0000000085800000, 0x0000000085900000|  0%| F|  |TAMS 0x0000000085800000, 0x0000000085800000| Untracked 
|  89|0x0000000085900000, 0x0000000085900000, 0x0000000085a00000|  0%| F|  |TAMS 0x0000000085900000, 0x0000000085900000| Untracked 
|  90|0x0000000085a00000, 0x0000000085a00000, 0x0000000085b00000|  0%| F|  |TAMS 0x0000000085a00000, 0x0000000085a00000| Untracked 
|  91|0x0000000085b00000, 0x0000000085b00000, 0x0000000085c00000|  0%| F|  |TAMS 0x0000000085b00000, 0x0000000085b00000| Untracked 
|  92|0x0000000085c00000, 0x0000000085c00000, 0x0000000085d00000|  0%| F|  |TAMS 0x0000000085c00000, 0x0000000085c00000| Untracked 
|  93|0x0000000085d00000, 0x0000000085d00000, 0x0000000085e00000|  0%| F|  |TAMS 0x0000000085d00000, 0x0000000085d00000| Untracked 
|  94|0x0000000085e00000, 0x0000000085efde00, 0x0000000085f00000| 99%| S|CS|TAMS 0x0000000085e00000, 0x0000000085e00000| Complete 
|  95|0x0000000085f00000, 0x0000000086000000, 0x0000000086000000|100%| S|CS|TAMS 0x0000000085f00000, 0x0000000085f00000| Complete 
|  96|0x0000000086000000, 0x0000000086100000, 0x0000000086100000|100%| S|CS|TAMS 0x0000000086000000, 0x0000000086000000| Complete 
|  97|0x0000000086100000, 0x0000000086200000, 0x0000000086200000|100%| S|CS|TAMS 0x0000000086100000, 0x0000000086100000| Complete 
|  98|0x0000000086200000, 0x0000000086200000, 0x0000000086300000|  0%| F|  |TAMS 0x0000000086200000, 0x0000000086200000| Untracked 
|  99|0x0000000086300000, 0x0000000086300000, 0x0000000086400000|  0%| F|  |TAMS 0x0000000086300000, 0x0000000086300000| Untracked 
| 100|0x0000000086400000, 0x0000000086400000, 0x0000000086500000|  0%| F|  |TAMS 0x0000000086400000, 0x0000000086400000| Untracked 
| 101|0x0000000086500000, 0x0000000086600000, 0x0000000086600000|100%| S|CS|TAMS 0x0000000086500000, 0x0000000086500000| Complete 
| 102|0x0000000086600000, 0x0000000086700000, 0x0000000086700000|100%| S|CS|TAMS 0x0000000086600000, 0x0000000086600000| Complete 
| 103|0x0000000086700000, 0x0000000086700000, 0x0000000086800000|  0%| F|  |TAMS 0x0000000086700000, 0x0000000086700000| Untracked 
| 104|0x0000000086800000, 0x0000000086800000, 0x0000000086900000|  0%| F|  |TAMS 0x0000000086800000, 0x0000000086800000| Untracked 
| 105|0x0000000086900000, 0x0000000086900000, 0x0000000086a00000|  0%| F|  |TAMS 0x0000000086900000, 0x0000000086900000| Untracked 
| 106|0x0000000086a00000, 0x0000000086a00000, 0x0000000086b00000|  0%| F|  |TAMS 0x0000000086a00000, 0x0000000086a00000| Untracked 
| 107|0x0000000086b00000, 0x0000000086b00000, 0x0000000086c00000|  0%| F|  |TAMS 0x0000000086b00000, 0x0000000086b00000| Untracked 
| 108|0x0000000086c00000, 0x0000000086c00000, 0x0000000086d00000|  0%| F|  |TAMS 0x0000000086c00000, 0x0000000086c00000| Untracked 
| 109|0x0000000086d00000, 0x0000000086d00000, 0x0000000086e00000|  0%| F|  |TAMS 0x0000000086d00000, 0x0000000086d00000| Untracked 
| 110|0x0000000086e00000, 0x0000000086e00000, 0x0000000086f00000|  0%| F|  |TAMS 0x0000000086e00000, 0x0000000086e00000| Untracked 
| 111|0x0000000086f00000, 0x0000000086f00000, 0x0000000087000000|  0%| F|  |TAMS 0x0000000086f00000, 0x0000000086f00000| Untracked 
| 112|0x0000000087000000, 0x0000000087000000, 0x0000000087100000|  0%| F|  |TAMS 0x0000000087000000, 0x0000000087000000| Untracked 
| 113|0x0000000087100000, 0x0000000087100000, 0x0000000087200000|  0%| F|  |TAMS 0x0000000087100000, 0x0000000087100000| Untracked 
| 114|0x0000000087200000, 0x0000000087200000, 0x0000000087300000|  0%| F|  |TAMS 0x0000000087200000, 0x0000000087200000| Untracked 
| 115|0x0000000087300000, 0x0000000087300000, 0x0000000087400000|  0%| F|  |TAMS 0x0000000087300000, 0x0000000087300000| Untracked 
| 116|0x0000000087400000, 0x0000000087400000, 0x0000000087500000|  0%| F|  |TAMS 0x0000000087400000, 0x0000000087400000| Untracked 
| 117|0x0000000087500000, 0x0000000087500000, 0x0000000087600000|  0%| F|  |TAMS 0x0000000087500000, 0x0000000087500000| Untracked 
| 118|0x0000000087600000, 0x0000000087600000, 0x0000000087700000|  0%| F|  |TAMS 0x0000000087600000, 0x0000000087600000| Untracked 
| 119|0x0000000087700000, 0x0000000087700000, 0x0000000087800000|  0%| F|  |TAMS 0x0000000087700000, 0x0000000087700000| Untracked 
| 120|0x0000000087800000, 0x0000000087800000, 0x0000000087900000|  0%| F|  |TAMS 0x0000000087800000, 0x0000000087800000| Untracked 
| 121|0x0000000087900000, 0x0000000087900000, 0x0000000087a00000|  0%| F|  |TAMS 0x0000000087900000, 0x0000000087900000| Untracked 
| 122|0x0000000087a00000, 0x0000000087a00000, 0x0000000087b00000|  0%| F|  |TAMS 0x0000000087a00000, 0x0000000087a00000| Untracked 
| 123|0x0000000087b00000, 0x0000000087b00000, 0x0000000087c00000|  0%| F|  |TAMS 0x0000000087b00000, 0x0000000087b00000| Untracked 
| 124|0x0000000087c00000, 0x0000000087c00000, 0x0000000087d00000|  0%| F|  |TAMS 0x0000000087c00000, 0x0000000087c00000| Untracked 
| 125|0x0000000087d00000, 0x0000000087d00000, 0x0000000087e00000|  0%| F|  |TAMS 0x0000000087d00000, 0x0000000087d00000| Untracked 
| 126|0x0000000087e00000, 0x0000000087e00000, 0x0000000087f00000|  0%| F|  |TAMS 0x0000000087e00000, 0x0000000087e00000| Untracked 
| 127|0x0000000087f00000, 0x0000000087f00000, 0x0000000088000000|  0%| F|  |TAMS 0x0000000087f00000, 0x0000000087f00000| Untracked 
| 128|0x0000000088000000, 0x00000000880852f0, 0x0000000088100000| 52%| E|  |TAMS 0x0000000088000000, 0x0000000088000000| Complete 
| 129|0x0000000088100000, 0x0000000088200000, 0x0000000088200000|100%| E|CS|TAMS 0x0000000088100000, 0x0000000088100000| Complete 
| 130|0x0000000088200000, 0x0000000088300000, 0x0000000088300000|100%| E|CS|TAMS 0x0000000088200000, 0x0000000088200000| Complete 
| 131|0x0000000088300000, 0x0000000088400000, 0x0000000088400000|100%| E|CS|TAMS 0x0000000088300000, 0x0000000088300000| Complete 
| 132|0x0000000088400000, 0x0000000088500000, 0x0000000088500000|100%| E|CS|TAMS 0x0000000088400000, 0x0000000088400000| Complete 
| 133|0x0000000088500000, 0x0000000088600000, 0x0000000088600000|100%| E|CS|TAMS 0x0000000088500000, 0x0000000088500000| Complete 
| 134|0x0000000088600000, 0x0000000088700000, 0x0000000088700000|100%| E|CS|TAMS 0x0000000088600000, 0x0000000088600000| Complete 
| 135|0x0000000088700000, 0x0000000088800000, 0x0000000088800000|100%| E|CS|TAMS 0x0000000088700000, 0x0000000088700000| Complete 
| 136|0x0000000088800000, 0x0000000088900000, 0x0000000088900000|100%| E|CS|TAMS 0x0000000088800000, 0x0000000088800000| Complete 
| 137|0x0000000088900000, 0x0000000088a00000, 0x0000000088a00000|100%| E|CS|TAMS 0x0000000088900000, 0x0000000088900000| Complete 
| 138|0x0000000088a00000, 0x0000000088b00000, 0x0000000088b00000|100%| E|CS|TAMS 0x0000000088a00000, 0x0000000088a00000| Complete 
| 139|0x0000000088b00000, 0x0000000088c00000, 0x0000000088c00000|100%| E|CS|TAMS 0x0000000088b00000, 0x0000000088b00000| Complete 
| 140|0x0000000088c00000, 0x0000000088d00000, 0x0000000088d00000|100%| E|CS|TAMS 0x0000000088c00000, 0x0000000088c00000| Complete 
| 141|0x0000000088d00000, 0x0000000088e00000, 0x0000000088e00000|100%| E|  |TAMS 0x0000000088d00000, 0x0000000088d00000| Complete 
| 142|0x0000000088e00000, 0x0000000088f00000, 0x0000000088f00000|100%| E|CS|TAMS 0x0000000088e00000, 0x0000000088e00000| Complete 
| 143|0x0000000088f00000, 0x0000000089000000, 0x0000000089000000|100%| E|CS|TAMS 0x0000000088f00000, 0x0000000088f00000| Complete 
| 144|0x0000000089000000, 0x0000000089100000, 0x0000000089100000|100%| E|CS|TAMS 0x0000000089000000, 0x0000000089000000| Complete 
| 145|0x0000000089100000, 0x0000000089200000, 0x0000000089200000|100%| E|CS|TAMS 0x0000000089100000, 0x0000000089100000| Complete 
| 146|0x0000000089200000, 0x0000000089300000, 0x0000000089300000|100%| E|CS|TAMS 0x0000000089200000, 0x0000000089200000| Complete 
| 147|0x0000000089300000, 0x0000000089400000, 0x0000000089400000|100%| E|CS|TAMS 0x0000000089300000, 0x0000000089300000| Complete 
| 148|0x0000000089400000, 0x0000000089500000, 0x0000000089500000|100%| E|CS|TAMS 0x0000000089400000, 0x0000000089400000| Complete 
| 253|0x000000008fd00000, 0x000000008fe00000, 0x000000008fe00000|100%| E|CS|TAMS 0x000000008fd00000, 0x000000008fd00000| Complete 

Card table byte_map: [0x000002499b320000,0x000002499b720000] _byte_map_base: 0x000002499af20000

Marking Bits (Prev, Next): (CMBitMap*) 0x0000024983e63410, (CMBitMap*) 0x0000024983e63450
 Prev Bits: [0x000002499bb20000, 0x000002499db20000)
 Next Bits: [0x000002499db20000, 0x000002499fb20000)

Polling page: 0x0000024981d30000

Metaspace:

Usage:
  Non-class:     63.51 MB used.
      Class:      9.83 MB used.
       Both:     73.34 MB used.

Virtual space:
  Non-class space:      128.00 MB reserved,      63.81 MB ( 50%) committed,  2 nodes.
      Class space:        1.00 GB reserved,      10.06 MB ( <1%) committed,  1 nodes.
             Both:        1.12 GB reserved,      73.88 MB (  6%) committed. 

Chunk freelists:
   Non-Class:  15.27 MB
       Class:  5.81 MB
        Both:  21.08 MB

MaxMetaspaceSize: unlimited
CompressedClassSpaceSize: 1.00 GB
Initial GC threshold: 21.00 MB
Current GC threshold: 98.75 MB
CDS: on
MetaspaceReclaimPolicy: balanced
 - commit_granule_bytes: 65536.
 - commit_granule_words: 8192.
 - virtual_space_node_default_size: 8388608.
 - enlarge_chunks_in_place: 1.
 - new_chunks_are_fully_committed: 0.
 - uncommit_free_chunks: 1.
 - use_allocation_guard: 0.
 - handle_deallocations: 1.


Internal statistics:

num_allocs_failed_limit: 6.
num_arena_births: 784.
num_arena_deaths: 0.
num_vsnodes_births: 3.
num_vsnodes_deaths: 0.
num_space_committed: 1182.
num_space_uncommitted: 0.
num_chunks_returned_to_freelist: 6.
num_chunks_taken_from_freelist: 3732.
num_chunk_merges: 6.
num_chunk_splits: 2467.
num_chunks_enlarged: 1677.
num_inconsistent_stats: 0.

CodeHeap 'non-profiled nmethods': size=119168Kb used=5160Kb max_used=5402Kb free=114007Kb
 bounds [0x0000024993240000, 0x0000024993790000, 0x000002499a6a0000]
CodeHeap 'profiled nmethods': size=119104Kb used=16839Kb max_used=18099Kb free=102264Kb
 bounds [0x000002498b6a0000, 0x000002498c850000, 0x0000024992af0000]
CodeHeap 'non-nmethods': size=7488Kb used=4095Kb max_used=4164Kb free=3392Kb
 bounds [0x0000024992af0000, 0x0000024992f10000, 0x0000024993240000]
 total_blobs=9732 nmethods=8812 adapters=829
 compilation: enabled
              stopped_count=0, restarted_count=0
 full_count=0

Compilation events (20 events):
Event: 9.321 Thread 0x00000249a2c7cbe0 nmethod 10328 0x0000024993631d10 code [0x0000024993631ea0, 0x0000024993631f78]
Event: 9.322 Thread 0x00000249a2c7c6c0 nmethod 10314 0x000002498befc810 code [0x000002498befd380, 0x000002498bf044d8]
Event: 9.322 Thread 0x00000249ef079fe0 nmethod 10315 0x00000249933edf90 code [0x00000249933ee120, 0x00000249933ee438]
Event: 9.322 Thread 0x00000249ef079fe0 10330       4       java.util.regex.Pattern$BmpCharPredicate$$Lambda$22/0x80000002b::is (15 bytes)
Event: 9.325 Thread 0x00000249ef079fe0 nmethod 10330 0x000002499344c790 code [0x000002499344c940, 0x000002499344cc68]
Event: 9.331 Thread 0x00000249a2b5f340 nmethod 10323 0x00000249934f9590 code [0x00000249934f9760, 0x00000249934fa278]
Event: 9.331 Thread 0x00000249ef079fe0 10331   !   4       java.util.zip.ZipFile::getInputStream (275 bytes)
Event: 9.332 Thread 0x00000249a2b7e240 10332       3       org.gradle.api.internal.DefaultMutationGuard::wrapLazyAction (7 bytes)
Event: 9.332 Thread 0x00000249a2c7cbe0 10333       3       org.gradle.api.internal.DefaultMutationGuard::newActionWithMutation (11 bytes)
Event: 9.332 Thread 0x00000249e9176250 10334       3       org.gradle.api.internal.DefaultMutationGuard$1::<init> (20 bytes)
Event: 9.333 Thread 0x00000249a2b7e240 nmethod 10332 0x000002498b8c4190 code [0x000002498b8c4320, 0x000002498b8c4468]
Event: 9.333 Thread 0x00000249e9176250 nmethod 10334 0x000002498c624b90 code [0x000002498c624d40, 0x000002498c624f78]
Event: 9.333 Thread 0x00000249a2c7cbe0 nmethod 10333 0x000002498c07e110 code [0x000002498c07e2c0, 0x000002498c07e5b8]
Event: 9.333 Thread 0x00000249a2b7e240 10335       3       org.gradle.internal.code.DefaultUserCodeApplicationContext::current (11 bytes)
Event: 9.333 Thread 0x00000249a2c7cbe0 10336       1       org.gradle.api.internal.DefaultNamedDomainObjectCollection$AbstractNamedDomainObjectProvider::getName (5 bytes)
Event: 9.333 Thread 0x00000249a2c7cbe0 nmethod 10336 0x000002499344c210 code [0x000002499344c3a0, 0x000002499344c478]
Event: 9.333 Thread 0x00000249a2b7e240 nmethod 10335 0x000002498c141c90 code [0x000002498c141e40, 0x000002498c142128]
Event: 9.335 Thread 0x00000249ef079a90 nmethod 10313 0x0000024993547810 code [0x0000024993547a80, 0x0000024993548b30]
Event: 9.336 Thread 0x00000249a2c7cbe0 10337       3       com.android.build.gradle.options.ProjectOptions::getExplicitlySetOptions (82 bytes)
Event: 9.337 Thread 0x00000249a2c7cbe0 nmethod 10337 0x000002498b874790 code [0x000002498b874a80, 0x000002498b875eb8]

GC Heap History (20 events):
Event: 6.570 GC heap before
{Heap before GC invocations=17 (full 0):
 garbage-first heap   total 111616K, used 89419K [0x0000000080000000, 0x0000000100000000)
  region size 1024K, 44 young (45056K), 6 survivors (6144K)
 Metaspace       used 55633K, committed 56128K, reserved 1114112K
  class space    used 7632K, committed 7872K, reserved 1048576K
}
Event: 6.574 GC heap after
{Heap after GC invocations=18 (full 0):
 garbage-first heap   total 111616K, used 53234K [0x0000000080000000, 0x0000000100000000)
  region size 1024K, 6 young (6144K), 6 survivors (6144K)
 Metaspace       used 55633K, committed 56128K, reserved 1114112K
  class space    used 7632K, committed 7872K, reserved 1048576K
}
Event: 6.625 GC heap before
{Heap before GC invocations=18 (full 0):
 garbage-first heap   total 111616K, used 59378K [0x0000000080000000, 0x0000000100000000)
  region size 1024K, 12 young (12288K), 6 survivors (6144K)
 Metaspace       used 55719K, committed 56192K, reserved 1114112K
  class space    used 7639K, committed 7872K, reserved 1048576K
}
Event: 6.628 GC heap after
{Heap after GC invocations=19 (full 0):
 garbage-first heap   total 111616K, used 58978K [0x0000000080000000, 0x0000000100000000)
  region size 1024K, 5 young (5120K), 5 survivors (5120K)
 Metaspace       used 55719K, committed 56192K, reserved 1114112K
  class space    used 7639K, committed 7872K, reserved 1048576K
}
Event: 6.860 GC heap before
{Heap before GC invocations=20 (full 0):
 garbage-first heap   total 111616K, used 88674K [0x0000000080000000, 0x0000000100000000)
  region size 1024K, 31 young (31744K), 5 survivors (5120K)
 Metaspace       used 57337K, committed 57920K, reserved 1114112K
  class space    used 7830K, committed 8064K, reserved 1048576K
}
Event: 6.861 GC heap after
{Heap after GC invocations=21 (full 0):
 garbage-first heap   total 111616K, used 65133K [0x0000000080000000, 0x0000000100000000)
  region size 1024K, 4 young (4096K), 4 survivors (4096K)
 Metaspace       used 57337K, committed 57920K, reserved 1114112K
  class space    used 7830K, committed 8064K, reserved 1048576K
}
Event: 6.874 GC heap before
{Heap before GC invocations=21 (full 0):
 garbage-first heap   total 111616K, used 66157K [0x0000000080000000, 0x0000000100000000)
  region size 1024K, 5 young (5120K), 4 survivors (4096K)
 Metaspace       used 57439K, committed 57984K, reserved 1114112K
  class space    used 7845K, committed 8064K, reserved 1048576K
}
Event: 6.876 GC heap after
{Heap after GC invocations=22 (full 0):
 garbage-first heap   total 111616K, used 63994K [0x0000000080000000, 0x0000000100000000)
  region size 1024K, 1 young (1024K), 1 survivors (1024K)
 Metaspace       used 57439K, committed 57984K, reserved 1114112K
  class space    used 7845K, committed 8064K, reserved 1048576K
}
Event: 7.059 GC heap before
{Heap before GC invocations=22 (full 0):
 garbage-first heap   total 111616K, used 86522K [0x0000000080000000, 0x0000000100000000)
  region size 1024K, 24 young (24576K), 1 survivors (1024K)
 Metaspace       used 59771K, committed 60288K, reserved 1114112K
  class space    used 8089K, committed 8320K, reserved 1048576K
}
Event: 7.060 GC heap after
{Heap after GC invocations=23 (full 0):
 garbage-first heap   total 153600K, used 64716K [0x0000000080000000, 0x0000000100000000)
  region size 1024K, 1 young (1024K), 1 survivors (1024K)
 Metaspace       used 59771K, committed 60288K, reserved 1114112K
  class space    used 8089K, committed 8320K, reserved 1048576K
}
Event: 7.622 GC heap before
{Heap before GC invocations=24 (full 0):
 garbage-first heap   total 153600K, used 120012K [0x0000000080000000, 0x0000000100000000)
  region size 1024K, 55 young (56320K), 1 survivors (1024K)
 Metaspace       used 65151K, committed 65728K, reserved 1114112K
  class space    used 8772K, committed 9024K, reserved 1048576K
}
Event: 7.625 GC heap after
{Heap after GC invocations=25 (full 0):
 garbage-first heap   total 153600K, used 67694K [0x0000000080000000, 0x0000000100000000)
  region size 1024K, 4 young (4096K), 4 survivors (4096K)
 Metaspace       used 65151K, committed 65728K, reserved 1114112K
  class space    used 8772K, committed 9024K, reserved 1048576K
}
Event: 7.629 GC heap before
{Heap before GC invocations=25 (full 0):
 garbage-first heap   total 153600K, used 70766K [0x0000000080000000, 0x0000000100000000)
  region size 1024K, 7 young (7168K), 4 survivors (4096K)
 Metaspace       used 65151K, committed 65728K, reserved 1114112K
  class space    used 8772K, committed 9024K, reserved 1048576K
}
Event: 7.632 GC heap after
{Heap after GC invocations=26 (full 0):
 garbage-first heap   total 153600K, used 69141K [0x0000000080000000, 0x0000000100000000)
  region size 1024K, 1 young (1024K), 1 survivors (1024K)
 Metaspace       used 65151K, committed 65728K, reserved 1114112K
  class space    used 8772K, committed 9024K, reserved 1048576K
}
Event: 8.088 GC heap before
{Heap before GC invocations=26 (full 0):
 garbage-first heap   total 153600K, used 125461K [0x0000000080000000, 0x0000000100000000)
  region size 1024K, 52 young (53248K), 1 survivors (1024K)
 Metaspace       used 68246K, committed 68864K, reserved 1114112K
  class space    used 9182K, committed 9472K, reserved 1048576K
}
Event: 8.090 GC heap after
{Heap after GC invocations=27 (full 0):
 garbage-first heap   total 153600K, used 72550K [0x0000000080000000, 0x0000000100000000)
  region size 1024K, 5 young (5120K), 5 survivors (5120K)
 Metaspace       used 68246K, committed 68864K, reserved 1114112K
  class space    used 9182K, committed 9472K, reserved 1048576K
}
Event: 8.548 GC heap before
{Heap before GC invocations=27 (full 0):
 garbage-first heap   total 153600K, used 121702K [0x0000000080000000, 0x0000000100000000)
  region size 1024K, 54 young (55296K), 5 survivors (5120K)
 Metaspace       used 70819K, committed 71424K, reserved 1114112K
  class space    used 9494K, committed 9792K, reserved 1048576K
}
Event: 8.552 GC heap after
{Heap after GC invocations=28 (full 0):
 garbage-first heap   total 153600K, used 76056K [0x0000000080000000, 0x0000000100000000)
  region size 1024K, 7 young (7168K), 7 survivors (7168K)
 Metaspace       used 70819K, committed 71424K, reserved 1114112K
  class space    used 9494K, committed 9792K, reserved 1048576K
}
Event: 9.128 GC heap before
{Heap before GC invocations=28 (full 0):
 garbage-first heap   total 153600K, used 124184K [0x0000000080000000, 0x0000000100000000)
  region size 1024K, 54 young (55296K), 7 survivors (7168K)
 Metaspace       used 73556K, committed 74176K, reserved 1114112K
  class space    used 9858K, committed 10112K, reserved 1048576K
}
Event: 9.132 GC heap after
{Heap after GC invocations=29 (full 0):
 garbage-first heap   total 153600K, used 78599K [0x0000000080000000, 0x0000000100000000)
  region size 1024K, 6 young (6144K), 6 survivors (6144K)
 Metaspace       used 73556K, committed 74176K, reserved 1114112K
  class space    used 9858K, committed 10112K, reserved 1048576K
}

Deoptimization events (20 events):
Event: 9.308 Thread 0x00000249e9236eb0 Uncommon trap: trap_request=0xffffff45 fr.pc=0x0000024993304c0c relative=0x000000000000016c
Event: 9.308 Thread 0x00000249e9236eb0 Uncommon trap: reason=unstable_if action=reinterpret pc=0x0000024993304c0c method=java.lang.AbstractStringBuilder.appendChars(Ljava/lang/String;II)V @ 11 c2
Event: 9.308 Thread 0x00000249e9236eb0 DEOPT PACKING pc=0x0000024993304c0c sp=0x0000008d245f7300
Event: 9.308 Thread 0x00000249e9236eb0 DEOPT UNPACKING pc=0x0000024992b45ba3 sp=0x0000008d245f72b0 mode 2
Event: 9.308 Thread 0x00000249e9236eb0 Uncommon trap: trap_request=0xffffff45 fr.pc=0x000002499328ca80 relative=0x0000000000000540
Event: 9.308 Thread 0x00000249e9236eb0 Uncommon trap: reason=unstable_if action=reinterpret pc=0x000002499328ca80 method=java.lang.AbstractStringBuilder.putStringAt(ILjava/lang/String;II)V @ 8 c2
Event: 9.308 Thread 0x00000249e9236eb0 DEOPT PACKING pc=0x000002499328ca80 sp=0x0000008d245f73e0
Event: 9.308 Thread 0x00000249e9236eb0 DEOPT UNPACKING pc=0x0000024992b45ba3 sp=0x0000008d245f72c0 mode 2
Event: 9.308 Thread 0x00000249e9236eb0 Uncommon trap: trap_request=0xffffff45 fr.pc=0x000002499328b974 relative=0x0000000000000154
Event: 9.308 Thread 0x00000249e9236eb0 Uncommon trap: reason=unstable_if action=reinterpret pc=0x000002499328b974 method=java.lang.AbstractStringBuilder.putStringAt(ILjava/lang/String;II)V @ 8 c2
Event: 9.308 Thread 0x00000249e9236eb0 DEOPT PACKING pc=0x000002499328b974 sp=0x0000008d245f7360
Event: 9.308 Thread 0x00000249e9236eb0 DEOPT UNPACKING pc=0x0000024992b45ba3 sp=0x0000008d245f72a8 mode 2
Event: 9.308 Thread 0x00000249e9236eb0 Uncommon trap: trap_request=0xffffff45 fr.pc=0x000002499328be84 relative=0x0000000000000164
Event: 9.308 Thread 0x00000249e9236eb0 Uncommon trap: reason=unstable_if action=reinterpret pc=0x000002499328be84 method=java.lang.AbstractStringBuilder.putStringAt(ILjava/lang/String;II)V @ 8 c2
Event: 9.308 Thread 0x00000249e9236eb0 DEOPT PACKING pc=0x000002499328be84 sp=0x0000008d245f72e0
Event: 9.308 Thread 0x00000249e9236eb0 DEOPT UNPACKING pc=0x0000024992b45ba3 sp=0x0000008d245f72a8 mode 2
Event: 9.317 Thread 0x00000249e9236eb0 Uncommon trap: trap_request=0xffffff45 fr.pc=0x0000024993757c94 relative=0x0000000000000d54
Event: 9.317 Thread 0x00000249e9236eb0 Uncommon trap: reason=unstable_if action=reinterpret pc=0x0000024993757c94 method=java.util.regex.Pattern.escape(ZZZ)I @ 8 c2
Event: 9.317 Thread 0x00000249e9236eb0 DEOPT PACKING pc=0x0000024993757c94 sp=0x0000008d245f6c30
Event: 9.317 Thread 0x00000249e9236eb0 DEOPT UNPACKING pc=0x0000024992b45ba3 sp=0x0000008d245f6bd0 mode 2

Classes unloaded (0 events):
No events

Classes redefined (0 events):
No events

Internal exceptions (20 events):
Event: 8.636 Thread 0x00000249e9236eb0 Exception <a 'java/lang/ClassNotFoundException'{0x0000000088c3ffa8}: com/android/build/gradle/internal/CompileOptionsBeanInfo> (0x0000000088c3ffa8) 
thrown [s\open\src\hotspot\share\classfile\systemDictionary.cpp, line 256]
Event: 8.636 Thread 0x00000249e9236eb0 Exception <a 'java/lang/ClassNotFoundException'{0x0000000088c51050}: com/android/build/gradle/internal/CompileOptionsCustomizer> (0x0000000088c51050) 
thrown [s\open\src\hotspot\share\classfile\systemDictionary.cpp, line 256]
Event: 8.637 Thread 0x00000249e9236eb0 Exception <a 'java/lang/ClassNotFoundException'{0x0000000088c6dee0}: com/android/build/gradle/internal/CompileOptions$AgpDecoratedCustomizer> (0x0000000088c6dee0) 
thrown [s\open\src\hotspot\share\classfile\systemDictionary.cpp, line 256]
Event: 8.638 Thread 0x00000249e9236eb0 Exception <a 'java/lang/ClassNotFoundException'{0x0000000088c82f30}: com/android/build/gradle/internal/CompileOptions$AgpDecorated_DecoratedCustomizer> (0x0000000088c82f30) 
thrown [s\open\src\hotspot\share\classfile\systemDictionary.cpp, line 256]
Event: 8.648 Thread 0x00000249e9236eb0 Exception <a 'java/lang/ClassNotFoundException'{0x0000000088b0ea58}: org/gradle/api/internal/artifacts/dsl/dependencies/DefaultDependencyHandler_DecoratedBeanInfo> (0x0000000088b0ea58) 
thrown [s\open\src\hotspot\share\classfile\systemDictionary.cpp, line 256]
Event: 8.649 Thread 0x00000249e9236eb0 Exception <a 'java/lang/ClassNotFoundException'{0x0000000088b28c78}: org/gradle/api/internal/artifacts/dsl/dependencies/DefaultDependencyHandlerBeanInfo> (0x0000000088b28c78) 
thrown [s\open\src\hotspot\share\classfile\systemDictionary.cpp, line 256]
Event: 8.650 Thread 0x00000249e9236eb0 Exception <a 'java/lang/ClassNotFoundException'{0x0000000088b42e68}: org/gradle/api/internal/artifacts/dsl/dependencies/DefaultDependencyHandlerCustomizer> (0x0000000088b42e68) 
thrown [s\open\src\hotspot\share\classfile\systemDictionary.cpp, line 256]
Event: 8.653 Thread 0x00000249e9236eb0 Exception <a 'java/lang/ClassNotFoundException'{0x0000000088b85ac0}: org/gradle/api/internal/artifacts/dsl/dependencies/DefaultDependencyHandler_DecoratedCustomizer> (0x0000000088b85ac0) 
thrown [s\open\src\hotspot\share\classfile\systemDictionary.cpp, line 256]
Event: 8.666 Thread 0x00000249e9236eb0 Exception <a 'java/lang/ClassNotFoundException'{0x0000000088a17cb0}: org/gradle/accessors/dm/LibrariesForLibs$ExtLibraryAccessorsBeanInfo> (0x0000000088a17cb0) 
thrown [s\open\src\hotspot\share\classfile\systemDictionary.cpp, line 256]
Event: 8.667 Thread 0x00000249e9236eb0 Exception <a 'java/lang/ClassNotFoundException'{0x0000000088a31a20}: org/gradle/api/internal/catalog/AbstractExternalDependencyFactory$SubDependencyFactoryBeanInfo> (0x0000000088a31a20) 
thrown [s\open\src\hotspot\share\classfile\systemDictionary.cpp, line 256]
Event: 8.672 Thread 0x00000249e9236eb0 Exception <a 'java/lang/ClassNotFoundException'{0x0000000088a4bc38}: org/gradle/api/internal/catalog/AbstractExternalDependencyFactory$SubDependencyFactoryCustomizer> (0x0000000088a4bc38) 
thrown [s\open\src\hotspot\share\classfile\systemDictionary.cpp, line 256]
Event: 8.673 Thread 0x00000249e9236eb0 Exception <a 'java/lang/ClassNotFoundException'{0x0000000088a62658}: org/gradle/accessors/dm/LibrariesForLibs$ExtLibraryAccessorsCustomizer> (0x0000000088a62658) 
thrown [s\open\src\hotspot\share\classfile\systemDictionary.cpp, line 256]
Event: 8.677 Thread 0x00000249e9236eb0 Exception <a 'java/lang/ClassNotFoundException'{0x0000000088a858f8}: org/gradle/accessors/dm/LibrariesForLibs$EspressoLibraryAccessorsBeanInfo> (0x0000000088a858f8) 
thrown [s\open\src\hotspot\share\classfile\systemDictionary.cpp, line 256]
Event: 8.678 Thread 0x00000249e9236eb0 Exception <a 'java/lang/ClassNotFoundException'{0x0000000088a99900}: org/gradle/accessors/dm/LibrariesForLibs$EspressoLibraryAccessorsCustomizer> (0x0000000088a99900) 
thrown [s\open\src\hotspot\share\classfile\systemDictionary.cpp, line 256]
Event: 8.710 Thread 0x00000249e9236eb0 Exception <a 'java/lang/NoClassDefFoundError'{0x000000008887eba8}: org/jetbrains/kotlin/gradle/plugin/KotlinBaseApiPlugin> (0x000000008887eba8) 
thrown [s\open\src\hotspot\share\classfile\systemDictionary.cpp, line 245]
Event: 8.858 Thread 0x00000249e9236eb0 Exception <a 'java/lang/NoClassDefFoundError'{0x0000000087d8c438}: org/jetbrains/kotlin/gradle/plugin/KotlinBasePluginWrapper> (0x0000000087d8c438) 
thrown [s\open\src\hotspot\share\classfile\systemDictionary.cpp, line 245]
Event: 9.023 Thread 0x00000249e9236eb0 Exception <a 'java/lang/NoClassDefFoundError'{0x0000000086f1bc00}: org/jetbrains/kotlin/gradle/plugin/KotlinBasePluginWrapper> (0x0000000086f1bc00) 
thrown [s\open\src\hotspot\share\oops\constantPool.cpp, line 835]
Event: 9.058 Thread 0x00000249e9236eb0 Exception <a 'java/lang/NoClassDefFoundError'{0x0000000086c3a5f0}: org/jetbrains/kotlin/gradle/plugin/KotlinBasePluginWrapper> (0x0000000086c3a5f0) 
thrown [s\open\src\hotspot\share\oops\constantPool.cpp, line 835]
Event: 9.101 Thread 0x00000249e9236eb0 Exception <a 'java/lang/NoClassDefFoundError'{0x00000000869f95e0}: org/jetbrains/kotlin/gradle/plugin/KotlinBasePluginWrapper> (0x00000000869f95e0) 
thrown [s\open\src\hotspot\share\oops\constantPool.cpp, line 835]
Event: 9.105 Thread 0x00000249e9236eb0 Exception <a 'java/lang/NoClassDefFoundError'{0x0000000086816910}: org/jetbrains/kotlin/gradle/plugin/KotlinBasePluginWrapper> (0x0000000086816910) 
thrown [s\open\src\hotspot\share\oops\constantPool.cpp, line 835]

VM Operations (20 events):
Event: 7.622 Executing VM operation: G1CollectForAllocation
Event: 7.625 Executing VM operation: G1CollectForAllocation done
Event: 7.629 Executing VM operation: G1CollectForAllocation
Event: 7.632 Executing VM operation: G1CollectForAllocation done
Event: 8.038 Executing VM operation: ICBufferFull
Event: 8.038 Executing VM operation: ICBufferFull done
Event: 8.088 Executing VM operation: G1CollectForAllocation
Event: 8.090 Executing VM operation: G1CollectForAllocation done
Event: 8.256 Executing VM operation: HandshakeAllThreads
Event: 8.257 Executing VM operation: HandshakeAllThreads done
Event: 8.274 Executing VM operation: HandshakeAllThreads
Event: 8.274 Executing VM operation: HandshakeAllThreads done
Event: 8.294 Executing VM operation: HandshakeAllThreads
Event: 8.294 Executing VM operation: HandshakeAllThreads done
Event: 8.421 Executing VM operation: ICBufferFull
Event: 8.422 Executing VM operation: ICBufferFull done
Event: 8.548 Executing VM operation: G1CollectForAllocation
Event: 8.553 Executing VM operation: G1CollectForAllocation done
Event: 9.128 Executing VM operation: G1CollectForAllocation
Event: 9.132 Executing VM operation: G1CollectForAllocation done

Events (20 events):
Event: 8.311 Thread 0x00000249a2b7eb50 flushing nmethod 0x000002498c780e90
Event: 8.329 loading class java/lang/StackTraceElement$HashedModules
Event: 8.329 loading class java/lang/StackTraceElement$HashedModules done
Event: 8.389 loading class java/io/CharArrayReader
Event: 8.389 loading class java/io/CharArrayReader done
Event: 8.410 Thread 0x00000249e84f33f0 Thread added: 0x00000249e84f33f0
Event: 8.493 loading class java/beans/IntrospectionException
Event: 8.494 loading class java/beans/IntrospectionException done
Event: 9.182 loading class java/util/concurrent/atomic/AtomicIntegerArray
Event: 9.182 loading class java/util/concurrent/atomic/AtomicIntegerArray done
Event: 9.183 loading class java/util/Currency
Event: 9.184 loading class java/util/Currency done
Event: 9.189 loading class java/util/concurrent/atomic/AtomicLongArray
Event: 9.189 loading class java/util/concurrent/atomic/AtomicLongArray done
Event: 9.217 loading class sun/reflect/generics/repository/FieldRepository
Event: 9.217 loading class sun/reflect/generics/repository/FieldRepository done
Event: 9.230 loading class jdk/internal/vm/annotation/ForceInline
Event: 9.230 loading class jdk/internal/vm/annotation/ForceInline done
Event: 9.309 loading class java/util/regex/Pattern$Caret
Event: 9.309 loading class java/util/regex/Pattern$Caret done


Dynamic libraries:
0x00007ff61dfa0000 - 0x00007ff61dfb0000 	C:\Program Files\Java\jdk-17\bin\java.exe
0x00007ffd28660000 - 0x00007ffd288c8000 	C:\WINDOWS\SYSTEM32\ntdll.dll
0x00007ffd28420000 - 0x00007ffd284e9000 	C:\WINDOWS\System32\KERNEL32.DLL
0x00007ffd25b50000 - 0x00007ffd25f42000 	C:\WINDOWS\System32\KERNELBASE.dll
0x00007ffd262e0000 - 0x00007ffd2642b000 	C:\WINDOWS\System32\ucrtbase.dll
0x00007ffd08270000 - 0x00007ffd08289000 	C:\Program Files\Java\jdk-17\bin\jli.dll
0x00007ffd056f0000 - 0x00007ffd0570b000 	C:\Program Files\Java\jdk-17\bin\VCRUNTIME140.dll
0x00007ffd27ca0000 - 0x00007ffd27d54000 	C:\WINDOWS\System32\ADVAPI32.dll
0x00007ffd27170000 - 0x00007ffd27219000 	C:\WINDOWS\System32\msvcrt.dll
0x00007ffd273f0000 - 0x00007ffd27496000 	C:\WINDOWS\System32\sechost.dll
0x00007ffd28280000 - 0x00007ffd28398000 	C:\WINDOWS\System32\RPCRT4.dll
0x00007ffd27220000 - 0x00007ffd273e5000 	C:\WINDOWS\System32\USER32.dll
0x00007ffd25f50000 - 0x00007ffd25f77000 	C:\WINDOWS\System32\win32u.dll
0x00007ffd0cfb0000 - 0x00007ffd0d243000 	C:\WINDOWS\WinSxS\amd64_microsoft.windows.common-controls_6595b64144ccf1df_6.0.26100.6899_none_3e0efeeae32e88c1\COMCTL32.dll
0x00007ffd270c0000 - 0x00007ffd270eb000 	C:\WINDOWS\System32\GDI32.dll
0x00007ffd26100000 - 0x00007ffd2622d000 	C:\WINDOWS\System32\gdi32full.dll
0x00007ffd26230000 - 0x00007ffd262d3000 	C:\WINDOWS\System32\msvcp_win.dll
0x00007ffd1f3c0000 - 0x00007ffd1f3cb000 	C:\WINDOWS\SYSTEM32\VERSION.dll
0x00007ffd284f0000 - 0x00007ffd2851f000 	C:\WINDOWS\System32\IMM32.DLL
0x00007ffd05980000 - 0x00007ffd0598c000 	C:\Program Files\Java\jdk-17\bin\vcruntime140_1.dll
0x00007ffc65b40000 - 0x00007ffc65bce000 	C:\Program Files\Java\jdk-17\bin\msvcp140.dll
0x00007ffbdfa40000 - 0x00007ffbe0621000 	C:\Program Files\Java\jdk-17\bin\server\jvm.dll
0x00007ffd27c90000 - 0x00007ffd27c98000 	C:\WINDOWS\System32\PSAPI.DLL
0x00007ffd0b800000 - 0x00007ffd0b80a000 	C:\WINDOWS\SYSTEM32\WSOCK32.dll
0x00007ffd1b000000 - 0x00007ffd1b035000 	C:\WINDOWS\SYSTEM32\WINMM.dll
0x00007ffd266f0000 - 0x00007ffd26764000 	C:\WINDOWS\System32\WS2_32.dll
0x00007ffd24580000 - 0x00007ffd2459b000 	C:\WINDOWS\SYSTEM32\kernel.appcore.dll
0x00007ffd058a0000 - 0x00007ffd058aa000 	C:\Program Files\Java\jdk-17\bin\jimage.dll
0x00007ffd22c00000 - 0x00007ffd22e42000 	C:\WINDOWS\SYSTEM32\DBGHELP.DLL
0x00007ffd27ed0000 - 0x00007ffd2824b000 	C:\WINDOWS\System32\combase.dll
0x00007ffd27b30000 - 0x00007ffd27c07000 	C:\WINDOWS\System32\OLEAUT32.dll
0x00007ffd07930000 - 0x00007ffd0796c000 	C:\WINDOWS\SYSTEM32\dbgcore.DLL
0x00007ffd257f0000 - 0x00007ffd25888000 	C:\WINDOWS\System32\bcryptPrimitives.dll
0x00007ffd0bfb0000 - 0x00007ffd0bfbe000 	C:\Program Files\Java\jdk-17\bin\instrument.dll
0x00007ffd03910000 - 0x00007ffd03935000 	C:\Program Files\Java\jdk-17\bin\java.dll
0x00007ffc49720000 - 0x00007ffc497f7000 	C:\Program Files\Java\jdk-17\bin\jsvml.dll
0x00007ffd26770000 - 0x00007ffd26ebd000 	C:\WINDOWS\System32\SHELL32.dll
0x00007ffd259e0000 - 0x00007ffd25b4b000 	C:\WINDOWS\System32\wintypes.dll
0x00007ffd23420000 - 0x00007ffd23c7d000 	C:\WINDOWS\SYSTEM32\windows.storage.dll
0x00007ffd27a30000 - 0x00007ffd27b22000 	C:\WINDOWS\System32\SHCORE.dll
0x00007ffd27c20000 - 0x00007ffd27c82000 	C:\WINDOWS\System32\shlwapi.dll
0x00007ffd25710000 - 0x00007ffd25739000 	C:\WINDOWS\SYSTEM32\profapi.dll
0x00007ffcfab50000 - 0x00007ffcfab68000 	C:\Program Files\Java\jdk-17\bin\zip.dll
0x00007ffd038f0000 - 0x00007ffd03909000 	C:\Program Files\Java\jdk-17\bin\net.dll
0x00007ffd1e790000 - 0x00007ffd1e8af000 	C:\WINDOWS\SYSTEM32\WINHTTP.dll
0x00007ffd24ad0000 - 0x00007ffd24b3b000 	C:\WINDOWS\system32\mswsock.dll
0x00007ffcfab70000 - 0x00007ffcfab86000 	C:\Program Files\Java\jdk-17\bin\nio.dll
0x00007ffd0bff0000 - 0x00007ffd0c000000 	C:\Program Files\Java\jdk-17\bin\verify.dll
0x00007ffcf8570000 - 0x00007ffcf8597000 	C:\Users\Laptop K1\.gradle\native\1def1411415f61bf3af743bc5b6707747c0891f09f0c88961ee8f79bc544acac\windows-amd64\native-platform.dll
0x00007ffc9b860000 - 0x00007ffc9b8d8000 	C:\Users\Laptop K1\.gradle\native\0.2.7\x86_64-windows-gnu\gradle-fileevents.dll
0x00007ffd0bfe0000 - 0x00007ffd0bfea000 	C:\Program Files\Java\jdk-17\bin\management.dll
0x00007ffd0bfd0000 - 0x00007ffd0bfdb000 	C:\Program Files\Java\jdk-17\bin\management_ext.dll
0x00007ffd23f80000 - 0x00007ffd23fb4000 	C:\WINDOWS\SYSTEM32\IPHLPAPI.DLL
0x00007ffd264f0000 - 0x00007ffd264fa000 	C:\WINDOWS\System32\NSI.dll
0x00007ffd1eae0000 - 0x00007ffd1eafe000 	C:\WINDOWS\SYSTEM32\dhcpcsvc6.DLL
0x00007ffd1ea30000 - 0x00007ffd1ea53000 	C:\WINDOWS\SYSTEM32\dhcpcsvc.DLL
0x00007ffd24070000 - 0x00007ffd24196000 	C:\WINDOWS\SYSTEM32\DNSAPI.dll
0x00007ffd24eb0000 - 0x00007ffd24ecb000 	C:\WINDOWS\SYSTEM32\CRYPTSP.dll
0x00007ffd244e0000 - 0x00007ffd2451b000 	C:\WINDOWS\system32\rsaenh.dll
0x00007ffd24b70000 - 0x00007ffd24b9b000 	C:\WINDOWS\SYSTEM32\USERENV.dll
0x00007ffd256e0000 - 0x00007ffd25706000 	C:\WINDOWS\SYSTEM32\bcrypt.dll
0x00007ffd24d10000 - 0x00007ffd24d1c000 	C:\WINDOWS\SYSTEM32\CRYPTBASE.dll
0x00007ffd0bfa0000 - 0x00007ffd0bfae000 	C:\Program Files\Java\jdk-17\bin\sunmscapi.dll
0x00007ffd25f80000 - 0x00007ffd260f7000 	C:\WINDOWS\System32\CRYPT32.dll
0x00007ffd25090000 - 0x00007ffd250c0000 	C:\WINDOWS\SYSTEM32\ncrypt.dll
0x00007ffd25020000 - 0x00007ffd2505f000 	C:\WINDOWS\SYSTEM32\NTASN1.dll
0x00007ffc619b0000 - 0x00007ffc619b8000 	C:\WINDOWS\system32\wshunix.dll

dbghelp: loaded successfully - version: 4.0.5 - missing functions: none
symbol engine: initialized successfully - sym options: 0x614 - pdb path: .;C:\Program Files\Java\jdk-17\bin;C:\WINDOWS\SYSTEM32;C:\WINDOWS\WinSxS\amd64_microsoft.windows.common-controls_6595b64144ccf1df_6.0.26100.6899_none_3e0efeeae32e88c1;C:\Program Files\Java\jdk-17\bin\server;C:\Users\Laptop K1\.gradle\native\1def1411415f61bf3af743bc5b6707747c0891f09f0c88961ee8f79bc544acac\windows-amd64;C:\Users\Laptop K1\.gradle\native\0.2.7\x86_64-windows-gnu

VM Arguments:
jvm_args: --add-opens=java.base/java.lang=ALL-UNNAMED --add-opens=java.base/java.lang.invoke=ALL-UNNAMED --add-opens=java.base/java.util=ALL-UNNAMED --add-opens=java.prefs/java.util.prefs=ALL-UNNAMED --add-exports=jdk.compiler/com.sun.tools.javac.api=ALL-UNNAMED --add-exports=jdk.compiler/com.sun.tools.javac.util=ALL-UNNAMED --add-opens=java.base/java.util=ALL-UNNAMED --add-opens=java.prefs/java.util.prefs=ALL-UNNAMED --add-opens=java.base/java.nio.charset=ALL-UNNAMED --add-opens=java.base/java.net=ALL-UNNAMED --add-opens=java.base/java.util.concurrent.atomic=ALL-UNNAMED --add-opens=java.xml/javax.xml.namespace=ALL-UNNAMED -Xmx2048m -Dfile.encoding=UTF-8 -Duser.country=US -Duser.language=en -Duser.variant -javaagent:C:\Users\Laptop K1\.gradle\wrapper\dists\gradle-8.13-bin\5xuhj0ry160q40clulazy9h7d\gradle-8.13\lib\agents\gradle-instrumentation-agent-8.13.jar 
java_command: org.gradle.launcher.daemon.bootstrap.GradleDaemon 8.13
java_class_path (initial): C:\Users\Laptop K1\.gradle\wrapper\dists\gradle-8.13-bin\5xuhj0ry160q40clulazy9h7d\gradle-8.13\lib\gradle-daemon-main-8.13.jar
Launcher Type: SUN_STANDARD

[Global flags]
     intx CICompilerCount                          = 12                                        {product} {ergonomic}
     uint ConcGCThreads                            = 3                                         {product} {ergonomic}
     uint G1ConcRefinementThreads                  = 13                                        {product} {ergonomic}
   size_t G1HeapRegionSize                         = 1048576                                   {product} {ergonomic}
    uintx GCDrainStackTargetSize                   = 64                                        {product} {ergonomic}
   size_t InitialHeapSize                          = 266338304                                 {product} {ergonomic}
   size_t MarkStackSize                            = 4194304                                   {product} {ergonomic}
   size_t MaxHeapSize                              = 2147483648                                {product} {command line}
   size_t MaxNewSize                               = 1287651328                                {product} {ergonomic}
   size_t MinHeapDeltaBytes                        = 1048576                                   {product} {ergonomic}
   size_t MinHeapSize                              = 8388608                                   {product} {ergonomic}
    uintx NonNMethodCodeHeapSize                   = 7602480                                {pd product} {ergonomic}
    uintx NonProfiledCodeHeapSize                  = 122027880                              {pd product} {ergonomic}
    uintx ProfiledCodeHeapSize                     = 122027880                              {pd product} {ergonomic}
    uintx ReservedCodeCacheSize                    = 251658240                              {pd product} {ergonomic}
     bool SegmentedCodeCache                       = true                                      {product} {ergonomic}
   size_t SoftMaxHeapSize                          = 2147483648                             {manageable} {ergonomic}
     bool UseCompressedClassPointers               = true                           {product lp64_product} {ergonomic}
     bool UseCompressedOops                        = true                           {product lp64_product} {ergonomic}
     bool UseG1GC                                  = true                                      {product} {ergonomic}
     bool UseLargePagesIndividualAllocation        = false                                  {pd product} {ergonomic}

Logging:
Log output configuration:
 #0: stdout all=warning uptime,level,tags
 #1: stderr all=off uptime,level,tags

Environment Variables:
CLASSPATH=E:\HocTap\Ky8\PRM392\AppThiLaiXe\\gradle\wrapper\gradle-wrapper.jar
PATH=C:\Python312\Scripts\;C:\Python312\;C:\Program Files\Common Files\Oracle\Java\javapath;C:\Program Files (x86)\Common Files\Oracle\Java\javapath;C:\WINDOWS\system32;C:\WINDOWS;C:\WINDOWS\System32\Wbem;C:\WINDOWS\System32\WindowsPowerShell\v1.0\;C:\WINDOWS\System32\OpenSSH\;C:\Program Files\Common Files\Autodesk Shared\;C:\Program Files\Microsoft SQL Server\120\Tools\Binn\;C:\Program Files (x86)\Microsoft SQL Server\160\DTS\Binn\;C:\Program Files\Azure Data Studio\bin;C:\Program Files\dotnet\;C:\Program Files (x86)\Microsoft SQL Server\160\Tools\Binn\;C:\Program Files\Microsoft SQL Server\160\Tools\Binn\;C:\Program Files\Microsoft SQL Server\Client SDK\ODBC\170\Tools\Binn\;C:\Program Files\Microsoft SQL Server\160\DTS\Binn\;C:\ProgramData\chocolatey\bin;C:\Program Files\Git\cmd;C:\Program Files (x86)\NVIDIA Corporation\PhysX\Common;C:\Program Files\NVIDIA Corporation\NVIDIA app\NvDLISR;C:\WINDOWS\system32;C:\WINDOWS;C:\WINDOWS\System32\Wbem;C:\WINDOWS\System32\WindowsPowerShell\v1.0\;C:\WINDOWS\System32\OpenSSH\;E:\Node\nvm;E:\Node\nodejs;e:\cursor\resources\app\bin;C:\Program Files\Cloudflare\Cloudflare WARP\;C:\Program Files\Docker\Docker\resources\bin;C:\Users\Laptop K1\.console-ninja\.bin;C:\Users\Laptop K1\AppData\Local\Microsoft\WindowsApps;C:\Program Files\Azure Data Studio\bin;C:\Users\Laptop K1\AppData\Local\GitHubDesktop\bin;C:\Users\Laptop K1\AppData\Roaming\npm;C:\Users\Laptop K1\AppData\Local\Microsoft\WindowsApps;E:\Node\nvm;E:\Node\nodejs;E:\cursor\resources\app\bin;C:\Users\Laptop K1\AppData\Local\Programs\Microsoft VS Code\bin
USERNAME=Laptop K1
OS=Windows_NT
PROCESSOR_IDENTIFIER=Intel64 Family 6 Model 141 Stepping 1, GenuineIntel



---------------  S Y S T E M  ---------------

OS:
 Windows 11 , 64 bit Build 26100 (10.0.26100.6725)
OS uptime: 0 days 0:52 hours
Hyper-V role detected

CPU: total 16 (initial active 16) (8 cores per cpu, 2 threads per core) family 6 model 141 stepping 1 microcode 0x50, cx8, cmov, fxsr, ht, mmx, 3dnowpref, sse, sse2, sse3, ssse3, sse4.1, sse4.2, popcnt, lzcnt, tsc, tscinvbit, avx, avx2, aes, erms, clmul, bmi1, bmi2, adx, avx512f, avx512dq, avx512cd, avx512bw, avx512vl, sha, fma, vzeroupper, avx512_vpopcntdq, avx512_vpclmulqdq, avx512_vaes, avx512_vnni, clflush, clflushopt, clwb, avx512_vbmi2, avx512_vbmi, hv

Memory: 4k page, system-wide physical 16167M (1692M free)
TotalPageFile size 20496M (AvailPageFile size 5M)
current process WorkingSet (physical memory assigned to process): 445M, peak: 458M
current process commit charge ("private bytes"): 498M, peak: 511M

vm_info: Java HotSpot(TM) 64-Bit Server VM (17.0.9+11-LTS-201) for windows-amd64 JRE (17.0.9+11-LTS-201), built on Oct 10 2023 23:16:06 by "mach5one" with MS VC++ 17.1 (VS2022)

END.
